#
# There is insufficient memory for the Java Runtime Environment to continue.
# Native memory allocation (malloc) failed to allocate 1937600 bytes. Error detail: Chunk::new
# Possible reasons:
#   The system is out of physical RAM or swap space
#   This process is running with CompressedOops enabled, and the Java Heap may be blocking the growth of the native heap
# Possible solutions:
#   Reduce memory load on the system
#   Increase physical memory or swap space
#   Check if swap backing store is full
#   Decrease Java heap size (-Xmx/-Xms)
#   Decrease number of Java threads
#   Decrease Java thread stack sizes (-Xss)
#   Set larger code cache with -XX:ReservedCodeCacheSize=
#   JVM is running with Zero Based Compressed Oops mode in which the Java heap is
#     placed in the first 32GB address space. The Java Heap base address is the
#     maximum limit for the native heap growth. Please use -XX:HeapBaseMinAddress
#     to set the Java Heap base and to place the Java Heap above 32GB virtual address.
# This output file may be truncated or incomplete.
#
#  Out of Memory Error (arena.cpp:191), pid=12348, tid=38632
#
# JRE version: OpenJDK Runtime Environment JBR-17.0.14+1-1367.22-nomod (17.0.14+1) (build 17.0.14+1-b1367.22)
# Java VM: OpenJDK 64-Bit Server VM JBR-17.0.14+1-1367.22-nomod (17.0.14+1-b1367.22, mixed mode, sharing, tiered, compressed oops, compressed class ptrs, g1 gc, windows-amd64)
# No core dump will be written. Minidumps are not enabled by default on client versions of Windows
#

---------------  S U M M A R Y ------------

Command Line: -Dmaven.multiModuleProjectDirectory=D:\Desktop\branchSemah\EventPlanner-3A1\EventPlanner -Djansi.passthrough=true -Dmaven.home=C:\Users\HP\JetBrains\IntelliJ IDEA 2024.2.1\plugins\maven\lib\maven3 -Dclassworlds.conf=C:\Users\HP\JetBrains\IntelliJ IDEA 2024.2.1\plugins\maven\lib\maven3\bin\m2.conf -Dmaven.ext.class.path=C:\Users\HP\JetBrains\IntelliJ IDEA 2024.2.1\plugins\maven\lib\maven-event-listener.jar -javaagent:C:\Users\HP\JetBrains\IntelliJ IDEA 2024.2.1\lib\idea_rt.jar=62774:C:\Users\HP\JetBrains\IntelliJ IDEA 2024.2.1\bin -Dfile.encoding=UTF-8 org.codehaus.classworlds.Launcher -Didea.version=2024.2.1 org.openjfx:javafx-maven-plugin:0.0.8:run

Host: AMD Ryzen 7 4800H with Radeon Graphics         , 16 cores, 31G,  Windows 10 , 64 bit Build 19041 (10.0.19041.5438)
Time: Mon Mar  3 22:06:09 2025 Maroc elapsed time: 4.942595 seconds (0d 0h 0m 4s)

---------------  T H R E A D  ---------------

Current thread (0x00000250e6268060):  JavaThread "C2 CompilerThread5" daemon [_thread_in_native, id=38632, stack(0x000000aa77c00000,0x000000aa77d00000)]


Current CompileTask:
C2:   4942 5341   !   4       com.google.inject.spi.InjectionPoint::getInjectionPoints (491 bytes)

Stack: [0x000000aa77c00000,0x000000aa77d00000]
Native frames: (J=compiled Java code, j=interpreted, Vv=VM code, C=native code)
V  [jvm.dll+0x68b969]


---------------  P R O C E S S  ---------------

Threads class SMR info:
_java_thread_list=0x00000250e78e5740, length=25, elements={
0x00000250f57e9b40, 0x00000250fca03cd0, 0x00000250fca04b50, 0x00000250fca14510,
0x00000250fca1aff0, 0x00000250fca1b9b0, 0x00000250fca1d780, 0x00000250fca1e470,
0x00000250fca26e80, 0x00000250fca335f0, 0x000002509ec2e980, 0x00000250fc9ec900,
0x000002509ec7ef00, 0x000002509ec87fc0, 0x000002509ed0d180, 0x000002509ed109c0,
0x00000250e0410160, 0x00000250e50bcf00, 0x00000250e50bd420, 0x00000250e563c9e0,
0x00000250e77e8010, 0x00000250e6268060, 0x00000250e03eaa50, 0x00000250e03e81d0,
0x00000250e03eaf60
}

Java Threads: ( => current thread )
  0x00000250f57e9b40 JavaThread "main" [_thread_in_native, id=35436, stack(0x000000aa76000000,0x000000aa76100000)]
  0x00000250fca03cd0 JavaThread "Reference Handler" daemon [_thread_blocked, id=15504, stack(0x000000aa76700000,0x000000aa76800000)]
  0x00000250fca04b50 JavaThread "Finalizer" daemon [_thread_blocked, id=15772, stack(0x000000aa76800000,0x000000aa76900000)]
  0x00000250fca14510 JavaThread "Signal Dispatcher" daemon [_thread_blocked, id=10000, stack(0x000000aa76900000,0x000000aa76a00000)]
  0x00000250fca1aff0 JavaThread "Attach Listener" daemon [_thread_blocked, id=17232, stack(0x000000aa76a00000,0x000000aa76b00000)]
  0x00000250fca1b9b0 JavaThread "Service Thread" daemon [_thread_blocked, id=34964, stack(0x000000aa76b00000,0x000000aa76c00000)]
  0x00000250fca1d780 JavaThread "Monitor Deflation Thread" daemon [_thread_blocked, id=2184, stack(0x000000aa76c00000,0x000000aa76d00000)]
  0x00000250fca1e470 JavaThread "C2 CompilerThread0" daemon [_thread_blocked, id=25464, stack(0x000000aa76d00000,0x000000aa76e00000)]
  0x00000250fca26e80 JavaThread "C1 CompilerThread0" daemon [_thread_blocked, id=23444, stack(0x000000aa76e00000,0x000000aa76f00000)]
  0x00000250fca335f0 JavaThread "Sweeper thread" daemon [_thread_blocked, id=11572, stack(0x000000aa76f00000,0x000000aa77000000)]
  0x000002509ec2e980 JavaThread "Common-Cleaner" daemon [_thread_blocked, id=26896, stack(0x000000aa77000000,0x000000aa77100000)]
  0x00000250fc9ec900 JavaThread "C1 CompilerThread1" daemon [_thread_blocked, id=30924, stack(0x000000aa77100000,0x000000aa77200000)]
  0x000002509ec7ef00 JavaThread "C1 CompilerThread2" daemon [_thread_blocked, id=29036, stack(0x000000aa77200000,0x000000aa77300000)]
  0x000002509ec87fc0 JavaThread "C2 CompilerThread1" daemon [_thread_blocked, id=18592, stack(0x000000aa77300000,0x000000aa77400000)]
  0x000002509ed0d180 JavaThread "Monitor Ctrl-Break" daemon [_thread_in_native, id=36472, stack(0x000000aa77400000,0x000000aa77500000)]
  0x000002509ed109c0 JavaThread "Notification Thread" daemon [_thread_blocked, id=27988, stack(0x000000aa77500000,0x000000aa77600000)]
  0x00000250e0410160 JavaThread "C1 CompilerThread3" daemon [_thread_blocked, id=14012, stack(0x000000aa77700000,0x000000aa77800000)]
  0x00000250e50bcf00 JavaThread "C2 CompilerThread2" daemon [_thread_blocked, id=5856, stack(0x000000aa77800000,0x000000aa77900000)]
  0x00000250e50bd420 JavaThread "C2 CompilerThread3" daemon [_thread_blocked, id=16076, stack(0x000000aa77900000,0x000000aa77a00000)]
  0x00000250e563c9e0 JavaThread "Thread-1" daemon [_thread_blocked, id=35776, stack(0x000000aa77a00000,0x000000aa77b00000)]
  0x00000250e77e8010 JavaThread "C2 CompilerThread4" daemon [_thread_blocked, id=1212, stack(0x000000aa77b00000,0x000000aa77c00000)]
=>0x00000250e6268060 JavaThread "C2 CompilerThread5" daemon [_thread_in_native, id=38632, stack(0x000000aa77c00000,0x000000aa77d00000)]
  0x00000250e03eaa50 JavaThread "Exec Stream Pumper" daemon [_thread_in_native, id=1160, stack(0x000000aa77d00000,0x000000aa77e00000)]
  0x00000250e03e81d0 JavaThread "Exec Stream Pumper" daemon [_thread_in_native, id=37096, stack(0x000000aa78900000,0x000000aa78a00000)]
  0x00000250e03eaf60 JavaThread "Exec Input Stream Pumper" daemon [_thread_blocked, id=22464, stack(0x000000aa78a00000,0x000000aa78b00000)]

Other Threads:
  0x00000250fc9fe630 VMThread "VM Thread" [stack: 0x000000aa76600000,0x000000aa76700000] [id=29140]
  0x00000250f57eab00 WatcherThread [stack: 0x000000aa77600000,0x000000aa77700000] [id=28108]
  0x00000250f5893ca0 GCTaskThread "GC Thread#0" [stack: 0x000000aa76100000,0x000000aa76200000] [id=25164]
  0x00000250e50b94e0 GCTaskThread "GC Thread#1" [stack: 0x000000aa77e00000,0x000000aa77f00000] [id=19520]
  0x00000250e50b8ca0 GCTaskThread "GC Thread#2" [stack: 0x000000aa77f00000,0x000000aa78000000] [id=38036]
  0x00000250e50b9fe0 GCTaskThread "GC Thread#3" [stack: 0x000000aa78000000,0x000000aa78100000] [id=15584]
  0x00000250e50ba2a0 GCTaskThread "GC Thread#4" [stack: 0x000000aa78100000,0x000000aa78200000] [id=3236]
  0x00000250e50b8f60 GCTaskThread "GC Thread#5" [stack: 0x000000aa78200000,0x000000aa78300000] [id=37680]
  0x00000250e50b97a0 GCTaskThread "GC Thread#6" [stack: 0x000000aa78300000,0x000000aa78400000] [id=12400]
  0x00000250e50ba560 GCTaskThread "GC Thread#7" [stack: 0x000000aa78400000,0x000000aa78500000] [id=14984]
  0x00000250e50b89e0 GCTaskThread "GC Thread#8" [stack: 0x000000aa78500000,0x000000aa78600000] [id=37488]
  0x00000250e50b9220 GCTaskThread "GC Thread#9" [stack: 0x000000aa78600000,0x000000aa78700000] [id=11208]
  0x00000250e50b9a60 GCTaskThread "GC Thread#10" [stack: 0x000000aa78700000,0x000000aa78800000] [id=36464]
  0x00000250e50b9d20 GCTaskThread "GC Thread#11" [stack: 0x000000aa78800000,0x000000aa78900000] [id=14232]
  0x00000250fc847e20 ConcurrentGCThread "G1 Main Marker" [stack: 0x000000aa76200000,0x000000aa76300000] [id=4884]
  0x00000250fc848840 ConcurrentGCThread "G1 Conc#0" [stack: 0x000000aa76300000,0x000000aa76400000] [id=37312]
  0x00000250fc9352a0 ConcurrentGCThread "G1 Refine#0" [stack: 0x000000aa76400000,0x000000aa76500000] [id=35720]
  0x00000250fc937ce0 ConcurrentGCThread "G1 Service" [stack: 0x000000aa76500000,0x000000aa76600000] [id=22536]

Threads with active compile tasks:
C2 CompilerThread5     4959 5341   !   4       com.google.inject.spi.InjectionPoint::getInjectionPoints (491 bytes)

VM state: not at safepoint (normal execution)

VM Mutex/Monitor currently owned by a thread: None

Heap address: 0x000000060a000000, size: 8032 MB, Compressed Oops mode: Zero based, Oop shift amount: 3

CDS archive(s) mapped at: [0x000002509f000000-0x000002509fc00000-0x000002509fc00000), size 12582912, SharedBaseAddress: 0x000002509f000000, ArchiveRelocationMode: 1.
Compressed class space mapped at: 0x00000250a0000000-0x00000250e0000000, reserved size: 1073741824
Narrow klass base: 0x000002509f000000, Narrow klass shift: 0, Narrow klass range: 0x100000000

GC Precious Log:
 CPUs: 16 total, 16 available
 Memory: 32115M
 Large Page Support: Disabled
 NUMA Support: Disabled
 Compressed Oops: Enabled (Zero based)
 Heap Region Size: 4M
 Heap Min Capacity: 8M
 Heap Initial Capacity: 504M
 Heap Max Capacity: 8032M
 Pre-touch: Disabled
 Parallel Workers: 13
 Concurrent Workers: 3
 Concurrent Refinement Workers: 13
 Periodic GC: Disabled

Heap:
 garbage-first heap   total 516096K, used 193608K [0x000000060a000000, 0x0000000800000000)
  region size 4096K, 48 young (196608K), 1 survivors (4096K)
 Metaspace       used 20733K, committed 21056K, reserved 1114112K
  class space    used 2464K, committed 2624K, reserved 1048576K

Heap Regions: E=young(eden), S=young(survivor), O=old, HS=humongous(starts), HC=humongous(continues), CS=collection set, F=free, OA=open archive, CA=closed archive, TAMS=top-at-mark-start (previous, next)
|   0|0x000000060a000000, 0x000000060a378e00, 0x000000060a400000| 86%| O|  |TAMS 0x000000060a000000, 0x000000060a000000| Untracked 
|   1|0x000000060a400000, 0x000000060a400000, 0x000000060a800000|  0%| F|  |TAMS 0x000000060a400000, 0x000000060a400000| Untracked 
|   2|0x000000060a800000, 0x000000060a800000, 0x000000060ac00000|  0%| F|  |TAMS 0x000000060a800000, 0x000000060a800000| Untracked 
|   3|0x000000060ac00000, 0x000000060ac00000, 0x000000060b000000|  0%| F|  |TAMS 0x000000060ac00000, 0x000000060ac00000| Untracked 
|   4|0x000000060b000000, 0x000000060b000000, 0x000000060b400000|  0%| F|  |TAMS 0x000000060b000000, 0x000000060b000000| Untracked 
|   5|0x000000060b400000, 0x000000060b400000, 0x000000060b800000|  0%| F|  |TAMS 0x000000060b400000, 0x000000060b400000| Untracked 
|   6|0x000000060b800000, 0x000000060b800000, 0x000000060bc00000|  0%| F|  |TAMS 0x000000060b800000, 0x000000060b800000| Untracked 
|   7|0x000000060bc00000, 0x000000060bc00000, 0x000000060c000000|  0%| F|  |TAMS 0x000000060bc00000, 0x000000060bc00000| Untracked 
|   8|0x000000060c000000, 0x000000060c000000, 0x000000060c400000|  0%| F|  |TAMS 0x000000060c000000, 0x000000060c000000| Untracked 
|   9|0x000000060c400000, 0x000000060c400000, 0x000000060c800000|  0%| F|  |TAMS 0x000000060c400000, 0x000000060c400000| Untracked 
|  10|0x000000060c800000, 0x000000060c800000, 0x000000060cc00000|  0%| F|  |TAMS 0x000000060c800000, 0x000000060c800000| Untracked 
|  11|0x000000060cc00000, 0x000000060cc00000, 0x000000060d000000|  0%| F|  |TAMS 0x000000060cc00000, 0x000000060cc00000| Untracked 
|  12|0x000000060d000000, 0x000000060d000000, 0x000000060d400000|  0%| F|  |TAMS 0x000000060d000000, 0x000000060d000000| Untracked 
|  13|0x000000060d400000, 0x000000060d400000, 0x000000060d800000|  0%| F|  |TAMS 0x000000060d400000, 0x000000060d400000| Untracked 
|  14|0x000000060d800000, 0x000000060d800000, 0x000000060dc00000|  0%| F|  |TAMS 0x000000060d800000, 0x000000060d800000| Untracked 
|  15|0x000000060dc00000, 0x000000060dc00000, 0x000000060e000000|  0%| F|  |TAMS 0x000000060dc00000, 0x000000060dc00000| Untracked 
|  16|0x000000060e000000, 0x000000060e000000, 0x000000060e400000|  0%| F|  |TAMS 0x000000060e000000, 0x000000060e000000| Untracked 
|  17|0x000000060e400000, 0x000000060e400000, 0x000000060e800000|  0%| F|  |TAMS 0x000000060e400000, 0x000000060e400000| Untracked 
|  18|0x000000060e800000, 0x000000060e800000, 0x000000060ec00000|  0%| F|  |TAMS 0x000000060e800000, 0x000000060e800000| Untracked 
|  19|0x000000060ec00000, 0x000000060ec00000, 0x000000060f000000|  0%| F|  |TAMS 0x000000060ec00000, 0x000000060ec00000| Untracked 
|  20|0x000000060f000000, 0x000000060f000000, 0x000000060f400000|  0%| F|  |TAMS 0x000000060f000000, 0x000000060f000000| Untracked 
|  21|0x000000060f400000, 0x000000060f400000, 0x000000060f800000|  0%| F|  |TAMS 0x000000060f400000, 0x000000060f400000| Untracked 
|  22|0x000000060f800000, 0x000000060f800000, 0x000000060fc00000|  0%| F|  |TAMS 0x000000060f800000, 0x000000060f800000| Untracked 
|  23|0x000000060fc00000, 0x000000060fc00000, 0x0000000610000000|  0%| F|  |TAMS 0x000000060fc00000, 0x000000060fc00000| Untracked 
|  24|0x0000000610000000, 0x0000000610000000, 0x0000000610400000|  0%| F|  |TAMS 0x0000000610000000, 0x0000000610000000| Untracked 
|  25|0x0000000610400000, 0x0000000610400000, 0x0000000610800000|  0%| F|  |TAMS 0x0000000610400000, 0x0000000610400000| Untracked 
|  26|0x0000000610800000, 0x0000000610800000, 0x0000000610c00000|  0%| F|  |TAMS 0x0000000610800000, 0x0000000610800000| Untracked 
|  27|0x0000000610c00000, 0x0000000610c00000, 0x0000000611000000|  0%| F|  |TAMS 0x0000000610c00000, 0x0000000610c00000| Untracked 
|  28|0x0000000611000000, 0x0000000611000000, 0x0000000611400000|  0%| F|  |TAMS 0x0000000611000000, 0x0000000611000000| Untracked 
|  29|0x0000000611400000, 0x0000000611400000, 0x0000000611800000|  0%| F|  |TAMS 0x0000000611400000, 0x0000000611400000| Untracked 
|  30|0x0000000611800000, 0x0000000611800000, 0x0000000611c00000|  0%| F|  |TAMS 0x0000000611800000, 0x0000000611800000| Untracked 
|  31|0x0000000611c00000, 0x0000000611c00000, 0x0000000612000000|  0%| F|  |TAMS 0x0000000611c00000, 0x0000000611c00000| Untracked 
|  32|0x0000000612000000, 0x0000000612000000, 0x0000000612400000|  0%| F|  |TAMS 0x0000000612000000, 0x0000000612000000| Untracked 
|  33|0x0000000612400000, 0x0000000612400000, 0x0000000612800000|  0%| F|  |TAMS 0x0000000612400000, 0x0000000612400000| Untracked 
|  34|0x0000000612800000, 0x0000000612800000, 0x0000000612c00000|  0%| F|  |TAMS 0x0000000612800000, 0x0000000612800000| Untracked 
|  35|0x0000000612c00000, 0x0000000612c00000, 0x0000000613000000|  0%| F|  |TAMS 0x0000000612c00000, 0x0000000612c00000| Untracked 
|  36|0x0000000613000000, 0x0000000613000000, 0x0000000613400000|  0%| F|  |TAMS 0x0000000613000000, 0x0000000613000000| Untracked 
|  37|0x0000000613400000, 0x0000000613400000, 0x0000000613800000|  0%| F|  |TAMS 0x0000000613400000, 0x0000000613400000| Untracked 
|  38|0x0000000613800000, 0x0000000613800000, 0x0000000613c00000|  0%| F|  |TAMS 0x0000000613800000, 0x0000000613800000| Untracked 
|  39|0x0000000613c00000, 0x0000000613c00000, 0x0000000614000000|  0%| F|  |TAMS 0x0000000613c00000, 0x0000000613c00000| Untracked 
|  40|0x0000000614000000, 0x0000000614000000, 0x0000000614400000|  0%| F|  |TAMS 0x0000000614000000, 0x0000000614000000| Untracked 
|  41|0x0000000614400000, 0x0000000614400000, 0x0000000614800000|  0%| F|  |TAMS 0x0000000614400000, 0x0000000614400000| Untracked 
|  42|0x0000000614800000, 0x0000000614800000, 0x0000000614c00000|  0%| F|  |TAMS 0x0000000614800000, 0x0000000614800000| Untracked 
|  43|0x0000000614c00000, 0x0000000614c00000, 0x0000000615000000|  0%| F|  |TAMS 0x0000000614c00000, 0x0000000614c00000| Untracked 
|  44|0x0000000615000000, 0x0000000615000000, 0x0000000615400000|  0%| F|  |TAMS 0x0000000615000000, 0x0000000615000000| Untracked 
|  45|0x0000000615400000, 0x0000000615400000, 0x0000000615800000|  0%| F|  |TAMS 0x0000000615400000, 0x0000000615400000| Untracked 
|  46|0x0000000615800000, 0x0000000615800000, 0x0000000615c00000|  0%| F|  |TAMS 0x0000000615800000, 0x0000000615800000| Untracked 
|  47|0x0000000615c00000, 0x0000000615c00000, 0x0000000616000000|  0%| F|  |TAMS 0x0000000615c00000, 0x0000000615c00000| Untracked 
|  48|0x0000000616000000, 0x0000000616000000, 0x0000000616400000|  0%| F|  |TAMS 0x0000000616000000, 0x0000000616000000| Untracked 
|  49|0x0000000616400000, 0x0000000616400000, 0x0000000616800000|  0%| F|  |TAMS 0x0000000616400000, 0x0000000616400000| Untracked 
|  50|0x0000000616800000, 0x0000000616800000, 0x0000000616c00000|  0%| F|  |TAMS 0x0000000616800000, 0x0000000616800000| Untracked 
|  51|0x0000000616c00000, 0x0000000616c00000, 0x0000000617000000|  0%| F|  |TAMS 0x0000000616c00000, 0x0000000616c00000| Untracked 
|  52|0x0000000617000000, 0x0000000617000000, 0x0000000617400000|  0%| F|  |TAMS 0x0000000617000000, 0x0000000617000000| Untracked 
|  53|0x0000000617400000, 0x0000000617400000, 0x0000000617800000|  0%| F|  |TAMS 0x0000000617400000, 0x0000000617400000| Untracked 
|  54|0x0000000617800000, 0x0000000617800000, 0x0000000617c00000|  0%| F|  |TAMS 0x0000000617800000, 0x0000000617800000| Untracked 
|  55|0x0000000617c00000, 0x0000000617c00000, 0x0000000618000000|  0%| F|  |TAMS 0x0000000617c00000, 0x0000000617c00000| Untracked 
|  56|0x0000000618000000, 0x0000000618000000, 0x0000000618400000|  0%| F|  |TAMS 0x0000000618000000, 0x0000000618000000| Untracked 
|  57|0x0000000618400000, 0x0000000618400000, 0x0000000618800000|  0%| F|  |TAMS 0x0000000618400000, 0x0000000618400000| Untracked 
|  58|0x0000000618800000, 0x0000000618800000, 0x0000000618c00000|  0%| F|  |TAMS 0x0000000618800000, 0x0000000618800000| Untracked 
|  59|0x0000000618c00000, 0x0000000618c00000, 0x0000000619000000|  0%| F|  |TAMS 0x0000000618c00000, 0x0000000618c00000| Untracked 
|  60|0x0000000619000000, 0x0000000619000000, 0x0000000619400000|  0%| F|  |TAMS 0x0000000619000000, 0x0000000619000000| Untracked 
|  61|0x0000000619400000, 0x0000000619400000, 0x0000000619800000|  0%| F|  |TAMS 0x0000000619400000, 0x0000000619400000| Untracked 
|  62|0x0000000619800000, 0x0000000619800000, 0x0000000619c00000|  0%| F|  |TAMS 0x0000000619800000, 0x0000000619800000| Untracked 
|  63|0x0000000619c00000, 0x0000000619c00000, 0x000000061a000000|  0%| F|  |TAMS 0x0000000619c00000, 0x0000000619c00000| Untracked 
|  64|0x000000061a000000, 0x000000061a000000, 0x000000061a400000|  0%| F|  |TAMS 0x000000061a000000, 0x000000061a000000| Untracked 
|  65|0x000000061a400000, 0x000000061a400000, 0x000000061a800000|  0%| F|  |TAMS 0x000000061a400000, 0x000000061a400000| Untracked 
|  66|0x000000061a800000, 0x000000061a800000, 0x000000061ac00000|  0%| F|  |TAMS 0x000000061a800000, 0x000000061a800000| Untracked 
|  67|0x000000061ac00000, 0x000000061ac00000, 0x000000061b000000|  0%| F|  |TAMS 0x000000061ac00000, 0x000000061ac00000| Untracked 
|  68|0x000000061b000000, 0x000000061b000000, 0x000000061b400000|  0%| F|  |TAMS 0x000000061b000000, 0x000000061b000000| Untracked 
|  69|0x000000061b400000, 0x000000061b400000, 0x000000061b800000|  0%| F|  |TAMS 0x000000061b400000, 0x000000061b400000| Untracked 
|  70|0x000000061b800000, 0x000000061b800000, 0x000000061bc00000|  0%| F|  |TAMS 0x000000061b800000, 0x000000061b800000| Untracked 
|  71|0x000000061bc00000, 0x000000061bc00000, 0x000000061c000000|  0%| F|  |TAMS 0x000000061bc00000, 0x000000061bc00000| Untracked 
|  72|0x000000061c000000, 0x000000061c000000, 0x000000061c400000|  0%| F|  |TAMS 0x000000061c000000, 0x000000061c000000| Untracked 
|  73|0x000000061c400000, 0x000000061c400000, 0x000000061c800000|  0%| F|  |TAMS 0x000000061c400000, 0x000000061c400000| Untracked 
|  74|0x000000061c800000, 0x000000061c800000, 0x000000061cc00000|  0%| F|  |TAMS 0x000000061c800000, 0x000000061c800000| Untracked 
|  75|0x000000061cc00000, 0x000000061cc00000, 0x000000061d000000|  0%| F|  |TAMS 0x000000061cc00000, 0x000000061cc00000| Untracked 
|  76|0x000000061d000000, 0x000000061d000000, 0x000000061d400000|  0%| F|  |TAMS 0x000000061d000000, 0x000000061d000000| Untracked 
|  77|0x000000061d400000, 0x000000061d400000, 0x000000061d800000|  0%| F|  |TAMS 0x000000061d400000, 0x000000061d400000| Untracked 
|  78|0x000000061d800000, 0x000000061dc00000, 0x000000061dc00000|100%| E|  |TAMS 0x000000061d800000, 0x000000061d800000| Complete 
|  79|0x000000061dc00000, 0x000000061e000000, 0x000000061e000000|100%| E|CS|TAMS 0x000000061dc00000, 0x000000061dc00000| Complete 
|  80|0x000000061e000000, 0x000000061e400000, 0x000000061e400000|100%| E|CS|TAMS 0x000000061e000000, 0x000000061e000000| Complete 
|  81|0x000000061e400000, 0x000000061e800000, 0x000000061e800000|100%| E|CS|TAMS 0x000000061e400000, 0x000000061e400000| Complete 
|  82|0x000000061e800000, 0x000000061ec00000, 0x000000061ec00000|100%| E|CS|TAMS 0x000000061e800000, 0x000000061e800000| Complete 
|  83|0x000000061ec00000, 0x000000061f000000, 0x000000061f000000|100%| E|CS|TAMS 0x000000061ec00000, 0x000000061ec00000| Complete 
|  84|0x000000061f000000, 0x000000061f400000, 0x000000061f400000|100%| E|CS|TAMS 0x000000061f000000, 0x000000061f000000| Complete 
|  85|0x000000061f400000, 0x000000061f800000, 0x000000061f800000|100%| E|CS|TAMS 0x000000061f400000, 0x000000061f400000| Complete 
|  86|0x000000061f800000, 0x000000061fc00000, 0x000000061fc00000|100%| E|CS|TAMS 0x000000061f800000, 0x000000061f800000| Complete 
|  87|0x000000061fc00000, 0x0000000620000000, 0x0000000620000000|100%| E|CS|TAMS 0x000000061fc00000, 0x000000061fc00000| Complete 
|  88|0x0000000620000000, 0x0000000620400000, 0x0000000620400000|100%| E|CS|TAMS 0x0000000620000000, 0x0000000620000000| Complete 
|  89|0x0000000620400000, 0x0000000620800000, 0x0000000620800000|100%| E|CS|TAMS 0x0000000620400000, 0x0000000620400000| Complete 
|  90|0x0000000620800000, 0x0000000620c00000, 0x0000000620c00000|100%| E|CS|TAMS 0x0000000620800000, 0x0000000620800000| Complete 
|  91|0x0000000620c00000, 0x0000000621000000, 0x0000000621000000|100%| E|CS|TAMS 0x0000000620c00000, 0x0000000620c00000| Complete 
|  92|0x0000000621000000, 0x0000000621400000, 0x0000000621400000|100%| E|CS|TAMS 0x0000000621000000, 0x0000000621000000| Complete 
|  93|0x0000000621400000, 0x0000000621800000, 0x0000000621800000|100%| E|CS|TAMS 0x0000000621400000, 0x0000000621400000| Complete 
|  94|0x0000000621800000, 0x0000000621c00000, 0x0000000621c00000|100%| E|CS|TAMS 0x0000000621800000, 0x0000000621800000| Complete 
|  95|0x0000000621c00000, 0x0000000622000000, 0x0000000622000000|100%| E|CS|TAMS 0x0000000621c00000, 0x0000000621c00000| Complete 
|  96|0x0000000622000000, 0x0000000622400000, 0x0000000622400000|100%| E|CS|TAMS 0x0000000622000000, 0x0000000622000000| Complete 
|  97|0x0000000622400000, 0x0000000622800000, 0x0000000622800000|100%| E|CS|TAMS 0x0000000622400000, 0x0000000622400000| Complete 
|  98|0x0000000622800000, 0x0000000622c00000, 0x0000000622c00000|100%| E|CS|TAMS 0x0000000622800000, 0x0000000622800000| Complete 
|  99|0x0000000622c00000, 0x0000000623000000, 0x0000000623000000|100%| E|CS|TAMS 0x0000000622c00000, 0x0000000622c00000| Complete 
| 100|0x0000000623000000, 0x0000000623400000, 0x0000000623400000|100%| E|CS|TAMS 0x0000000623000000, 0x0000000623000000| Complete 
| 101|0x0000000623400000, 0x0000000623800000, 0x0000000623800000|100%| E|CS|TAMS 0x0000000623400000, 0x0000000623400000| Complete 
| 102|0x0000000623800000, 0x0000000623c00000, 0x0000000623c00000|100%| E|CS|TAMS 0x0000000623800000, 0x0000000623800000| Complete 
| 103|0x0000000623c00000, 0x0000000624000000, 0x0000000624000000|100%| E|CS|TAMS 0x0000000623c00000, 0x0000000623c00000| Complete 
| 104|0x0000000624000000, 0x0000000624400000, 0x0000000624400000|100%| E|CS|TAMS 0x0000000624000000, 0x0000000624000000| Complete 
| 105|0x0000000624400000, 0x0000000624800000, 0x0000000624800000|100%| E|CS|TAMS 0x0000000624400000, 0x0000000624400000| Complete 
| 106|0x0000000624800000, 0x0000000624c00000, 0x0000000624c00000|100%| E|CS|TAMS 0x0000000624800000, 0x0000000624800000| Complete 
| 107|0x0000000624c00000, 0x0000000625000000, 0x0000000625000000|100%| E|CS|TAMS 0x0000000624c00000, 0x0000000624c00000| Complete 
| 108|0x0000000625000000, 0x0000000625400000, 0x0000000625400000|100%| E|CS|TAMS 0x0000000625000000, 0x0000000625000000| Complete 
| 109|0x0000000625400000, 0x0000000625800000, 0x0000000625800000|100%| E|CS|TAMS 0x0000000625400000, 0x0000000625400000| Complete 
| 110|0x0000000625800000, 0x0000000625c00000, 0x0000000625c00000|100%| E|CS|TAMS 0x0000000625800000, 0x0000000625800000| Complete 
| 111|0x0000000625c00000, 0x0000000626000000, 0x0000000626000000|100%| E|CS|TAMS 0x0000000625c00000, 0x0000000625c00000| Complete 
| 112|0x0000000626000000, 0x0000000626400000, 0x0000000626400000|100%| E|CS|TAMS 0x0000000626000000, 0x0000000626000000| Complete 
| 113|0x0000000626400000, 0x0000000626800000, 0x0000000626800000|100%| E|CS|TAMS 0x0000000626400000, 0x0000000626400000| Complete 
| 114|0x0000000626800000, 0x0000000626c00000, 0x0000000626c00000|100%| E|CS|TAMS 0x0000000626800000, 0x0000000626800000| Complete 
| 115|0x0000000626c00000, 0x0000000627000000, 0x0000000627000000|100%| E|CS|TAMS 0x0000000626c00000, 0x0000000626c00000| Complete 
| 116|0x0000000627000000, 0x0000000627400000, 0x0000000627400000|100%| E|CS|TAMS 0x0000000627000000, 0x0000000627000000| Complete 
| 117|0x0000000627400000, 0x0000000627599328, 0x0000000627800000| 39%| S|CS|TAMS 0x0000000627400000, 0x0000000627400000| Complete 
| 118|0x0000000627800000, 0x0000000627c00000, 0x0000000627c00000|100%| E|CS|TAMS 0x0000000627800000, 0x0000000627800000| Complete 
| 119|0x0000000627c00000, 0x0000000628000000, 0x0000000628000000|100%| E|CS|TAMS 0x0000000627c00000, 0x0000000627c00000| Complete 
| 120|0x0000000628000000, 0x0000000628400000, 0x0000000628400000|100%| E|CS|TAMS 0x0000000628000000, 0x0000000628000000| Complete 
| 121|0x0000000628400000, 0x0000000628800000, 0x0000000628800000|100%| E|CS|TAMS 0x0000000628400000, 0x0000000628400000| Complete 
| 122|0x0000000628800000, 0x0000000628c00000, 0x0000000628c00000|100%| E|CS|TAMS 0x0000000628800000, 0x0000000628800000| Complete 
| 123|0x0000000628c00000, 0x0000000629000000, 0x0000000629000000|100%| E|CS|TAMS 0x0000000628c00000, 0x0000000628c00000| Complete 
| 124|0x0000000629000000, 0x0000000629400000, 0x0000000629400000|100%| E|CS|TAMS 0x0000000629000000, 0x0000000629000000| Complete 
| 125|0x0000000629400000, 0x0000000629800000, 0x0000000629800000|100%| E|CS|TAMS 0x0000000629400000, 0x0000000629400000| Complete 

Card table byte_map: [0x00000250fa810000,0x00000250fb7c0000] _byte_map_base: 0x00000250f77c0000

Marking Bits (Prev, Next): (CMBitMap*) 0x00000250f58942c0, (CMBitMap*) 0x00000250f5894300
 Prev Bits: [0x000002508f000000, 0x0000025096d80000)
 Next Bits: [0x0000025096d80000, 0x000002509eb00000)

Polling page: 0x00000250f4fa0000

Metaspace:

Usage:
  Non-class:     17.84 MB used.
      Class:      2.41 MB used.
       Both:     20.25 MB used.

Virtual space:
  Non-class space:       64.00 MB reserved,      18.00 MB ( 28%) committed,  1 nodes.
      Class space:        1.00 GB reserved,       2.56 MB ( <1%) committed,  1 nodes.
             Both:        1.06 GB reserved,      20.56 MB (  2%) committed. 

Chunk freelists:
   Non-Class:  14.04 MB
       Class:  13.43 MB
        Both:  27.47 MB

MaxMetaspaceSize: unlimited
CompressedClassSpaceSize: 1.00 GB
Initial GC threshold: 21.00 MB
Current GC threshold: 21.00 MB
CDS: on
MetaspaceReclaimPolicy: balanced
 - commit_granule_bytes: 65536.
 - commit_granule_words: 8192.
 - virtual_space_node_default_size: 8388608.
 - enlarge_chunks_in_place: 1.
 - new_chunks_are_fully_committed: 0.
 - uncommit_free_chunks: 1.
 - use_allocation_guard: 0.
 - handle_deallocations: 1.


Internal statistics:

num_allocs_failed_limit: 0.
num_arena_births: 144.
num_arena_deaths: 0.
num_vsnodes_births: 2.
num_vsnodes_deaths: 0.
num_space_committed: 329.
num_space_uncommitted: 0.
num_chunks_returned_to_freelist: 0.
num_chunks_taken_from_freelist: 912.
num_chunk_merges: 0.
num_chunk_splits: 588.
num_chunks_enlarged: 434.
num_inconsistent_stats: 0.

CodeHeap 'non-profiled nmethods': size=119168Kb used=2665Kb max_used=3101Kb free=116502Kb
 bounds [0x0000025087ba0000, 0x0000025087eb0000, 0x000002508f000000]
CodeHeap 'profiled nmethods': size=119104Kb used=9985Kb max_used=12339Kb free=109118Kb
 bounds [0x0000025080000000, 0x0000025080c10000, 0x0000025087450000]
CodeHeap 'non-nmethods': size=7488Kb used=2881Kb max_used=2943Kb free=4606Kb
 bounds [0x0000025087450000, 0x0000025087740000, 0x0000025087ba0000]
 total_blobs=5278 nmethods=4784 adapters=402
 compilation: enabled
              stopped_count=0, restarted_count=0
 full_count=0

Compilation events (20 events):
Event: 4.809 Thread 0x000002509ec87fc0 5535       4       java.lang.CharacterDataLatin1::getType (11 bytes)
Event: 4.809 Thread 0x000002509ec87fc0 nmethod 5535 0x0000025087bbf410 code [0x0000025087bbf580, 0x0000025087bbf638]
Event: 4.809 Thread 0x000002509ec87fc0 5532       4       java.lang.Character::isWhitespace (5 bytes)
Event: 4.811 Thread 0x000002509ec87fc0 nmethod 5532 0x0000025087bdd290 code [0x0000025087bdd420, 0x0000025087bdd518]
Event: 4.816 Thread 0x000002509ec7ef00 5538       3       java.lang.invoke.LambdaForm$NamedFunction::methodType (23 bytes)
Event: 4.817 Thread 0x000002509ec7ef00 nmethod 5538 0x0000025080002b90 code [0x0000025080002d40, 0x0000025080002f88]
Event: 4.818 Thread 0x00000250fca26e80 5541       3       java.lang.invoke.InfoFromMemberName::getName (8 bytes)
Event: 4.818 Thread 0x00000250fc9ec900 5542       3       java.lang.invoke.InfoFromMemberName::getMethodType (8 bytes)
Event: 4.818 Thread 0x00000250fc9ec900 nmethod 5542 0x000002508004c110 code [0x000002508004c2c0, 0x000002508004c408]
Event: 4.818 Thread 0x00000250fca26e80 nmethod 5541 0x0000025080011f90 code [0x0000025080012160, 0x0000025080012548]
Event: 4.820 Thread 0x00000250fc9ec900 5545       3       java.lang.invoke.MemberName::<init> (50 bytes)
Event: 4.820 Thread 0x00000250fca26e80 5547       3       java.lang.invoke.DirectMethodHandle::make (275 bytes)
Event: 4.820 Thread 0x00000250e0410160 5548       3       java.lang.invoke.MemberName::isField (8 bytes)
Event: 4.820 Thread 0x00000250fc9ec900 nmethod 5545 0x00000250802cff90 code [0x00000250802d0160, 0x00000250802d0478]
Event: 4.821 Thread 0x00000250e0410160 nmethod 5548 0x0000025080062210 code [0x00000250800623c0, 0x00000250800625f8]
Event: 4.822 Thread 0x00000250fca26e80 nmethod 5547 0x0000025080037610 code [0x00000250800379a0, 0x0000025080038e38]
Event: 4.826 Thread 0x00000250e77e8010 nmethod 5501 0x0000025087df0f10 code [0x0000025087df1100, 0x0000025087df2788]
Event: 4.832 Thread 0x00000250e50bcf00 nmethod 5502 0x0000025087dac210 code [0x0000025087dac400, 0x0000025087dada88]
Event: 4.832 Thread 0x00000250e50bd420 nmethod 5488% 0x0000025087c23b10 code [0x0000025087c23da0, 0x0000025087c26d18]
Event: 4.862 Thread 0x00000250fca1e470 nmethod 5316 0x0000025087c17790 code [0x0000025087c17f80, 0x0000025087c1ed28]

GC Heap History (4 events):
Event: 0.897 GC heap before
{Heap before GC invocations=0 (full 0):
 garbage-first heap   total 516096K, used 24576K [0x000000060a000000, 0x0000000800000000)
  region size 4096K, 6 young (24576K), 0 survivors (0K)
 Metaspace       used 6049K, committed 6208K, reserved 1114112K
  class space    used 742K, committed 832K, reserved 1048576K
}
Event: 0.902 GC heap after
{Heap after GC invocations=1 (full 0):
 garbage-first heap   total 516096K, used 3849K [0x000000060a000000, 0x0000000800000000)
  region size 4096K, 1 young (4096K), 1 survivors (4096K)
 Metaspace       used 6049K, committed 6208K, reserved 1114112K
  class space    used 742K, committed 832K, reserved 1048576K
}
Event: 1.558 GC heap before
{Heap before GC invocations=1 (full 0):
 garbage-first heap   total 516096K, used 32521K [0x000000060a000000, 0x0000000800000000)
  region size 4096K, 8 young (32768K), 1 survivors (4096K)
 Metaspace       used 9561K, committed 9728K, reserved 1114112K
  class space    used 1193K, committed 1280K, reserved 1048576K
}
Event: 1.562 GC heap after
{Heap after GC invocations=2 (full 0):
 garbage-first heap   total 516096K, used 5192K [0x000000060a000000, 0x0000000800000000)
  region size 4096K, 1 young (4096K), 1 survivors (4096K)
 Metaspace       used 9561K, committed 9728K, reserved 1114112K
  class space    used 1193K, committed 1280K, reserved 1048576K
}

Dll operation events (4 events):
Event: 0.010 Loaded shared library C:\Users\HP\.jdks\jbr-17.0.14\bin\java.dll
Event: 0.029 Loaded shared library C:\Users\HP\.jdks\jbr-17.0.14\bin\jsvml.dll
Event: 0.084 Loaded shared library C:\Users\HP\.jdks\jbr-17.0.14\bin\zip.dll
Event: 0.347 Loaded shared library C:\Users\HP\.jdks\jbr-17.0.14\bin\verify.dll

Deoptimization events (20 events):
Event: 4.803 Thread 0x00000250f57e9b40 Uncommon trap: trap_request=0xffffffc6 fr.pc=0x0000025087cd2508 relative=0x00000000000014c8
Event: 4.803 Thread 0x00000250f57e9b40 Uncommon trap: reason=bimorphic_or_optimized_type_check action=maybe_recompile pc=0x0000025087cd2508 method=java.util.HashMap.putVal(ILjava/lang/Object;Ljava/lang/Object;ZZ)Ljava/lang/Object; @ 56 c2
Event: 4.803 Thread 0x00000250f57e9b40 DEOPT PACKING pc=0x0000025087cd2508 sp=0x000000aa760fd3b0
Event: 4.804 Thread 0x00000250f57e9b40 DEOPT UNPACKING pc=0x00000250874a69a3 sp=0x000000aa760fd338 mode 2
Event: 4.804 Thread 0x00000250f57e9b40 Uncommon trap: trap_request=0xffffffc6 fr.pc=0x0000025087cd25fc relative=0x00000000000015bc
Event: 4.804 Thread 0x00000250f57e9b40 Uncommon trap: reason=bimorphic_or_optimized_type_check action=maybe_recompile pc=0x0000025087cd25fc method=java.util.HashMap.putVal(ILjava/lang/Object;Ljava/lang/Object;ZZ)Ljava/lang/Object; @ 152 c2
Event: 4.804 Thread 0x00000250f57e9b40 DEOPT PACKING pc=0x0000025087cd25fc sp=0x000000aa760fd3b0
Event: 4.804 Thread 0x00000250f57e9b40 DEOPT UNPACKING pc=0x00000250874a69a3 sp=0x000000aa760fd340 mode 2
Event: 4.804 Thread 0x00000250f57e9b40 Uncommon trap: trap_request=0xffffffc6 fr.pc=0x0000025087cd2508 relative=0x00000000000014c8
Event: 4.804 Thread 0x00000250f57e9b40 Uncommon trap: reason=bimorphic_or_optimized_type_check action=maybe_recompile pc=0x0000025087cd2508 method=java.util.HashMap.putVal(ILjava/lang/Object;Ljava/lang/Object;ZZ)Ljava/lang/Object; @ 56 c2
Event: 4.804 Thread 0x00000250f57e9b40 DEOPT PACKING pc=0x0000025087cd2508 sp=0x000000aa760fd3b0
Event: 4.804 Thread 0x00000250f57e9b40 DEOPT UNPACKING pc=0x00000250874a69a3 sp=0x000000aa760fd338 mode 2
Event: 4.804 Thread 0x00000250f57e9b40 Uncommon trap: trap_request=0xffffffc6 fr.pc=0x0000025087cd25fc relative=0x00000000000015bc
Event: 4.804 Thread 0x00000250f57e9b40 Uncommon trap: reason=bimorphic_or_optimized_type_check action=maybe_recompile pc=0x0000025087cd25fc method=java.util.HashMap.putVal(ILjava/lang/Object;Ljava/lang/Object;ZZ)Ljava/lang/Object; @ 152 c2
Event: 4.804 Thread 0x00000250f57e9b40 DEOPT PACKING pc=0x0000025087cd25fc sp=0x000000aa760fd3b0
Event: 4.804 Thread 0x00000250f57e9b40 DEOPT UNPACKING pc=0x00000250874a69a3 sp=0x000000aa760fd340 mode 2
Event: 4.805 Thread 0x00000250f57e9b40 Uncommon trap: trap_request=0xffffffbe fr.pc=0x0000025087cad3b8 relative=0x0000000000001e58
Event: 4.805 Thread 0x00000250f57e9b40 Uncommon trap: reason=profile_predicate action=maybe_recompile pc=0x0000025087cad3b8 method=java.util.TimSort.binarySort([Ljava/lang/Object;IIILjava/util/Comparator;)V @ 34 c2
Event: 4.805 Thread 0x00000250f57e9b40 DEOPT PACKING pc=0x0000025087cad3b8 sp=0x000000aa760fd020
Event: 4.805 Thread 0x00000250f57e9b40 DEOPT UNPACKING pc=0x00000250874a69a3 sp=0x000000aa760fd000 mode 2

Classes loaded (20 events):
Event: 4.817 Loading class java/lang/ProcessHandle done
Event: 4.818 Loading class java/lang/ProcessHandleImpl done
Event: 4.821 Loading class java/util/concurrent/Executors
Event: 4.821 Loading class java/util/concurrent/Executors done
Event: 4.821 Loading class java/util/concurrent/SynchronousQueue
Event: 4.821 Loading class java/util/concurrent/SynchronousQueue done
Event: 4.822 Loading class java/util/concurrent/SynchronousQueue$TransferStack
Event: 4.822 Loading class java/util/concurrent/SynchronousQueue$Transferer
Event: 4.822 Loading class java/util/concurrent/SynchronousQueue$Transferer done
Event: 4.822 Loading class java/util/concurrent/SynchronousQueue$TransferStack done
Event: 4.822 Loading class java/util/concurrent/SynchronousQueue$TransferStack$SNode
Event: 4.822 Loading class java/util/concurrent/SynchronousQueue$TransferStack$SNode done
Event: 4.822 Loading class java/lang/ProcessImpl$2
Event: 4.822 Loading class java/lang/ProcessImpl$2 done
Event: 4.822 Loading class java/lang/Process$PipeInputStream
Event: 4.822 Loading class java/lang/Process$PipeInputStream done
Event: 4.823 Loading class jdk/internal/event/ProcessStartEvent
Event: 4.823 Loading class jdk/internal/event/ProcessStartEvent done
Event: 4.824 Loading class java/io/PipedOutputStream
Event: 4.824 Loading class java/io/PipedOutputStream done

Classes unloaded (0 events):
No events

Classes redefined (0 events):
No events

Internal exceptions (20 events):
Event: 2.604 Thread 0x00000250f57e9b40 Implicit null exception at 0x0000025087c6330f to 0x0000025087c63389
Event: 3.353 Thread 0x00000250f57e9b40 Implicit null exception at 0x0000025087cc6cef to 0x0000025087cc6edc
Event: 3.426 Thread 0x00000250f57e9b40 Exception <a 'java/lang/NoSuchMethodError'{0x00000006230dfa30}: 'java.lang.Object java.lang.invoke.DirectMethodHandle$Holder.newInvokeSpecial(java.lang.Object, java.lang.Object, java.lang.Object, java.lang.Object, java.lang.Object, java.lang.Object, java.lang.Object)'> (0x00000006230dfa30) 
thrown [s\src\hotspot\share\interpreter\linkResolver.cpp, line 771]
Event: 3.427 Thread 0x00000250f57e9b40 Exception <a 'java/lang/NoSuchMethodError'{0x00000006230e4340}: 'java.lang.Object java.lang.invoke.Invokers$Holder.linkToTargetMethod(java.lang.Object, java.lang.Object, java.lang.Object, java.lang.Object, java.lang.Object, java.lang.Object, java.lang.Object)'> (0x00000006230e4340) 
thrown [s\src\hotspot\share\interpreter\linkResolver.cpp, line 771]
Event: 3.545 Thread 0x00000250f57e9b40 Implicit null exception at 0x0000025087d808bb to 0x0000025087d80fe4
Event: 3.555 Thread 0x00000250f57e9b40 Exception <a 'java/lang/NoSuchMethodError'{0x000000062292d7a0}: 'int java.lang.invoke.DirectMethodHandle$Holder.invokeVirtual(java.lang.Object, java.lang.Object)'> (0x000000062292d7a0) 
thrown [s\src\hotspot\share\interpreter\linkResolver.cpp, line 771]
Event: 3.599 Thread 0x00000250f57e9b40 Exception <a 'java/lang/NoSuchMethodError'{0x0000000622b24e18}: 'int java.lang.invoke.DirectMethodHandle$Holder.invokeStatic(java.lang.Object, java.lang.Object, int)'> (0x0000000622b24e18) 
thrown [s\src\hotspot\share\interpreter\linkResolver.cpp, line 771]
Event: 4.620 Thread 0x00000250f57e9b40 Exception <a 'sun/nio/fs/WindowsException'{0x000000061f307130}> (0x000000061f307130) 
thrown [s\src\hotspot\share\prims\jni.cpp, line 531]
Event: 4.620 Thread 0x00000250f57e9b40 Exception <a 'sun/nio/fs/WindowsException'{0x000000061f307940}> (0x000000061f307940) 
thrown [s\src\hotspot\share\prims\jni.cpp, line 531]
Event: 4.625 Thread 0x00000250f57e9b40 Exception <a 'sun/nio/fs/WindowsException'{0x000000061f32ba00}> (0x000000061f32ba00) 
thrown [s\src\hotspot\share\prims\jni.cpp, line 531]
Event: 4.626 Thread 0x00000250f57e9b40 Exception <a 'sun/nio/fs/WindowsException'{0x000000061f330d88}> (0x000000061f330d88) 
thrown [s\src\hotspot\share\prims\jni.cpp, line 531]
Event: 4.628 Thread 0x00000250f57e9b40 Exception <a 'sun/nio/fs/WindowsException'{0x000000061f333a80}> (0x000000061f333a80) 
thrown [s\src\hotspot\share\prims\jni.cpp, line 531]
Event: 4.629 Thread 0x00000250f57e9b40 Exception <a 'sun/nio/fs/WindowsException'{0x000000061f335cb8}> (0x000000061f335cb8) 
thrown [s\src\hotspot\share\prims\jni.cpp, line 531]
Event: 4.629 Thread 0x00000250f57e9b40 Exception <a 'sun/nio/fs/WindowsException'{0x000000061f3383a0}> (0x000000061f3383a0) 
thrown [s\src\hotspot\share\prims\jni.cpp, line 531]
Event: 4.629 Thread 0x00000250f57e9b40 Exception <a 'sun/nio/fs/WindowsException'{0x000000061f3390a8}> (0x000000061f3390a8) 
thrown [s\src\hotspot\share\prims\jni.cpp, line 531]
Event: 4.815 Thread 0x00000250f57e9b40 Exception <a 'java/lang/NoSuchMethodError'{0x000000061dfe5b00}: 'void java.lang.invoke.DirectMethodHandle$Holder.invokeStatic(java.lang.Object, long)'> (0x000000061dfe5b00) 
thrown [s\src\hotspot\share\interpreter\linkResolver.cpp, line 771]
Event: 4.816 Thread 0x00000250f57e9b40 Exception <a 'java/lang/NoSuchMethodError'{0x000000061dfeb4c8}: 'java.lang.Object java.lang.invoke.DirectMethodHandle$Holder.newInvokeSpecial(java.lang.Object, long)'> (0x000000061dfeb4c8) 
thrown [s\src\hotspot\share\interpreter\linkResolver.cpp, line 771]
Event: 4.819 Thread 0x00000250f57e9b40 Exception <a 'java/lang/NoSuchMethodError'{0x000000061dff65f8}: 'java.lang.Object java.lang.invoke.DirectMethodHandle$Holder.invokeStaticInit(java.lang.Object, java.lang.Object, long, java.lang.Object)'> (0x000000061dff65f8) 
thrown [s\src\hotspot\share\interpreter\linkResolver.cpp, line 771]
Event: 4.820 Thread 0x00000250f57e9b40 Exception <a 'java/lang/NoSuchMethodError'{0x000000061dffccc8}: 'java.lang.Object java.lang.invoke.DirectMethodHandle$Holder.newInvokeSpecial(java.lang.Object, java.lang.Object, long)'> (0x000000061dffccc8) 
thrown [s\src\hotspot\share\interpreter\linkResolver.cpp, line 771]
Event: 4.820 Thread 0x00000250f57e9b40 Exception <a 'java/lang/NoSuchMethodError'{0x000000061d8014c8}: 'java.lang.Object java.lang.invoke.Invokers$Holder.linkToTargetMethod(java.lang.Object, long, java.lang.Object)'> (0x000000061d8014c8) 
thrown [s\src\hotspot\share\interpreter\linkResolver.cpp, line 771]

VM Operations (20 events):
Event: 4.197 Executing VM operation: ICBufferFull
Event: 4.197 Executing VM operation: ICBufferFull done
Event: 4.549 Executing VM operation: HandshakeAllThreads
Event: 4.549 Executing VM operation: HandshakeAllThreads done
Event: 4.555 Executing VM operation: HandshakeAllThreads
Event: 4.555 Executing VM operation: HandshakeAllThreads done
Event: 4.623 Executing VM operation: HandshakeAllThreads
Event: 4.623 Executing VM operation: HandshakeAllThreads done
Event: 4.628 Executing VM operation: HandshakeAllThreads
Event: 4.628 Executing VM operation: HandshakeAllThreads done
Event: 4.667 Executing VM operation: ICBufferFull
Event: 4.667 Executing VM operation: ICBufferFull done
Event: 4.781 Executing VM operation: HandshakeAllThreads
Event: 4.781 Executing VM operation: HandshakeAllThreads done
Event: 4.795 Executing VM operation: HandshakeAllThreads
Event: 4.795 Executing VM operation: HandshakeAllThreads done
Event: 4.809 Executing VM operation: HandshakeAllThreads
Event: 4.809 Executing VM operation: HandshakeAllThreads done
Event: 4.823 Executing VM operation: HandshakeAllThreads
Event: 4.823 Executing VM operation: HandshakeAllThreads done

Memory protections (0 events):
No events

Nmethod flushes (20 events):
Event: 4.817 Thread 0x00000250fca335f0 flushing  nmethod 0x00000250808f6510
Event: 4.817 Thread 0x00000250fca335f0 flushing  nmethod 0x00000250808f7790
Event: 4.817 Thread 0x00000250fca335f0 flushing  nmethod 0x000002508093bb90
Event: 4.817 Thread 0x00000250fca335f0 flushing  nmethod 0x0000025080944410
Event: 4.817 Thread 0x00000250fca335f0 flushing  nmethod 0x0000025080950b90
Event: 4.817 Thread 0x00000250fca335f0 flushing  nmethod 0x000002508097cc90
Event: 4.817 Thread 0x00000250fca335f0 flushing  nmethod 0x000002508097dd10
Event: 4.818 Thread 0x00000250fca335f0 flushing  nmethod 0x00000250809f2c90
Event: 4.818 Thread 0x00000250fca335f0 flushing  nmethod 0x00000250809f4c90
Event: 4.818 Thread 0x00000250fca335f0 flushing  nmethod 0x0000025080a1e190
Event: 4.818 Thread 0x00000250fca335f0 flushing  nmethod 0x0000025080a24990
Event: 4.818 Thread 0x00000250fca335f0 flushing  nmethod 0x0000025080a26190
Event: 4.818 Thread 0x00000250fca335f0 flushing  nmethod 0x0000025080ac0690
Event: 4.818 Thread 0x00000250fca335f0 flushing  nmethod 0x0000025080acb190
Event: 4.818 Thread 0x00000250fca335f0 flushing  nmethod 0x0000025080acdd10
Event: 4.818 Thread 0x00000250fca335f0 flushing  nmethod 0x0000025080acef90
Event: 4.818 Thread 0x00000250fca335f0 flushing  nmethod 0x0000025080aee710
Event: 4.819 Thread 0x00000250fca335f0 flushing  nmethod 0x0000025080ba0790
Event: 4.819 Thread 0x00000250fca335f0 flushing  nmethod 0x0000025080bcc310
Event: 4.819 Thread 0x00000250fca335f0 flushing  nmethod 0x0000025080bd9010

Events (20 events):
Event: 0.245 Loaded shared library C:\Users\HP\.jdks\jbr-17.0.14\bin\jimage.dll
Event: 0.255 Thread 0x00000250e0303ec0 Thread exited: 0x00000250e0303ec0
Event: 0.332 Loaded shared library C:\Users\HP\AppData\Local\Temp\jansi-2.4.1-aff6f99e822e7c8c-jansi.dll
Event: 0.511 Thread 0x000002509ec7ef00 Thread added: 0x00000250e0410160
Event: 0.874 Thread 0x00000250fc9ec900 Thread added: 0x00000250e50bcf00
Event: 0.874 Thread 0x00000250fc9ec900 Thread added: 0x00000250e50bd420
Event: 0.874 Thread 0x00000250fc9ec900 Thread added: 0x00000250e50bd940
Event: 0.881 Thread 0x00000250fca1e470 Thread added: 0x00000250e559ba50
Event: 0.881 Thread 0x00000250fca1e470 Thread added: 0x00000250e51aa190
Event: 0.881 Thread 0x00000250fca1e470 Thread added: 0x00000250e51aa6b0
Event: 1.193 Thread 0x00000250e51aa6b0 Thread exited: 0x00000250e51aa6b0
Event: 1.572 Thread 0x00000250e51aa190 Thread exited: 0x00000250e51aa190
Event: 1.574 Thread 0x00000250e559ba50 Thread exited: 0x00000250e559ba50
Event: 2.038 Thread 0x00000250e50bd940 Thread exited: 0x00000250e50bd940
Event: 2.308 Thread 0x00000250f57e9b40 Thread added: 0x00000250e563c9e0
Event: 4.432 Thread 0x00000250fca1e470 Thread added: 0x00000250e77e8010
Event: 4.432 Thread 0x00000250fca1e470 Thread added: 0x00000250e6268060
Event: 4.825 Thread 0x00000250f57e9b40 Thread added: 0x00000250e03eaa50
Event: 4.825 Thread 0x00000250f57e9b40 Thread added: 0x00000250e03e81d0
Event: 4.825 Thread 0x00000250f57e9b40 Thread added: 0x00000250e03eaf60


Dynamic libraries:
0x00007ff7b4ec0000 - 0x00007ff7b4eca000 	C:\Users\HP\.jdks\jbr-17.0.14\bin\java.exe
0x00007ffa23990000 - 0x00007ffa23b88000 	C:\Windows\SYSTEM32\ntdll.dll
0x00007ffa22240000 - 0x00007ffa22302000 	C:\Windows\System32\KERNEL32.DLL
0x00007ffa21530000 - 0x00007ffa2182f000 	C:\Windows\System32\KERNELBASE.dll
0x00007ffa1e610000 - 0x00007ffa1e6a4000 	C:\Windows\SYSTEM32\apphelp.dll
0x00007ffa21830000 - 0x00007ffa21930000 	C:\Windows\System32\ucrtbase.dll
0x00007ffa1b480000 - 0x00007ffa1b497000 	C:\Users\HP\.jdks\jbr-17.0.14\bin\jli.dll
0x00007ff9f7250000 - 0x00007ff9f726b000 	C:\Users\HP\.jdks\jbr-17.0.14\bin\VCRUNTIME140.dll
0x00007ffa21b80000 - 0x00007ffa21d1d000 	C:\Windows\System32\USER32.dll
0x00007ffa0c300000 - 0x00007ffa0c59a000 	C:\Windows\WinSxS\amd64_microsoft.windows.common-controls_6595b64144ccf1df_6.0.19041.4355_none_60b8b9eb71f62e16\COMCTL32.dll
0x00007ffa21980000 - 0x00007ffa219a2000 	C:\Windows\System32\win32u.dll
0x00007ffa22310000 - 0x00007ffa223ae000 	C:\Windows\System32\msvcrt.dll
0x00007ffa22210000 - 0x00007ffa2223b000 	C:\Windows\System32\GDI32.dll
0x00007ffa21100000 - 0x00007ffa2121a000 	C:\Windows\System32\gdi32full.dll
0x00007ffa21030000 - 0x00007ffa210cd000 	C:\Windows\System32\msvcp_win.dll
0x00007ffa23360000 - 0x00007ffa2338f000 	C:\Windows\System32\IMM32.DLL
0x00007ffa1b470000 - 0x00007ffa1b47c000 	C:\Users\HP\.jdks\jbr-17.0.14\bin\vcruntime140_1.dll
0x00007ff9e7a30000 - 0x00007ff9e7abd000 	C:\Users\HP\.jdks\jbr-17.0.14\bin\msvcp140.dll
0x00007ff9a59e0000 - 0x00007ff9a666e000 	C:\Users\HP\.jdks\jbr-17.0.14\bin\server\jvm.dll
0x00007ffa21a50000 - 0x00007ffa21aff000 	C:\Windows\System32\ADVAPI32.dll
0x00007ffa219b0000 - 0x00007ffa21a4f000 	C:\Windows\System32\sechost.dll
0x00007ffa22c00000 - 0x00007ffa22d23000 	C:\Windows\System32\RPCRT4.dll
0x00007ffa210d0000 - 0x00007ffa210f7000 	C:\Windows\System32\bcrypt.dll
0x00007ffa231d0000 - 0x00007ffa2323b000 	C:\Windows\System32\WS2_32.dll
0x00007ffa20570000 - 0x00007ffa205bb000 	C:\Windows\SYSTEM32\POWRPROF.dll
0x00007ffa16810000 - 0x00007ffa16837000 	C:\Windows\SYSTEM32\WINMM.dll
0x00007ffa19bd0000 - 0x00007ffa19bda000 	C:\Windows\SYSTEM32\VERSION.dll
0x00007ffa20430000 - 0x00007ffa20442000 	C:\Windows\SYSTEM32\UMPDC.dll
0x00007ffa1eeb0000 - 0x00007ffa1eec2000 	C:\Windows\SYSTEM32\kernel.appcore.dll
0x00007ff9fa610000 - 0x00007ff9fa61a000 	C:\Users\HP\.jdks\jbr-17.0.14\bin\jimage.dll
0x00007ffa12b70000 - 0x00007ffa12d54000 	C:\Windows\SYSTEM32\DBGHELP.DLL
0x00007ffa03fe0000 - 0x00007ffa04014000 	C:\Windows\SYSTEM32\dbgcore.DLL
0x00007ffa21290000 - 0x00007ffa21312000 	C:\Windows\System32\bcryptPrimitives.dll
0x00007ffa1e200000 - 0x00007ffa1e20e000 	C:\Users\HP\.jdks\jbr-17.0.14\bin\instrument.dll
0x00007ff9f71e0000 - 0x00007ff9f7205000 	C:\Users\HP\.jdks\jbr-17.0.14\bin\java.dll
0x00007ff9abe40000 - 0x00007ff9abf17000 	C:\Users\HP\.jdks\jbr-17.0.14\bin\jsvml.dll
0x00007ffa22490000 - 0x00007ffa22bfd000 	C:\Windows\System32\SHELL32.dll
0x00007ffa1f0b0000 - 0x00007ffa1f854000 	C:\Windows\SYSTEM32\windows.storage.dll
0x00007ffa21eb0000 - 0x00007ffa22205000 	C:\Windows\System32\combase.dll
0x00007ffa20a60000 - 0x00007ffa20a8f000 	C:\Windows\SYSTEM32\Wldp.dll
0x00007ffa223c0000 - 0x00007ffa2248d000 	C:\Windows\System32\OLEAUT32.dll
0x00007ffa22d30000 - 0x00007ffa22ddd000 	C:\Windows\System32\SHCORE.dll
0x00007ffa23810000 - 0x00007ffa23865000 	C:\Windows\System32\shlwapi.dll
0x00007ffa20f60000 - 0x00007ffa20f84000 	C:\Windows\SYSTEM32\profapi.dll
0x00007ff9f7230000 - 0x00007ff9f7248000 	C:\Users\HP\.jdks\jbr-17.0.14\bin\zip.dll
0x00007ff9f71c0000 - 0x00007ff9f71d9000 	C:\Users\HP\.jdks\jbr-17.0.14\bin\net.dll
0x00007ffa18ad0000 - 0x00007ffa18bda000 	C:\Windows\SYSTEM32\WINHTTP.dll
0x00007ffa207c0000 - 0x00007ffa2082c000 	C:\Windows\system32\mswsock.dll
0x00007ff9ed5b0000 - 0x00007ff9ed5c6000 	C:\Users\HP\.jdks\jbr-17.0.14\bin\nio.dll
0x00007ffa0a6b0000 - 0x00007ffa0a6ca000 	C:\Users\HP\JetBrains\IntelliJ IDEA 2024.2.1\bin\breakgen64.dll
0x00007ff9f71b0000 - 0x00007ff9f71b9000 	C:\Users\HP\.jdks\jbr-17.0.14\bin\extnet.dll
0x00007ffa08710000 - 0x00007ffa08734000 	C:\Users\HP\AppData\Local\Temp\jansi-2.4.1-aff6f99e822e7c8c-jansi.dll
0x00007ffa01120000 - 0x00007ffa01130000 	C:\Users\HP\.jdks\jbr-17.0.14\bin\verify.dll

dbghelp: loaded successfully - version: 4.0.5 - missing functions: none
symbol engine: initialized successfully - sym options: 0x614 - pdb path: .;C:\Users\HP\.jdks\jbr-17.0.14\bin;C:\Windows\SYSTEM32;C:\Windows\WinSxS\amd64_microsoft.windows.common-controls_6595b64144ccf1df_6.0.19041.4355_none_60b8b9eb71f62e16;C:\Users\HP\.jdks\jbr-17.0.14\bin\server;C:\Users\HP\JetBrains\IntelliJ IDEA 2024.2.1\bin;C:\Users\HP\AppData\Local\Temp

VM Arguments:
jvm_args: -Dmaven.multiModuleProjectDirectory=D:\Desktop\branchSemah\EventPlanner-3A1\EventPlanner -Djansi.passthrough=true -Dmaven.home=C:\Users\HP\JetBrains\IntelliJ IDEA 2024.2.1\plugins\maven\lib\maven3 -Dclassworlds.conf=C:\Users\HP\JetBrains\IntelliJ IDEA 2024.2.1\plugins\maven\lib\maven3\bin\m2.conf -Dmaven.ext.class.path=C:\Users\HP\JetBrains\IntelliJ IDEA 2024.2.1\plugins\maven\lib\maven-event-listener.jar -javaagent:C:\Users\HP\JetBrains\IntelliJ IDEA 2024.2.1\lib\idea_rt.jar=62774:C:\Users\HP\JetBrains\IntelliJ IDEA 2024.2.1\bin -Dfile.encoding=UTF-8 
java_command: org.codehaus.classworlds.Launcher -Didea.version=2024.2.1 org.openjfx:javafx-maven-plugin:0.0.8:run
java_class_path (initial): C:\Users\HP\JetBrains\IntelliJ IDEA 2024.2.1\plugins\maven\lib\maven3\boot\plexus-classworlds-2.8.0.jar;C:\Users\HP\JetBrains\IntelliJ IDEA 2024.2.1\plugins\maven\lib\maven3\boot\plexus-classworlds.license
Launcher Type: SUN_STANDARD

[Global flags]
     intx CICompilerCount                          = 12                                        {product} {ergonomic}
     uint ConcGCThreads                            = 3                                         {product} {ergonomic}
     uint G1ConcRefinementThreads                  = 13                                        {product} {ergonomic}
   size_t G1HeapRegionSize                         = 4194304                                   {product} {ergonomic}
    uintx GCDrainStackTargetSize                   = 64                                        {product} {ergonomic}
   size_t InitialHeapSize                          = 528482304                                 {product} {ergonomic}
   size_t MarkStackSize                            = 4194304                                   {product} {ergonomic}
   size_t MaxHeapSize                              = 8422162432                                {product} {ergonomic}
   size_t MaxNewSize                               = 5049942016                                {product} {ergonomic}
   size_t MinHeapDeltaBytes                        = 4194304                                   {product} {ergonomic}
   size_t MinHeapSize                              = 8388608                                   {product} {ergonomic}
    uintx NonNMethodCodeHeapSize                   = 7602480                                {pd product} {ergonomic}
    uintx NonProfiledCodeHeapSize                  = 122027880                              {pd product} {ergonomic}
    uintx ProfiledCodeHeapSize                     = 122027880                              {pd product} {ergonomic}
    uintx ReservedCodeCacheSize                    = 251658240                              {pd product} {ergonomic}
     bool SegmentedCodeCache                       = true                                      {product} {ergonomic}
   size_t SoftMaxHeapSize                          = 8422162432                             {manageable} {ergonomic}
     bool UseCompressedClassPointers               = true                           {product lp64_product} {ergonomic}
     bool UseCompressedOops                        = true                           {product lp64_product} {ergonomic}
     bool UseG1GC                                  = true                                      {product} {ergonomic}
     bool UseLargePagesIndividualAllocation        = false                                  {pd product} {ergonomic}

Logging:
Log output configuration:
 #0: stdout all=warning uptime,level,tags
 #1: stderr all=off uptime,level,tags

Environment Variables:
JAVA_HOME=C:\Program Files\Java\jdk-22
PATH=C:\Program Files (x86)\VMware\VMware Player\bin\;C:\Python312\Scripts\;C:\Python312\;C:\oraclexe\app\oracle\product\11.2.0\server\bin;C:\oraclexe\app\oracle\product\11.2.0\server\bin;C:\Program Files (x86)\Common Files\Intel\Shared Libraries\redist\intel64\compiler;C:\Windows\system32;C:\Windows;C:\Windows\System32\Wbem;C:\Windows\System32\WindowsPowerShell\v1.0\;C:\Windows\System32\OpenSSH\;C:\Program Files\NVIDIA Corporation\NVIDIA NvDLISR;C:\Program Files\Git\cmd;C:\instantclient12_2;C:\oraclexe\app\oracle\admin\XE;C:\oraclexe;D:\xampp\php;C:\ProgramData\chocolatey\bin;C:\Users\HP\scoop\shims;C:\Users\HP\AppData\Local\Microsoft\WindowsApps;C:\Users\HP\AppData\Local\Programs\Microsoft VS Code\bin;C:\Users\HP\AppData\Local\GitHubDesktop\bin;C:\xampp\php;C:\Users\HP\AppData\Local\ComposerSetup\bin;C:\Users\HP\AppData\Roaming\Composer\vendor\bin;C:\Program Files\JetBrains\IntelliJ IDEA 2024.2.3\bin
USERNAME=HP
OS=Windows_NT
PROCESSOR_IDENTIFIER=AMD64 Family 23 Model 96 Stepping 1, AuthenticAMD
TMP=C:\Users\HP\AppData\Local\Temp
TEMP=C:\Users\HP\AppData\Local\Temp



Periodic native trim disabled

JNI global refs:
JNI global refs: 23, weak refs: 0

JNI global refs memory usage: 843, weak refs: 841

Process memory usage:
Resident Set Size: 328156K (0% of 32886048K total physical memory with 16540372K free physical memory)

OOME stack traces (most recent first):
Classloader memory used:
Loader org.codehaus.plexus.classworlds.realm.ClassRealm                                : 1881K
Loader bootstrap                                                                       : 653K
Loader jdk.internal.loader.ClassLoaders$AppClassLoader                                 : 30699B
Loader org.eclipse.sisu.space.CloningClassSpace$CloningClassLoader                     : 10910B
Loader jdk.internal.loader.ClassLoaders$PlatformClassLoader                            : 8664B
Loader jdk.internal.reflect.DelegatingClassLoader                                      : 7399B

Classes loaded by more than one classloader:
Class org.codehaus.plexus.util.MatchPatterns                                          : loaded 3 times (x 73B)
Class org.sonatype.plexus.components.sec.dispatcher.DefaultSecDispatcher              : loaded 2 times (x 81B)
Class org.codehaus.plexus.util.DirectoryScanner                                       : loaded 2 times (x 113B)
Class org.codehaus.plexus.interpolation.BasicInterpolator                             : loaded 2 times (x 68B)
Class org.codehaus.plexus.languages.java.jpms.ResolvePathResult                       : loaded 2 times (x 74B)
Class org.codehaus.plexus.languages.java.jpms.LocationManager                         : loaded 2 times (x 72B)
Class org.codehaus.plexus.util.Scanner                                                : loaded 2 times (x 68B)
Class org.sonatype.plexus.components.cipher.PlexusCipherException                     : loaded 2 times (x 80B)
Class [Lorg.codehaus.plexus.util.MatchPattern;                                        : loaded 2 times (x 67B)
Class org.codehaus.plexus.interpolation.ValueSource                                   : loaded 2 times (x 68B)
Class org.codehaus.plexus.util.AbstractScanner                                        : loaded 2 times (x 98B)
Class org.codehaus.plexus.util.MatchPattern                                           : loaded 2 times (x 76B)
Class org.codehaus.plexus.languages.java.jpms.ResolvePathsRequest                     : loaded 2 times (x 80B)
Class org.codehaus.plexus.languages.java.jpms.JavaModuleDescriptor                    : loaded 2 times (x 76B)
Class org.codehaus.plexus.interpolation.RecursionInterceptor                          : loaded 2 times (x 68B)
Class org.apache.maven.shared.utils.logging.MessageBuilder                            : loaded 2 times (x 68B)
Class org.codehaus.plexus.languages.java.jpms.SourceModuleInfoParser                  : loaded 2 times (x 70B)
Class org.sonatype.plexus.components.sec.dispatcher.model.SettingsSecurity            : loaded 2 times (x 80B)
Class org.sonatype.plexus.components.cipher.PlexusCipher                              : loaded 2 times (x 68B)
Class org.sonatype.plexus.components.sec.dispatcher.SecDispatcher                     : loaded 2 times (x 68B)
Class org.codehaus.plexus.interpolation.PropertiesBasedValueSource                    : loaded 2 times (x 80B)
Class org.codehaus.plexus.interpolation.AbstractValueSource                           : loaded 2 times (x 80B)
Class org.sonatype.plexus.components.sec.dispatcher.SecDispatcherException            : loaded 2 times (x 80B)
Class org.sonatype.plexus.components.cipher.DefaultPlexusCipher                       : loaded 2 times (x 91B)
Class org.codehaus.plexus.util.Os                                                     : loaded 2 times (x 75B)
Class org.codehaus.plexus.languages.java.jpms.ModuleInfoParser                        : loaded 2 times (x 68B)
Class org.codehaus.plexus.util.SelectorUtils                                          : loaded 2 times (x 69B)
Class org.codehaus.plexus.util.StringUtils                                            : loaded 2 times (x 69B)
Class org.codehaus.plexus.languages.java.jpms.ManifestModuleNameExtractor             : loaded 2 times (x 73B)
Class org.codehaus.plexus.languages.java.jpms.ResolvePathRequest                      : loaded 2 times (x 74B)
Class org.codehaus.plexus.languages.java.jpms.ResolvePathsResult                      : loaded 2 times (x 80B)
Class org.codehaus.plexus.util.cli.CommandLineException                               : loaded 2 times (x 80B)
Class org.sonatype.plexus.components.cipher.PBECipher                                 : loaded 2 times (x 72B)
Class org.codehaus.plexus.interpolation.Interpolator                                  : loaded 2 times (x 68B)
Class org.codehaus.plexus.languages.java.jpms.ModuleNameExtractor                     : loaded 2 times (x 68B)


---------------  S Y S T E M  ---------------

OS:
 Windows 10 , 64 bit Build 19041 (10.0.19041.5438)
OS uptime: 13 days 4:16 hours

CPU: total 16 (initial active 16) (16 cores per cpu, 2 threads per core) family 23 model 96 stepping 1 microcode 0x0, cx8, cmov, fxsr, ht, mmx, 3dnowpref, sse, sse2, sse3, ssse3, sse4a, sse4.1, sse4.2, popcnt, lzcnt, tsc, tscinvbit, avx, avx2, aes, clmul, bmi1, bmi2, adx, sha, fma, vzeroupper, clflush, clflushopt
Processor Information for all 16 processors :
  Max Mhz: 2900, Current Mhz: 2900, Mhz Limit: 2900

Memory: 4k page, system-wide physical 32115M (16152M free)
TotalPageFile size 47298M (AvailPageFile size 6M)
current process WorkingSet (physical memory assigned to process): 320M, peak: 332M
current process commit charge ("private bytes"): 704M, peak: 717M

vm_info: OpenJDK 64-Bit Server VM (17.0.14+1-b1367.22) for windows-amd64 JRE (17.0.14+1-b1367.22), built on 2025-01-30 by "builduser" with MS VC++ 16.10 / 16.11 (VS2019)

END.
