#
# There is insufficient memory for the Java Runtime Environment to continue.
# Native memory allocation (mmap) failed to map 528482304 bytes. Error detail: G1 virtual space
# Possible reasons:
#   The system is out of physical RAM or swap space
#   This process is running with CompressedOops enabled, and the Java Heap may be blocking the growth of the native heap
# Possible solutions:
#   Reduce memory load on the system
#   Increase physical memory or swap space
#   Check if swap backing store is full
#   Decrease Java heap size (-Xmx/-Xms)
#   Decrease number of Java threads
#   Decrease Java thread stack sizes (-Xss)
#   Set larger code cache with -XX:ReservedCodeCacheSize=
#   JVM is running with Zero Based Compressed Oops mode in which the Java heap is
#     placed in the first 32GB address space. The Java Heap base address is the
#     maximum limit for the native heap growth. Please use -XX:HeapBaseMinAddress
#     to set the Java Heap base and to place the Java Heap above 32GB virtual address.
# This output file may be truncated or incomplete.
#
#  Out of Memory Error (os_windows.cpp:3830), pid=30356, tid=26104
#
# JRE version:  (17.0.14+1) (build )
# Java VM: OpenJDK 64-Bit Server VM (17.0.14+1-b1367.22, mixed mode, sharing, tiered, compressed oops, compressed class ptrs, g1 gc, windows-amd64)
# No core dump will be written. Minidumps are not enabled by default on client versions of Windows
#

---------------  S U M M A R Y ------------

Command Line: -Dmaven.multiModuleProjectDirectory=D:\Desktop\branchSemah\EventPlanner-3A1\EventPlanner -Djansi.passthrough=true -Dmaven.home=C:\Users\HP\JetBrains\IntelliJ IDEA 2024.2.1\plugins\maven\lib\maven3 -Dclassworlds.conf=C:\Users\HP\JetBrains\IntelliJ IDEA 2024.2.1\plugins\maven\lib\maven3\bin\m2.conf -Dmaven.ext.class.path=C:\Users\HP\JetBrains\IntelliJ IDEA 2024.2.1\plugins\maven\lib\maven-event-listener.jar -javaagent:C:\Users\HP\JetBrains\IntelliJ IDEA 2024.2.1\lib\idea_rt.jar=63375:C:\Users\HP\JetBrains\IntelliJ IDEA 2024.2.1\bin -Dfile.encoding=UTF-8 org.codehaus.classworlds.Launcher -Didea.version=2024.2.1 org.openjfx:javafx-maven-plugin:0.0.8:run

Host: AMD Ryzen 7 4800H with Radeon Graphics         , 16 cores, 31G,  Windows 10 , 64 bit Build 19041 (10.0.19041.5438)
Time: Mon Mar  3 22:11:58 2025 Maroc elapsed time: 0.013639 seconds (0d 0h 0m 0s)

---------------  T H R E A D  ---------------

Current thread (0x0000021f3cf69330):  JavaThread "Unknown thread" [_thread_in_vm, id=26104, stack(0x00000020ecd00000,0x00000020ece00000)]

Stack: [0x00000020ecd00000,0x00000020ece00000]
Native frames: (J=compiled Java code, j=interpreted, Vv=VM code, C=native code)
V  [jvm.dll+0x68b969]  os::platform_print_native_stack+0xd9  (os_windows_x86.cpp:235)
V  [jvm.dll+0x84572a]  VMError::report+0xc6a  (vmError.cpp:868)
V  [jvm.dll+0x8473ae]  VMError::report_and_die+0x78e  (vmError.cpp:1766)
V  [jvm.dll+0x847a13]  VMError::report_and_die+0x43  (vmError.cpp:1552)
V  [jvm.dll+0x24a83f]  report_vm_out_of_memory+0x8f  (debug.cpp:321)
V  [jvm.dll+0x688629]  os::pd_commit_memory_or_exit+0xc9  (os_windows.cpp:3838)
V  [jvm.dll+0x67cf3a]  os::commit_memory_or_exit+0x2a  (os.cpp:1768)
V  [jvm.dll+0x30b83b]  G1PageBasedVirtualSpace::commit+0x19b  (g1PageBasedVirtualSpace.cpp:204)
V  [jvm.dll+0x312d26]  G1RegionsLargerThanCommitSizeMapper::commit_regions+0x96  (g1RegionToSpaceMapper.cpp:100)
V  [jvm.dll+0x3630fe]  HeapRegionManager::expand_any+0xee  (heapRegionManager.cpp:363)
V  [jvm.dll+0x36333f]  HeapRegionManager::expand_by+0x7f  (heapRegionManager.cpp:380)
V  [jvm.dll+0x2e18cc]  G1CollectedHeap::expand+0xbc  (g1CollectedHeap.cpp:1292)
V  [jvm.dll+0x2e2824]  G1CollectedHeap::initialize+0x664  (g1CollectedHeap.cpp:1713)
V  [jvm.dll+0x815ffb]  universe_init+0xbb  (universe.cpp:737)
V  [jvm.dll+0x370e88]  init_globals+0x48  (init.cpp:131)
V  [jvm.dll+0x7f4875]  Threads::create_vm+0x5e5  (thread.cpp:2909)
V  [jvm.dll+0x3f54ef]  JNI_CreateJavaVM_inner+0x8f  (jni.cpp:3654)
V  [jvm.dll+0x3f70c1]  JNI_CreateJavaVM+0x11  (jni.cpp:3746)
C  [jli.dll+0x52ab]  JavaMain+0x113  (java.c:413)
C  [ucrtbase.dll+0x21bb2]
C  [KERNEL32.DLL+0x17374]
C  [ntdll.dll+0x4cc91]


---------------  P R O C E S S  ---------------

Threads class SMR info:
_java_thread_list=0x00007ff9a6529018, length=0, elements={
}

Java Threads: ( => current thread )

Other Threads:
  0x0000021f3d013490 GCTaskThread "GC Thread#0" [stack: 0x00000020ece00000,0x00000020ecf00000] [id=20036]
  0x0000021f649c7e20 ConcurrentGCThread "G1 Main Marker" [stack: 0x00000020ecf00000,0x00000020ed000000] [id=6412]
  0x0000021f649c8840 ConcurrentGCThread "G1 Conc#0" [stack: 0x00000020ed000000,0x00000020ed100000] [id=22484]

[error occurred during error reporting (printing all threads), id 0xc0000005, EXCEPTION_ACCESS_VIOLATION (0xc0000005) at pc=0x00007ff9a5cd2197]

VM state: not at safepoint (not fully initialized)

VM Mutex/Monitor currently owned by a thread:  ([mutex/lock_event])
[0x0000021f3cf63ee0] Heap_lock - owner thread: 0x0000021f3cf69330

Heap address: 0x000000060a000000, size: 8032 MB, Compressed Oops mode: Zero based, Oop shift amount: 3

CDS archive(s) mapped at: [0x0000000000000000-0x0000000000000000-0x0000000000000000), size 0, SharedBaseAddress: 0x0000000800000000, ArchiveRelocationMode: 1.
Narrow klass base: 0x0000000000000000, Narrow klass shift: 0, Narrow klass range: 0x0

GC Precious Log:
<Empty>

Heap:
 garbage-first heap   total 0K, used 0K [0x000000060a000000, 0x0000000800000000)
  region size 4096K, 0 young (0K), 0 survivors (0K)
 Metaspace       used 0K, committed 0K, reserved 0K
  class space    used 0K, committed 0K, reserved 0K

Heap Regions: E=young(eden), S=young(survivor), O=old, HS=humongous(starts), HC=humongous(continues), CS=collection set, F=free, OA=open archive, CA=closed archive, TAMS=top-at-mark-start (previous, next)

Card table byte_map: [0x0000021f52e90000,0x0000021f53e40000] _byte_map_base: 0x0000021f4fe40000

Marking Bits (Prev, Next): (CMBitMap*) 0x0000021f3d013ab0, (CMBitMap*) 0x0000021f3d013af0
 Prev Bits: [0x0000021f54df0000, 0x0000021f5cb70000)
 Next Bits: [0x0000021f5cb70000, 0x0000021f648f0000)

GC Heap History (0 events):
No events

Dll operation events (1 events):
Event: 0.008 Loaded shared library C:\Users\HP\.jdks\jbr-17.0.14\bin\java.dll

Deoptimization events (0 events):
No events

Classes loaded (0 events):
No events

Classes unloaded (0 events):
No events

Classes redefined (0 events):
No events

Internal exceptions (0 events):
No events

VM Operations (0 events):
No events

Memory protections (0 events):
No events

Nmethod flushes (0 events):
No events

Events (0 events):
No events


Dynamic libraries:
0x00007ff7b4ec0000 - 0x00007ff7b4eca000 	C:\Users\HP\.jdks\jbr-17.0.14\bin\java.exe
0x00007ffa23990000 - 0x00007ffa23b88000 	C:\Windows\SYSTEM32\ntdll.dll
0x00007ffa22240000 - 0x00007ffa22302000 	C:\Windows\System32\KERNEL32.DLL
0x00007ffa21530000 - 0x00007ffa2182f000 	C:\Windows\System32\KERNELBASE.dll
0x00007ffa1e610000 - 0x00007ffa1e6a4000 	C:\Windows\SYSTEM32\apphelp.dll
0x00007ffa21830000 - 0x00007ffa21930000 	C:\Windows\System32\ucrtbase.dll
0x00007ffa1b480000 - 0x00007ffa1b497000 	C:\Users\HP\.jdks\jbr-17.0.14\bin\jli.dll
0x00007ff9f7250000 - 0x00007ff9f726b000 	C:\Users\HP\.jdks\jbr-17.0.14\bin\VCRUNTIME140.dll
0x00007ffa21b80000 - 0x00007ffa21d1d000 	C:\Windows\System32\USER32.dll
0x00007ffa21980000 - 0x00007ffa219a2000 	C:\Windows\System32\win32u.dll
0x00007ffa0c300000 - 0x00007ffa0c59a000 	C:\Windows\WinSxS\amd64_microsoft.windows.common-controls_6595b64144ccf1df_6.0.19041.4355_none_60b8b9eb71f62e16\COMCTL32.dll
0x00007ffa22210000 - 0x00007ffa2223b000 	C:\Windows\System32\GDI32.dll
0x00007ffa22310000 - 0x00007ffa223ae000 	C:\Windows\System32\msvcrt.dll
0x00007ffa21100000 - 0x00007ffa2121a000 	C:\Windows\System32\gdi32full.dll
0x00007ffa21030000 - 0x00007ffa210cd000 	C:\Windows\System32\msvcp_win.dll
0x00007ffa23360000 - 0x00007ffa2338f000 	C:\Windows\System32\IMM32.DLL
0x00007ffa1b470000 - 0x00007ffa1b47c000 	C:\Users\HP\.jdks\jbr-17.0.14\bin\vcruntime140_1.dll
0x00007ff9e7a30000 - 0x00007ff9e7abd000 	C:\Users\HP\.jdks\jbr-17.0.14\bin\msvcp140.dll
0x00007ff9a59e0000 - 0x00007ff9a666e000 	C:\Users\HP\.jdks\jbr-17.0.14\bin\server\jvm.dll
0x00007ffa21a50000 - 0x00007ffa21aff000 	C:\Windows\System32\ADVAPI32.dll
0x00007ffa219b0000 - 0x00007ffa21a4f000 	C:\Windows\System32\sechost.dll
0x00007ffa22c00000 - 0x00007ffa22d23000 	C:\Windows\System32\RPCRT4.dll
0x00007ffa210d0000 - 0x00007ffa210f7000 	C:\Windows\System32\bcrypt.dll
0x00007ffa231d0000 - 0x00007ffa2323b000 	C:\Windows\System32\WS2_32.dll
0x00007ffa19bd0000 - 0x00007ffa19bda000 	C:\Windows\SYSTEM32\VERSION.dll
0x00007ffa16810000 - 0x00007ffa16837000 	C:\Windows\SYSTEM32\WINMM.dll
0x00007ffa20570000 - 0x00007ffa205bb000 	C:\Windows\SYSTEM32\POWRPROF.dll
0x00007ffa20430000 - 0x00007ffa20442000 	C:\Windows\SYSTEM32\UMPDC.dll
0x00007ffa1eeb0000 - 0x00007ffa1eec2000 	C:\Windows\SYSTEM32\kernel.appcore.dll
0x00007ff9fa610000 - 0x00007ff9fa61a000 	C:\Users\HP\.jdks\jbr-17.0.14\bin\jimage.dll
0x00007ffa12b70000 - 0x00007ffa12d54000 	C:\Windows\SYSTEM32\DBGHELP.DLL
0x00007ffa03fe0000 - 0x00007ffa04014000 	C:\Windows\SYSTEM32\dbgcore.DLL
0x00007ffa21290000 - 0x00007ffa21312000 	C:\Windows\System32\bcryptPrimitives.dll
0x00007ffa1e230000 - 0x00007ffa1e23e000 	C:\Users\HP\.jdks\jbr-17.0.14\bin\instrument.dll
0x00007ff9f71e0000 - 0x00007ff9f7205000 	C:\Users\HP\.jdks\jbr-17.0.14\bin\java.dll

dbghelp: loaded successfully - version: 4.0.5 - missing functions: none
symbol engine: initialized successfully - sym options: 0x614 - pdb path: .;C:\Users\HP\.jdks\jbr-17.0.14\bin;C:\Windows\SYSTEM32;C:\Windows\WinSxS\amd64_microsoft.windows.common-controls_6595b64144ccf1df_6.0.19041.4355_none_60b8b9eb71f62e16;C:\Users\HP\.jdks\jbr-17.0.14\bin\server

VM Arguments:
jvm_args: -Dmaven.multiModuleProjectDirectory=D:\Desktop\branchSemah\EventPlanner-3A1\EventPlanner -Djansi.passthrough=true -Dmaven.home=C:\Users\HP\JetBrains\IntelliJ IDEA 2024.2.1\plugins\maven\lib\maven3 -Dclassworlds.conf=C:\Users\HP\JetBrains\IntelliJ IDEA 2024.2.1\plugins\maven\lib\maven3\bin\m2.conf -Dmaven.ext.class.path=C:\Users\HP\JetBrains\IntelliJ IDEA 2024.2.1\plugins\maven\lib\maven-event-listener.jar -javaagent:C:\Users\HP\JetBrains\IntelliJ IDEA 2024.2.1\lib\idea_rt.jar=63375:C:\Users\HP\JetBrains\IntelliJ IDEA 2024.2.1\bin -Dfile.encoding=UTF-8 
java_command: org.codehaus.classworlds.Launcher -Didea.version=2024.2.1 org.openjfx:javafx-maven-plugin:0.0.8:run
java_class_path (initial): C:\Users\HP\JetBrains\IntelliJ IDEA 2024.2.1\plugins\maven\lib\maven3\boot\plexus-classworlds-2.8.0.jar;C:\Users\HP\JetBrains\IntelliJ IDEA 2024.2.1\plugins\maven\lib\maven3\boot\plexus-classworlds.license
Launcher Type: SUN_STANDARD

[Global flags]
     intx CICompilerCount                          = 12                                        {product} {ergonomic}
     uint ConcGCThreads                            = 3                                         {product} {ergonomic}
     uint G1ConcRefinementThreads                  = 13                                        {product} {ergonomic}
   size_t G1HeapRegionSize                         = 4194304                                   {product} {ergonomic}
    uintx GCDrainStackTargetSize                   = 64                                        {product} {ergonomic}
   size_t InitialHeapSize                          = 528482304                                 {product} {ergonomic}
   size_t MarkStackSize                            = 4194304                                   {product} {ergonomic}
   size_t MaxHeapSize                              = 8422162432                                {product} {ergonomic}
   size_t MinHeapDeltaBytes                        = 4194304                                   {product} {ergonomic}
   size_t MinHeapSize                              = 8388608                                   {product} {ergonomic}
    uintx NonNMethodCodeHeapSize                   = 7602480                                {pd product} {ergonomic}
    uintx NonProfiledCodeHeapSize                  = 122027880                              {pd product} {ergonomic}
    uintx ProfiledCodeHeapSize                     = 122027880                              {pd product} {ergonomic}
    uintx ReservedCodeCacheSize                    = 251658240                              {pd product} {ergonomic}
     bool SegmentedCodeCache                       = true                                      {product} {ergonomic}
   size_t SoftMaxHeapSize                          = 8422162432                             {manageable} {ergonomic}
     bool UseCompressedClassPointers               = true                           {product lp64_product} {ergonomic}
     bool UseCompressedOops                        = true                           {product lp64_product} {ergonomic}
     bool UseG1GC                                  = true                                      {product} {ergonomic}
     bool UseLargePagesIndividualAllocation        = false                                  {pd product} {ergonomic}

Logging:
Log output configuration:
 #0: stdout all=warning uptime,level,tags
 #1: stderr all=off uptime,level,tags

Environment Variables:
JAVA_HOME=C:\Program Files\Java\jdk-22
PATH=C:\Program Files (x86)\VMware\VMware Player\bin\;C:\Python312\Scripts\;C:\Python312\;C:\oraclexe\app\oracle\product\11.2.0\server\bin;C:\oraclexe\app\oracle\product\11.2.0\server\bin;C:\Program Files (x86)\Common Files\Intel\Shared Libraries\redist\intel64\compiler;C:\Windows\system32;C:\Windows;C:\Windows\System32\Wbem;C:\Windows\System32\WindowsPowerShell\v1.0\;C:\Windows\System32\OpenSSH\;C:\Program Files\NVIDIA Corporation\NVIDIA NvDLISR;C:\Program Files\Git\cmd;C:\instantclient12_2;C:\oraclexe\app\oracle\admin\XE;C:\oraclexe;D:\xampp\php;C:\ProgramData\chocolatey\bin;C:\Users\HP\scoop\shims;C:\Users\HP\AppData\Local\Microsoft\WindowsApps;C:\Users\HP\AppData\Local\Programs\Microsoft VS Code\bin;C:\Users\HP\AppData\Local\GitHubDesktop\bin;C:\xampp\php;C:\Users\HP\AppData\Local\ComposerSetup\bin;C:\Users\HP\AppData\Roaming\Composer\vendor\bin;C:\Program Files\JetBrains\IntelliJ IDEA 2024.2.3\bin
USERNAME=HP
OS=Windows_NT
PROCESSOR_IDENTIFIER=AMD64 Family 23 Model 96 Stepping 1, AuthenticAMD
TMP=C:\Users\HP\AppData\Local\Temp
TEMP=C:\Users\HP\AppData\Local\Temp



Periodic native trim disabled

JNI global refs:
JNI global refs: 0, weak refs: 0

JNI global refs memory usage: 0, weak refs: 0

Process memory usage:
Resident Set Size: 39208K (0% of 32886048K total physical memory with 15981520K free physical memory)

OOME stack traces (most recent first):
Classloader memory used:


---------------  S Y S T E M  ---------------

OS:
 Windows 10 , 64 bit Build 19041 (10.0.19041.5438)
OS uptime: 13 days 4:22 hours

CPU: total 16 (initial active 16) (16 cores per cpu, 2 threads per core) family 23 model 96 stepping 1 microcode 0x0, cx8, cmov, fxsr, ht, mmx, 3dnowpref, sse, sse2, sse3, ssse3, sse4a, sse4.1, sse4.2, popcnt, lzcnt, tsc, tscinvbit, avx, avx2, aes, clmul, bmi1, bmi2, adx, sha, fma, vzeroupper, clflush, clflushopt
Processor Information for all 16 processors :
  Max Mhz: 2900, Current Mhz: 2900, Mhz Limit: 2900

Memory: 4k page, system-wide physical 32115M (15606M free)
TotalPageFile size 47298M (AvailPageFile size 282M)
current process WorkingSet (physical memory assigned to process): 38M, peak: 38M
current process commit charge ("private bytes"): 97M, peak: 575M

vm_info: OpenJDK 64-Bit Server VM (17.0.14+1-b1367.22) for windows-amd64 JRE (17.0.14+1-b1367.22), built on 2025-01-30 by "builduser" with MS VC++ 16.10 / 16.11 (VS2019)

END.
