#
# There is insufficient memory for the Java Runtime Environment to continue.
# Native memory allocation (malloc) failed to allocate 1743856 bytes. Error detail: Chunk::new
# Possible reasons:
#   The system is out of physical RAM or swap space
#   This process is running with CompressedOops enabled, and the Java Heap may be blocking the growth of the native heap
# Possible solutions:
#   Reduce memory load on the system
#   Increase physical memory or swap space
#   Check if swap backing store is full
#   Decrease Java heap size (-Xmx/-Xms)
#   Decrease number of Java threads
#   Decrease Java thread stack sizes (-Xss)
#   Set larger code cache with -XX:ReservedCodeCacheSize=
#   JVM is running with Zero Based Compressed Oops mode in which the Java heap is
#     placed in the first 32GB address space. The Java Heap base address is the
#     maximum limit for the native heap growth. Please use -XX:HeapBaseMinAddress
#     to set the Java Heap base and to place the Java Heap above 32GB virtual address.
# This output file may be truncated or incomplete.
#
#  Out of Memory Error (arena.cpp:149), pid=11936, tid=29344
#
# JRE version: Java(TM) SE Runtime Environment (23.0+37) (build 23+37-2369)
# Java VM: Java HotSpot(TM) 64-Bit Server VM (23+37-2369, mixed mode, sharing, tiered, compressed oops, compressed class ptrs, g1 gc, windows-amd64)
# No core dump will be written. Minidumps are not enabled by default on client versions of Windows
#

---------------  S U M M A R Y ------------

Command Line: --module-path=C:\Users\HP\.m2\repository\org\openjfx\javafx-base\20.0.2\javafx-base-20.0.2-win.jar;C:\Users\HP\.m2\repository\org\openjfx\javafx-base\20.0.2\javafx-base-20.0.2.jar;C:\Users\HP\.m2\repository\org\openjfx\javafx-controls\20.0.2\javafx-controls-20.0.2-win.jar;C:\Users\HP\.m2\repository\org\openjfx\javafx-controls\20.0.2\javafx-controls-20.0.2.jar;C:\Users\HP\.m2\repository\org\openjfx\javafx-fxml\20.0.2\javafx-fxml-20.0.2-win.jar;C:\Users\HP\.m2\repository\org\openjfx\javafx-fxml\20.0.2\javafx-fxml-20.0.2.jar;C:\Users\HP\.m2\repository\org\openjfx\javafx-graphics\20.0.2\javafx-graphics-20.0.2-win.jar;C:\Users\HP\.m2\repository\org\openjfx\javafx-graphics\20.0.2\javafx-graphics-20.0.2.jar --add-modules=javafx.base,javafx.controls,javafx.fxml,javafx.graphics tests.tn.esprit.MainProgGui

Host: AMD Ryzen 7 4800H with Radeon Graphics         , 16 cores, 31G,  Windows 10 , 64 bit Build 19041 (10.0.19041.5438)
Time: Tue Feb 18 16:00:51 2025 Maroc (heure d64 bit Build 19041 (10.0.19041.5438) elapsed time: 2.009806 seconds (0d 0h 0m 2s)

---------------  T H R E A D  ---------------

Current thread (0x000002470c021860):  JavaThread "C2 CompilerThread0" daemon [_thread_in_native, id=29344, stack(0x000000d3ffb00000,0x000000d3ffc00000) (1024K)]


Current CompileTask:
C2:2009 2327       4       java.lang.invoke.MethodType::makeImpl (109 bytes)

Stack: [0x000000d3ffb00000,0x000000d3ffc00000]
Native frames: (J=compiled Java code, j=interpreted, Vv=VM code, C=native code)
V  [jvm.dll+0x6e08a9]  (no source info available)
V  [jvm.dll+0x87da63]  (no source info available)
V  [jvm.dll+0x87feee]  (no source info available)
V  [jvm.dll+0x8805c3]  (no source info available)
V  [jvm.dll+0x27aee6]  (no source info available)
V  [jvm.dll+0xbc06f]  (no source info available)
V  [jvm.dll+0xbc2cb]  (no source info available)
V  [jvm.dll+0x3b3a62]  (no source info available)
V  [jvm.dll+0x38a42b]  (no source info available)
V  [jvm.dll+0x38989a]  (no source info available)
V  [jvm.dll+0x244aa1]  (no source info available)
V  [jvm.dll+0x243dff]  (no source info available)
V  [jvm.dll+0x1c33a0]  (no source info available)
V  [jvm.dll+0x253cf1]  (no source info available)
V  [jvm.dll+0x251faa]  (no source info available)
V  [jvm.dll+0x3ee036]  (no source info available)
V  [jvm.dll+0x824f1b]  (no source info available)
V  [jvm.dll+0x6df055]  (no source info available)
C  [ucrtbase.dll+0x21bb2]  (no source info available)
C  [KERNEL32.DLL+0x17374]  (no source info available)
C  [ntdll.dll+0x4cc91]  (no source info available)

Lock stack of current Java thread (top to bottom):


---------------  P R O C E S S  ---------------

Threads class SMR info:
_java_thread_list=0x000002470d65a0f0, length=23, elements={
0x000002469fc41ce0, 0x000002470c0074d0, 0x000002470c008000, 0x000002470c00b790,
0x000002470c00be00, 0x000002470c01a720, 0x000002470c01cda0, 0x000002470c021860,
0x000002470c026340, 0x000002470c0875e0, 0x000002470c17fed0, 0x000002470c1dddd0,
0x000002470c1df4a0, 0x000002470c9da880, 0x000002470c2cd830, 0x000002470cc91730,
0x000002470cc70730, 0x000002470ce7ede0, 0x000002470ce80d70, 0x000002470ce6dbf0,
0x000002470ce6c780, 0x000002470d260380, 0x000002470d25f660
}

Java Threads: ( => current thread )
  0x000002469fc41ce0 JavaThread "main"                              [_thread_blocked, id=33304, stack(0x000000d3fed00000,0x000000d3fee00000) (1024K)]
  0x000002470c0074d0 JavaThread "Reference Handler"          daemon [_thread_blocked, id=1992, stack(0x000000d3ff500000,0x000000d3ff600000) (1024K)]
  0x000002470c008000 JavaThread "Finalizer"                  daemon [_thread_blocked, id=33508, stack(0x000000d3ff600000,0x000000d3ff700000) (1024K)]
  0x000002470c00b790 JavaThread "Signal Dispatcher"          daemon [_thread_blocked, id=24008, stack(0x000000d3ff700000,0x000000d3ff800000) (1024K)]
  0x000002470c00be00 JavaThread "Attach Listener"            daemon [_thread_blocked, id=27204, stack(0x000000d3ff800000,0x000000d3ff900000) (1024K)]
  0x000002470c01a720 JavaThread "Service Thread"             daemon [_thread_blocked, id=2744, stack(0x000000d3ff900000,0x000000d3ffa00000) (1024K)]
  0x000002470c01cda0 JavaThread "Monitor Deflation Thread"   daemon [_thread_blocked, id=28628, stack(0x000000d3ffa00000,0x000000d3ffb00000) (1024K)]
=>0x000002470c021860 JavaThread "C2 CompilerThread0"         daemon [_thread_in_native, id=29344, stack(0x000000d3ffb00000,0x000000d3ffc00000) (1024K)]
  0x000002470c026340 JavaThread "C1 CompilerThread0"         daemon [_thread_blocked, id=27872, stack(0x000000d3ffc00000,0x000000d3ffd00000) (1024K)]
  0x000002470c0875e0 JavaThread "C1 CompilerThread1"         daemon [_thread_blocked, id=34580, stack(0x000000d3ffd00000,0x000000d3ffe00000) (1024K)]
  0x000002470c17fed0 JavaThread "Common-Cleaner"             daemon [_thread_blocked, id=34684, stack(0x000000d3ffe00000,0x000000d3fff00000) (1024K)]
  0x000002470c1dddd0 JavaThread "C1 CompilerThread2"         daemon [_thread_blocked, id=34200, stack(0x000000d3fff00000,0x000000d400000000) (1024K)]
  0x000002470c1df4a0 JavaThread "C1 CompilerThread3"         daemon [_thread_blocked, id=32952, stack(0x000000d380000000,0x000000d380100000) (1024K)]
  0x000002470c9da880 JavaThread "Notification Thread"        daemon [_thread_blocked, id=9512, stack(0x000000d380400000,0x000000d380500000) (1024K)]
  0x000002470c2cd830 JavaThread "QuantumRenderer-0"          daemon [_thread_blocked, id=29896, stack(0x000000d380200000,0x000000d380300000) (1024K)]
  0x000002470cc91730 JavaThread "InvokeLaterDispatcher"      daemon [_thread_blocked, id=20600, stack(0x000000d380100000,0x000000d380200000) (1024K)]
  0x000002470cc70730 JavaThread "JavaFX Application Thread"         [_thread_in_native, id=28952, stack(0x000000d380600000,0x000000d380700000) (1024K)]
  0x000002470ce7ede0 JavaThread "JavaFX-Launcher"                   [_thread_blocked, id=30316, stack(0x000000d381200000,0x000000d381300000) (1024K)]
  0x000002470ce80d70 JavaThread "Thread-2"                   daemon [_thread_in_native, id=32324, stack(0x000000d381100000,0x000000d381200000) (1024K)]
  0x000002470ce6dbf0 JavaThread "C2 CompilerThread1"         daemon [_thread_in_native, id=31672, stack(0x000000d381e00000,0x000000d381f00000) (1024K)]
  0x000002470ce6c780 JavaThread "C2 CompilerThread2"         daemon [_thread_in_native, id=24616, stack(0x000000d381f00000,0x000000d382000000) (1024K)]
  0x000002470d260380 JavaThread "mysql-cj-abandoned-connection-cleanup" daemon [_thread_blocked, id=20612, stack(0x000000d382000000,0x000000d382100000) (1024K)]
  0x000002470d25f660 JavaThread "Prism Font Disposer"        daemon [_thread_blocked, id=12392, stack(0x000000d382200000,0x000000d382300000) (1024K)]
Total: 23

Other Threads:
  0x00000246c3e1b200 VMThread "VM Thread"                           [id=31312, stack(0x000000d3ff400000,0x000000d3ff500000) (1024K)]
  0x00000246c3e0a190 WatcherThread "VM Periodic Task Thread"        [id=20424, stack(0x000000d3ff300000,0x000000d3ff400000) (1024K)]
  0x00000246a2045960 WorkerThread "GC Thread#0"                     [id=18204, stack(0x000000d3fee00000,0x000000d3fef00000) (1024K)]
  0x000002470ce81a50 WorkerThread "GC Thread#1"                     [id=7788, stack(0x000000d381300000,0x000000d381400000) (1024K)]
  0x000002470cec3650 WorkerThread "GC Thread#2"                     [id=33968, stack(0x000000d381400000,0x000000d381500000) (1024K)]
  0x000002470cf76080 WorkerThread "GC Thread#3"                     [id=30156, stack(0x000000d381500000,0x000000d381600000) (1024K)]
  0x000002470cf77440 WorkerThread "GC Thread#4"                     [id=17112, stack(0x000000d381600000,0x000000d381700000) (1024K)]
  0x000002470cf78000 WorkerThread "GC Thread#5"                     [id=29676, stack(0x000000d381700000,0x000000d381800000) (1024K)]
  0x000002470cf783b0 WorkerThread "GC Thread#6"                     [id=30348, stack(0x000000d381800000,0x000000d381900000) (1024K)]
  0x000002470cf78760 WorkerThread "GC Thread#7"                     [id=27328, stack(0x000000d381900000,0x000000d381a00000) (1024K)]
  0x000002470cf78b10 WorkerThread "GC Thread#8"                     [id=9084, stack(0x000000d381a00000,0x000000d381b00000) (1024K)]
  0x000002470cf71550 WorkerThread "GC Thread#9"                     [id=33432, stack(0x000000d381b00000,0x000000d381c00000) (1024K)]
  0x000002470cf71900 WorkerThread "GC Thread#10"                    [id=29956, stack(0x000000d381c00000,0x000000d381d00000) (1024K)]
  0x000002470cf70690 WorkerThread "GC Thread#11"                    [id=22592, stack(0x000000d381d00000,0x000000d381e00000) (1024K)]
  0x00000246a205a370 ConcurrentGCThread "G1 Main Marker"            [id=11080, stack(0x000000d3fef00000,0x000000d3ff000000) (1024K)]
  0x00000246a205b030 WorkerThread "G1 Conc#0"                       [id=29836, stack(0x000000d3ff000000,0x000000d3ff100000) (1024K)]
  0x00000246c3cdf730 ConcurrentGCThread "G1 Refine#0"               [id=25312, stack(0x000000d3ff100000,0x000000d3ff200000) (1024K)]
  0x00000246c3ce0ed0 ConcurrentGCThread "G1 Service"                [id=26948, stack(0x000000d3ff200000,0x000000d3ff300000) (1024K)]
Total: 18

Threads with active compile tasks:
C2 CompilerThread0  2142 2327       4       java.lang.invoke.MethodType::makeImpl (109 bytes)
C2 CompilerThread1  2142 2367       4       java.lang.invoke.MethodType::methodType (69 bytes)
C2 CompilerThread2  2142 2720       4       com.sun.javafx.css.StyleMap::getCascadingStyles (384 bytes)
Total: 3

VM state: not at safepoint (normal execution)

VM Mutex/Monitor currently owned by a thread: None

Heap address: 0x000000060a000000, size: 8032 MB, Compressed Oops mode: Zero based, Oop shift amount: 3

CDS archive(s) mapped at: [0x00000246c7000000-0x00000246c7d70000-0x00000246c7d70000), size 14090240, SharedBaseAddress: 0x00000246c7000000, ArchiveRelocationMode: 1.
Compressed class space mapped at: 0x00000246c8000000-0x0000024708000000, reserved size: 1073741824
Narrow klass base: 0x00000246c7000000, Narrow klass shift: 0, Narrow klass range: 0x41000000

GC Precious Log:
 CardTable entry size: 512
 Card Set container configuration: InlinePtr #cards 4 size 8 Array Of Cards #cards 32 size 80 Howl #buckets 8 coarsen threshold 7372 Howl Bitmap #cards 1024 size 144 coarsen threshold 921 Card regions per heap region 1 cards per card region 8192
 CPUs: 16 total, 16 available
 Memory: 32115M
 Large Page Support: Disabled
 NUMA Support: Disabled
 Compressed Oops: Enabled (Zero based)
 Heap Region Size: 4M
 Heap Min Capacity: 8M
 Heap Initial Capacity: 504M
 Heap Max Capacity: 8032M
 Pre-touch: Disabled
 Parallel Workers: 13
 Concurrent Workers: 3
 Concurrent Refinement Workers: 13
 Periodic GC: Disabled

Heap:
 garbage-first heap   total reserved 8224768K, committed 516096K, used 43728K [0x000000060a000000, 0x0000000800000000)
  region size 4096K, 11 young (45056K), 1 survivors (4096K)
 Metaspace       used 19197K, committed 19520K, reserved 1114112K
  class space    used 2891K, committed 3072K, reserved 1048576K

Heap Regions: E=young(eden), S=young(survivor), O=old, HS=humongous(starts), HC=humongous(continues), CS=collection set, F=free, TAMS=top-at-mark-start, PB=parsable bottom
|   0|0x000000060a000000, 0x000000060a2b4048, 0x000000060a400000| 67%| O|  |TAMS 0x000000060a000000| PB 0x000000060a000000| Untracked |  0
|   1|0x000000060a400000, 0x000000060a400000, 0x000000060a800000|  0%| F|  |TAMS 0x000000060a400000| PB 0x000000060a400000| Untracked |  0
|   2|0x000000060a800000, 0x000000060a800000, 0x000000060ac00000|  0%| F|  |TAMS 0x000000060a800000| PB 0x000000060a800000| Untracked |  0
|   3|0x000000060ac00000, 0x000000060ac00000, 0x000000060b000000|  0%| F|  |TAMS 0x000000060ac00000| PB 0x000000060ac00000| Untracked |  0
|   4|0x000000060b000000, 0x000000060b000000, 0x000000060b400000|  0%| F|  |TAMS 0x000000060b000000| PB 0x000000060b000000| Untracked |  0
|   5|0x000000060b400000, 0x000000060b400000, 0x000000060b800000|  0%| F|  |TAMS 0x000000060b400000| PB 0x000000060b400000| Untracked |  0
|   6|0x000000060b800000, 0x000000060b800000, 0x000000060bc00000|  0%| F|  |TAMS 0x000000060b800000| PB 0x000000060b800000| Untracked |  0
|   7|0x000000060bc00000, 0x000000060bc00000, 0x000000060c000000|  0%| F|  |TAMS 0x000000060bc00000| PB 0x000000060bc00000| Untracked |  0
|   8|0x000000060c000000, 0x000000060c000000, 0x000000060c400000|  0%| F|  |TAMS 0x000000060c000000| PB 0x000000060c000000| Untracked |  0
|   9|0x000000060c400000, 0x000000060c400000, 0x000000060c800000|  0%| F|  |TAMS 0x000000060c400000| PB 0x000000060c400000| Untracked |  0
|  10|0x000000060c800000, 0x000000060c800000, 0x000000060cc00000|  0%| F|  |TAMS 0x000000060c800000| PB 0x000000060c800000| Untracked |  0
|  11|0x000000060cc00000, 0x000000060cc00000, 0x000000060d000000|  0%| F|  |TAMS 0x000000060cc00000| PB 0x000000060cc00000| Untracked |  0
|  12|0x000000060d000000, 0x000000060d000000, 0x000000060d400000|  0%| F|  |TAMS 0x000000060d000000| PB 0x000000060d000000| Untracked |  0
|  13|0x000000060d400000, 0x000000060d400000, 0x000000060d800000|  0%| F|  |TAMS 0x000000060d400000| PB 0x000000060d400000| Untracked |  0
|  14|0x000000060d800000, 0x000000060d800000, 0x000000060dc00000|  0%| F|  |TAMS 0x000000060d800000| PB 0x000000060d800000| Untracked |  0
|  15|0x000000060dc00000, 0x000000060dc00000, 0x000000060e000000|  0%| F|  |TAMS 0x000000060dc00000| PB 0x000000060dc00000| Untracked |  0
|  16|0x000000060e000000, 0x000000060e000000, 0x000000060e400000|  0%| F|  |TAMS 0x000000060e000000| PB 0x000000060e000000| Untracked |  0
|  17|0x000000060e400000, 0x000000060e400000, 0x000000060e800000|  0%| F|  |TAMS 0x000000060e400000| PB 0x000000060e400000| Untracked |  0
|  18|0x000000060e800000, 0x000000060e800000, 0x000000060ec00000|  0%| F|  |TAMS 0x000000060e800000| PB 0x000000060e800000| Untracked |  0
|  19|0x000000060ec00000, 0x000000060ec00000, 0x000000060f000000|  0%| F|  |TAMS 0x000000060ec00000| PB 0x000000060ec00000| Untracked |  0
|  20|0x000000060f000000, 0x000000060f000000, 0x000000060f400000|  0%| F|  |TAMS 0x000000060f000000| PB 0x000000060f000000| Untracked |  0
|  21|0x000000060f400000, 0x000000060f400000, 0x000000060f800000|  0%| F|  |TAMS 0x000000060f400000| PB 0x000000060f400000| Untracked |  0
|  22|0x000000060f800000, 0x000000060f800000, 0x000000060fc00000|  0%| F|  |TAMS 0x000000060f800000| PB 0x000000060f800000| Untracked |  0
|  23|0x000000060fc00000, 0x000000060fc00000, 0x0000000610000000|  0%| F|  |TAMS 0x000000060fc00000| PB 0x000000060fc00000| Untracked |  0
|  24|0x0000000610000000, 0x0000000610000000, 0x0000000610400000|  0%| F|  |TAMS 0x0000000610000000| PB 0x0000000610000000| Untracked |  0
|  25|0x0000000610400000, 0x0000000610400000, 0x0000000610800000|  0%| F|  |TAMS 0x0000000610400000| PB 0x0000000610400000| Untracked |  0
|  26|0x0000000610800000, 0x0000000610800000, 0x0000000610c00000|  0%| F|  |TAMS 0x0000000610800000| PB 0x0000000610800000| Untracked |  0
|  27|0x0000000610c00000, 0x0000000610c00000, 0x0000000611000000|  0%| F|  |TAMS 0x0000000610c00000| PB 0x0000000610c00000| Untracked |  0
|  28|0x0000000611000000, 0x0000000611000000, 0x0000000611400000|  0%| F|  |TAMS 0x0000000611000000| PB 0x0000000611000000| Untracked |  0
|  29|0x0000000611400000, 0x0000000611400000, 0x0000000611800000|  0%| F|  |TAMS 0x0000000611400000| PB 0x0000000611400000| Untracked |  0
|  30|0x0000000611800000, 0x0000000611800000, 0x0000000611c00000|  0%| F|  |TAMS 0x0000000611800000| PB 0x0000000611800000| Untracked |  0
|  31|0x0000000611c00000, 0x0000000611c00000, 0x0000000612000000|  0%| F|  |TAMS 0x0000000611c00000| PB 0x0000000611c00000| Untracked |  0
|  32|0x0000000612000000, 0x0000000612000000, 0x0000000612400000|  0%| F|  |TAMS 0x0000000612000000| PB 0x0000000612000000| Untracked |  0
|  33|0x0000000612400000, 0x0000000612400000, 0x0000000612800000|  0%| F|  |TAMS 0x0000000612400000| PB 0x0000000612400000| Untracked |  0
|  34|0x0000000612800000, 0x0000000612800000, 0x0000000612c00000|  0%| F|  |TAMS 0x0000000612800000| PB 0x0000000612800000| Untracked |  0
|  35|0x0000000612c00000, 0x0000000612c00000, 0x0000000613000000|  0%| F|  |TAMS 0x0000000612c00000| PB 0x0000000612c00000| Untracked |  0
|  36|0x0000000613000000, 0x0000000613000000, 0x0000000613400000|  0%| F|  |TAMS 0x0000000613000000| PB 0x0000000613000000| Untracked |  0
|  37|0x0000000613400000, 0x0000000613400000, 0x0000000613800000|  0%| F|  |TAMS 0x0000000613400000| PB 0x0000000613400000| Untracked |  0
|  38|0x0000000613800000, 0x0000000613800000, 0x0000000613c00000|  0%| F|  |TAMS 0x0000000613800000| PB 0x0000000613800000| Untracked |  0
|  39|0x0000000613c00000, 0x0000000613c00000, 0x0000000614000000|  0%| F|  |TAMS 0x0000000613c00000| PB 0x0000000613c00000| Untracked |  0
|  40|0x0000000614000000, 0x0000000614000000, 0x0000000614400000|  0%| F|  |TAMS 0x0000000614000000| PB 0x0000000614000000| Untracked |  0
|  41|0x0000000614400000, 0x0000000614400000, 0x0000000614800000|  0%| F|  |TAMS 0x0000000614400000| PB 0x0000000614400000| Untracked |  0
|  42|0x0000000614800000, 0x0000000614800000, 0x0000000614c00000|  0%| F|  |TAMS 0x0000000614800000| PB 0x0000000614800000| Untracked |  0
|  43|0x0000000614c00000, 0x0000000614c00000, 0x0000000615000000|  0%| F|  |TAMS 0x0000000614c00000| PB 0x0000000614c00000| Untracked |  0
|  44|0x0000000615000000, 0x0000000615000000, 0x0000000615400000|  0%| F|  |TAMS 0x0000000615000000| PB 0x0000000615000000| Untracked |  0
|  45|0x0000000615400000, 0x0000000615400000, 0x0000000615800000|  0%| F|  |TAMS 0x0000000615400000| PB 0x0000000615400000| Untracked |  0
|  46|0x0000000615800000, 0x0000000615800000, 0x0000000615c00000|  0%| F|  |TAMS 0x0000000615800000| PB 0x0000000615800000| Untracked |  0
|  47|0x0000000615c00000, 0x0000000615c00000, 0x0000000616000000|  0%| F|  |TAMS 0x0000000615c00000| PB 0x0000000615c00000| Untracked |  0
|  48|0x0000000616000000, 0x0000000616000000, 0x0000000616400000|  0%| F|  |TAMS 0x0000000616000000| PB 0x0000000616000000| Untracked |  0
|  49|0x0000000616400000, 0x0000000616400000, 0x0000000616800000|  0%| F|  |TAMS 0x0000000616400000| PB 0x0000000616400000| Untracked |  0
|  50|0x0000000616800000, 0x0000000616800000, 0x0000000616c00000|  0%| F|  |TAMS 0x0000000616800000| PB 0x0000000616800000| Untracked |  0
|  51|0x0000000616c00000, 0x0000000616c00000, 0x0000000617000000|  0%| F|  |TAMS 0x0000000616c00000| PB 0x0000000616c00000| Untracked |  0
|  52|0x0000000617000000, 0x0000000617000000, 0x0000000617400000|  0%| F|  |TAMS 0x0000000617000000| PB 0x0000000617000000| Untracked |  0
|  53|0x0000000617400000, 0x0000000617400000, 0x0000000617800000|  0%| F|  |TAMS 0x0000000617400000| PB 0x0000000617400000| Untracked |  0
|  54|0x0000000617800000, 0x0000000617800000, 0x0000000617c00000|  0%| F|  |TAMS 0x0000000617800000| PB 0x0000000617800000| Untracked |  0
|  55|0x0000000617c00000, 0x0000000617c00000, 0x0000000618000000|  0%| F|  |TAMS 0x0000000617c00000| PB 0x0000000617c00000| Untracked |  0
|  56|0x0000000618000000, 0x0000000618000000, 0x0000000618400000|  0%| F|  |TAMS 0x0000000618000000| PB 0x0000000618000000| Untracked |  0
|  57|0x0000000618400000, 0x0000000618400000, 0x0000000618800000|  0%| F|  |TAMS 0x0000000618400000| PB 0x0000000618400000| Untracked |  0
|  58|0x0000000618800000, 0x0000000618800000, 0x0000000618c00000|  0%| F|  |TAMS 0x0000000618800000| PB 0x0000000618800000| Untracked |  0
|  59|0x0000000618c00000, 0x0000000618c00000, 0x0000000619000000|  0%| F|  |TAMS 0x0000000618c00000| PB 0x0000000618c00000| Untracked |  0
|  60|0x0000000619000000, 0x0000000619000000, 0x0000000619400000|  0%| F|  |TAMS 0x0000000619000000| PB 0x0000000619000000| Untracked |  0
|  61|0x0000000619400000, 0x0000000619400000, 0x0000000619800000|  0%| F|  |TAMS 0x0000000619400000| PB 0x0000000619400000| Untracked |  0
|  62|0x0000000619800000, 0x0000000619800000, 0x0000000619c00000|  0%| F|  |TAMS 0x0000000619800000| PB 0x0000000619800000| Untracked |  0
|  63|0x0000000619c00000, 0x0000000619c00000, 0x000000061a000000|  0%| F|  |TAMS 0x0000000619c00000| PB 0x0000000619c00000| Untracked |  0
|  64|0x000000061a000000, 0x000000061a000000, 0x000000061a400000|  0%| F|  |TAMS 0x000000061a000000| PB 0x000000061a000000| Untracked |  0
|  65|0x000000061a400000, 0x000000061a400000, 0x000000061a800000|  0%| F|  |TAMS 0x000000061a400000| PB 0x000000061a400000| Untracked |  0
|  66|0x000000061a800000, 0x000000061a800000, 0x000000061ac00000|  0%| F|  |TAMS 0x000000061a800000| PB 0x000000061a800000| Untracked |  0
|  67|0x000000061ac00000, 0x000000061ac00000, 0x000000061b000000|  0%| F|  |TAMS 0x000000061ac00000| PB 0x000000061ac00000| Untracked |  0
|  68|0x000000061b000000, 0x000000061b000000, 0x000000061b400000|  0%| F|  |TAMS 0x000000061b000000| PB 0x000000061b000000| Untracked |  0
|  69|0x000000061b400000, 0x000000061b400000, 0x000000061b800000|  0%| F|  |TAMS 0x000000061b400000| PB 0x000000061b400000| Untracked |  0
|  70|0x000000061b800000, 0x000000061b800000, 0x000000061bc00000|  0%| F|  |TAMS 0x000000061b800000| PB 0x000000061b800000| Untracked |  0
|  71|0x000000061bc00000, 0x000000061bc00000, 0x000000061c000000|  0%| F|  |TAMS 0x000000061bc00000| PB 0x000000061bc00000| Untracked |  0
|  72|0x000000061c000000, 0x000000061c000000, 0x000000061c400000|  0%| F|  |TAMS 0x000000061c000000| PB 0x000000061c000000| Untracked |  0
|  73|0x000000061c400000, 0x000000061c400000, 0x000000061c800000|  0%| F|  |TAMS 0x000000061c400000| PB 0x000000061c400000| Untracked |  0
|  74|0x000000061c800000, 0x000000061c800000, 0x000000061cc00000|  0%| F|  |TAMS 0x000000061c800000| PB 0x000000061c800000| Untracked |  0
|  75|0x000000061cc00000, 0x000000061cc00000, 0x000000061d000000|  0%| F|  |TAMS 0x000000061cc00000| PB 0x000000061cc00000| Untracked |  0
|  76|0x000000061d000000, 0x000000061d000000, 0x000000061d400000|  0%| F|  |TAMS 0x000000061d000000| PB 0x000000061d000000| Untracked |  0
|  77|0x000000061d400000, 0x000000061d400000, 0x000000061d800000|  0%| F|  |TAMS 0x000000061d400000| PB 0x000000061d400000| Untracked |  0
|  78|0x000000061d800000, 0x000000061d800000, 0x000000061dc00000|  0%| F|  |TAMS 0x000000061d800000| PB 0x000000061d800000| Untracked |  0
|  79|0x000000061dc00000, 0x000000061dc00000, 0x000000061e000000|  0%| F|  |TAMS 0x000000061dc00000| PB 0x000000061dc00000| Untracked |  0
|  80|0x000000061e000000, 0x000000061e000000, 0x000000061e400000|  0%| F|  |TAMS 0x000000061e000000| PB 0x000000061e000000| Untracked |  0
|  81|0x000000061e400000, 0x000000061e400000, 0x000000061e800000|  0%| F|  |TAMS 0x000000061e400000| PB 0x000000061e400000| Untracked |  0
|  82|0x000000061e800000, 0x000000061e800000, 0x000000061ec00000|  0%| F|  |TAMS 0x000000061e800000| PB 0x000000061e800000| Untracked |  0
|  83|0x000000061ec00000, 0x000000061ec00000, 0x000000061f000000|  0%| F|  |TAMS 0x000000061ec00000| PB 0x000000061ec00000| Untracked |  0
|  84|0x000000061f000000, 0x000000061f000000, 0x000000061f400000|  0%| F|  |TAMS 0x000000061f000000| PB 0x000000061f000000| Untracked |  0
|  85|0x000000061f400000, 0x000000061f400000, 0x000000061f800000|  0%| F|  |TAMS 0x000000061f400000| PB 0x000000061f400000| Untracked |  0
|  86|0x000000061f800000, 0x000000061f800000, 0x000000061fc00000|  0%| F|  |TAMS 0x000000061f800000| PB 0x000000061f800000| Untracked |  0
|  87|0x000000061fc00000, 0x000000061fc00000, 0x0000000620000000|  0%| F|  |TAMS 0x000000061fc00000| PB 0x000000061fc00000| Untracked |  0
|  88|0x0000000620000000, 0x0000000620000000, 0x0000000620400000|  0%| F|  |TAMS 0x0000000620000000| PB 0x0000000620000000| Untracked |  0
|  89|0x0000000620400000, 0x0000000620400000, 0x0000000620800000|  0%| F|  |TAMS 0x0000000620400000| PB 0x0000000620400000| Untracked |  0
|  90|0x0000000620800000, 0x0000000620800000, 0x0000000620c00000|  0%| F|  |TAMS 0x0000000620800000| PB 0x0000000620800000| Untracked |  0
|  91|0x0000000620c00000, 0x0000000620c00000, 0x0000000621000000|  0%| F|  |TAMS 0x0000000620c00000| PB 0x0000000620c00000| Untracked |  0
|  92|0x0000000621000000, 0x0000000621000000, 0x0000000621400000|  0%| F|  |TAMS 0x0000000621000000| PB 0x0000000621000000| Untracked |  0
|  93|0x0000000621400000, 0x0000000621400000, 0x0000000621800000|  0%| F|  |TAMS 0x0000000621400000| PB 0x0000000621400000| Untracked |  0
|  94|0x0000000621800000, 0x0000000621800000, 0x0000000621c00000|  0%| F|  |TAMS 0x0000000621800000| PB 0x0000000621800000| Untracked |  0
|  95|0x0000000621c00000, 0x0000000621c00000, 0x0000000622000000|  0%| F|  |TAMS 0x0000000621c00000| PB 0x0000000621c00000| Untracked |  0
|  96|0x0000000622000000, 0x0000000622000000, 0x0000000622400000|  0%| F|  |TAMS 0x0000000622000000| PB 0x0000000622000000| Untracked |  0
|  97|0x0000000622400000, 0x0000000622400000, 0x0000000622800000|  0%| F|  |TAMS 0x0000000622400000| PB 0x0000000622400000| Untracked |  0
|  98|0x0000000622800000, 0x0000000622800000, 0x0000000622c00000|  0%| F|  |TAMS 0x0000000622800000| PB 0x0000000622800000| Untracked |  0
|  99|0x0000000622c00000, 0x0000000622c00000, 0x0000000623000000|  0%| F|  |TAMS 0x0000000622c00000| PB 0x0000000622c00000| Untracked |  0
| 100|0x0000000623000000, 0x0000000623000000, 0x0000000623400000|  0%| F|  |TAMS 0x0000000623000000| PB 0x0000000623000000| Untracked |  0
| 101|0x0000000623400000, 0x0000000623400000, 0x0000000623800000|  0%| F|  |TAMS 0x0000000623400000| PB 0x0000000623400000| Untracked |  0
| 102|0x0000000623800000, 0x0000000623800000, 0x0000000623c00000|  0%| F|  |TAMS 0x0000000623800000| PB 0x0000000623800000| Untracked |  0
| 103|0x0000000623c00000, 0x0000000623c00000, 0x0000000624000000|  0%| F|  |TAMS 0x0000000623c00000| PB 0x0000000623c00000| Untracked |  0
| 104|0x0000000624000000, 0x0000000624000000, 0x0000000624400000|  0%| F|  |TAMS 0x0000000624000000| PB 0x0000000624000000| Untracked |  0
| 105|0x0000000624400000, 0x0000000624400000, 0x0000000624800000|  0%| F|  |TAMS 0x0000000624400000| PB 0x0000000624400000| Untracked |  0
| 106|0x0000000624800000, 0x0000000624800000, 0x0000000624c00000|  0%| F|  |TAMS 0x0000000624800000| PB 0x0000000624800000| Untracked |  0
| 107|0x0000000624c00000, 0x0000000624c00000, 0x0000000625000000|  0%| F|  |TAMS 0x0000000624c00000| PB 0x0000000624c00000| Untracked |  0
| 108|0x0000000625000000, 0x0000000625000000, 0x0000000625400000|  0%| F|  |TAMS 0x0000000625000000| PB 0x0000000625000000| Untracked |  0
| 109|0x0000000625400000, 0x0000000625400000, 0x0000000625800000|  0%| F|  |TAMS 0x0000000625400000| PB 0x0000000625400000| Untracked |  0
| 110|0x0000000625800000, 0x0000000625800000, 0x0000000625c00000|  0%| F|  |TAMS 0x0000000625800000| PB 0x0000000625800000| Untracked |  0
| 111|0x0000000625c00000, 0x0000000625c00000, 0x0000000626000000|  0%| F|  |TAMS 0x0000000625c00000| PB 0x0000000625c00000| Untracked |  0
| 112|0x0000000626000000, 0x0000000626000000, 0x0000000626400000|  0%| F|  |TAMS 0x0000000626000000| PB 0x0000000626000000| Untracked |  0
| 113|0x0000000626400000, 0x0000000626400000, 0x0000000626800000|  0%| F|  |TAMS 0x0000000626400000| PB 0x0000000626400000| Untracked |  0
| 114|0x0000000626800000, 0x0000000626800000, 0x0000000626c00000|  0%| F|  |TAMS 0x0000000626800000| PB 0x0000000626800000| Untracked |  0
| 115|0x0000000626c00000, 0x0000000626ebaf30, 0x0000000627000000| 68%| E|  |TAMS 0x0000000626c00000| PB 0x0000000626c00000| Complete |  0
| 116|0x0000000627000000, 0x0000000627400000, 0x0000000627400000|100%| E|CS|TAMS 0x0000000627000000| PB 0x0000000627000000| Complete |  0
| 117|0x0000000627400000, 0x0000000627800000, 0x0000000627800000|100%| E|CS|TAMS 0x0000000627400000| PB 0x0000000627400000| Complete |  0
| 118|0x0000000627800000, 0x0000000627c00000, 0x0000000627c00000|100%| S|CS|TAMS 0x0000000627800000| PB 0x0000000627800000| Complete |  0
| 119|0x0000000627c00000, 0x0000000628000000, 0x0000000628000000|100%| E|CS|TAMS 0x0000000627c00000| PB 0x0000000627c00000| Complete |  0
| 120|0x0000000628000000, 0x0000000628400000, 0x0000000628400000|100%| E|CS|TAMS 0x0000000628000000| PB 0x0000000628000000| Complete |  0
| 121|0x0000000628400000, 0x0000000628800000, 0x0000000628800000|100%| E|CS|TAMS 0x0000000628400000| PB 0x0000000628400000| Complete |  0
| 122|0x0000000628800000, 0x0000000628c00000, 0x0000000628c00000|100%| E|CS|TAMS 0x0000000628800000| PB 0x0000000628800000| Complete |  0
| 123|0x0000000628c00000, 0x0000000629000000, 0x0000000629000000|100%| E|CS|TAMS 0x0000000628c00000| PB 0x0000000628c00000| Complete |  0
| 124|0x0000000629000000, 0x0000000629400000, 0x0000000629400000|100%| E|CS|TAMS 0x0000000629000000| PB 0x0000000629000000| Complete |  0
| 125|0x0000000629400000, 0x0000000629800000, 0x0000000629800000|100%| E|CS|TAMS 0x0000000629400000| PB 0x0000000629400000| Complete |  0

Card table byte_map: [0x00000246baf00000,0x00000246bbeb0000] _byte_map_base: 0x00000246b7eb0000

Marking Bits: (CMBitMap*) 0x00000246a2046070
 Bits: [0x00000246bbeb0000, 0x00000246c3c30000)

Polling page: 0x000002469fdf0000

Metaspace:

Usage:
  Non-class:     15.92 MB used.
      Class:      2.82 MB used.
       Both:     18.75 MB used.

Virtual space:
  Non-class space:       64.00 MB reserved,      16.06 MB ( 25%) committed,  1 nodes.
      Class space:        1.00 GB reserved,       3.00 MB ( <1%) committed,  1 nodes.
             Both:        1.06 GB reserved,      19.06 MB (  2%) committed. 

Chunk freelists:
   Non-Class:  15.63 MB
       Class:  12.92 MB
        Both:  28.55 MB

MaxMetaspaceSize: unlimited
CompressedClassSpaceSize: 1.00 GB
Initial GC threshold: 21.00 MB
Current GC threshold: 21.00 MB
CDS: on
 - commit_granule_bytes: 65536.
 - commit_granule_words: 8192.
 - virtual_space_node_default_size: 8388608.
 - enlarge_chunks_in_place: 1.
 - use_allocation_guard: 0.


Internal statistics:

num_allocs_failed_limit: 0.
num_arena_births: 290.
num_arena_deaths: 0.
num_vsnodes_births: 2.
num_vsnodes_deaths: 0.
num_space_committed: 305.
num_space_uncommitted: 0.
num_chunks_returned_to_freelist: 0.
num_chunks_taken_from_freelist: 852.
num_chunk_merges: 0.
num_chunk_splits: 619.
num_chunks_enlarged: 483.
num_inconsistent_stats: 0.

CodeHeap 'non-profiled nmethods': size=119232Kb used=885Kb max_used=885Kb free=118346Kb
 bounds [0x00000246b2260000, 0x00000246b24d0000, 0x00000246b96d0000]
CodeHeap 'profiled nmethods': size=119104Kb used=4149Kb max_used=4149Kb free=114954Kb
 bounds [0x00000246aa6d0000, 0x00000246aaae0000, 0x00000246b1b20000]
CodeHeap 'non-nmethods': size=7424Kb used=3477Kb max_used=3487Kb free=3946Kb
 bounds [0x00000246b1b20000, 0x00000246b1e90000, 0x00000246b2260000]
CodeCache: size=245760Kb, used=8511Kb, max_used=8521Kb, free=237246Kb
 total_blobs=3662, nmethods=2835, adapters=729, full_count=0
Compilation: enabled, stopped_count=0, restarted_count=0

Compilation events (20 events):
Event: 1.992 Thread 0x000002470c026340 2652       3       com.sun.javafx.font.FontFileReader$Buffer::getChar (45 bytes)
Event: 1.992 Thread 0x000002470c026340 nmethod 2652 0x00000246aaa95588 code [0x00000246aaa956a0, 0x00000246aaa95828]
Event: 1.993 Thread 0x000002470ce6c780 2653       4       com.sun.javafx.font.FontFileReader$Buffer::getChar (45 bytes)
Event: 1.993 Thread 0x000002470ce6c780 nmethod 2653 0x00000246b2331388 code [0x00000246b2331480, 0x00000246b2331588]
Event: 1.995 Thread 0x000002470c026340 2654       1       javafx.scene.control.SkinBase::getSkinnable (5 bytes)
Event: 1.995 Thread 0x000002470c026340 nmethod 2654 0x00000246b2331688 code [0x00000246b23317a0, 0x00000246b2331870]
Event: 1.999 Thread 0x000002470c1df4a0 2655       3       java.util.WeakHashMap$HashIterator::hasNext (95 bytes)
Event: 1.999 Thread 0x000002470c1df4a0 nmethod 2655 0x00000246aaa95888 code [0x00000246aaa959e0, 0x00000246aaa95f58]
Event: 2.002 Thread 0x000002470c0875e0 2656       3       com.sun.javafx.scene.NodeHelper::setHelper (11 bytes)
Event: 2.002 Thread 0x000002470c1dddd0 2657       3       javafx.scene.Node$1::setHelper (6 bytes)
Event: 2.002 Thread 0x000002470c1dddd0 nmethod 2657 0x00000246aaa95f88 code [0x00000246aaa960a0, 0x00000246aaa96208]
Event: 2.002 Thread 0x000002470c0875e0 nmethod 2656 0x00000246aaa96288 code [0x00000246aaa963c0, 0x00000246aaa965d8]
Event: 2.004 Thread 0x000002470c1df4a0 2658       3       java.util.AbstractList::iterator (9 bytes)
Event: 2.004 Thread 0x000002470c1df4a0 nmethod 2658 0x00000246aaa96688 code [0x00000246aaa967c0, 0x00000246aaa96a60]
Event: 2.005 Thread 0x000002470c1df4a0 2659       1       java.util.Collections$SingletonList::size (2 bytes)
Event: 2.005 Thread 0x000002470c1dddd0 2660       3       javafx.css.StyleableObjectProperty::set (13 bytes)
Event: 2.005 Thread 0x000002470c1df4a0 nmethod 2659 0x00000246b2331988 code [0x00000246b2331aa0, 0x00000246b2331b68]
Event: 2.005 Thread 0x000002470c1dddd0 nmethod 2660 0x00000246aaa96a88 code [0x00000246aaa96bc0, 0x00000246aaa96d78]
Event: 2.006 Thread 0x000002470ce6c780 2661       4       jdk.internal.org.objectweb.asm.MethodWriter::visitEnd (1 bytes)
Event: 2.006 Thread 0x000002470ce6c780 nmethod 2661 0x00000246b2331c88 code [0x00000246b2331d80, 0x00000246b2331df8]

GC Heap History (4 events):
Event: 0.692 GC heap before
{Heap before GC invocations=0 (full 0):
 garbage-first heap   total reserved 8224768K, committed 516096K, used 20480K [0x000000060a000000, 0x0000000800000000)
  region size 4096K, 6 young (24576K), 0 survivors (0K)
 Metaspace       used 3941K, committed 4096K, reserved 1114112K
  class space    used 460K, committed 512K, reserved 1048576K
}
Event: 0.696 GC heap after
{Heap after GC invocations=1 (full 0):
 garbage-first heap   total reserved 8224768K, committed 516096K, used 2508K [0x000000060a000000, 0x0000000800000000)
  region size 4096K, 1 young (4096K), 1 survivors (4096K)
 Metaspace       used 3941K, committed 4096K, reserved 1114112K
  class space    used 460K, committed 512K, reserved 1048576K
}
Event: 1.180 GC heap before
{Heap before GC invocations=1 (full 0):
 garbage-first heap   total reserved 8224768K, committed 516096K, used 22988K [0x000000060a000000, 0x0000000800000000)
  region size 4096K, 7 young (28672K), 1 survivors (4096K)
 Metaspace       used 10369K, committed 10624K, reserved 1114112K
  class space    used 1440K, committed 1600K, reserved 1048576K
}
Event: 1.185 GC heap after
{Heap after GC invocations=2 (full 0):
 garbage-first heap   total reserved 8224768K, committed 516096K, used 6864K [0x000000060a000000, 0x0000000800000000)
  region size 4096K, 1 young (4096K), 1 survivors (4096K)
 Metaspace       used 10369K, committed 10624K, reserved 1114112K
  class space    used 1440K, committed 1600K, reserved 1048576K
}

Dll operation events (20 events):
Event: 0.414 Loaded shared library C:\Users\HP\.openjfx\cache\20.0.2+3\amd64\api-ms-win-crt-math-l1-1-0.dll
Event: 0.416 Loaded shared library C:\Users\HP\.openjfx\cache\20.0.2+3\amd64\api-ms-win-crt-multibyte-l1-1-0.dll
Event: 0.420 Loaded shared library C:\Users\HP\.openjfx\cache\20.0.2+3\amd64\api-ms-win-crt-private-l1-1-0.dll
Event: 0.423 Loaded shared library C:\Users\HP\.openjfx\cache\20.0.2+3\amd64\api-ms-win-crt-process-l1-1-0.dll
Event: 0.426 Loaded shared library C:\Users\HP\.openjfx\cache\20.0.2+3\amd64\api-ms-win-crt-runtime-l1-1-0.dll
Event: 0.429 Loaded shared library C:\Users\HP\.openjfx\cache\20.0.2+3\amd64\api-ms-win-crt-stdio-l1-1-0.dll
Event: 0.432 Loaded shared library C:\Users\HP\.openjfx\cache\20.0.2+3\amd64\api-ms-win-crt-string-l1-1-0.dll
Event: 0.434 Loaded shared library C:\Users\HP\.openjfx\cache\20.0.2+3\amd64\api-ms-win-crt-time-l1-1-0.dll
Event: 0.438 Loaded shared library C:\Users\HP\.openjfx\cache\20.0.2+3\amd64\api-ms-win-crt-utility-l1-1-0.dll
Event: 0.453 Loaded shared library C:\Users\HP\.openjfx\cache\20.0.2+3\amd64\ucrtbase.dll
Event: 0.458 Loaded shared library C:\Users\HP\.openjfx\cache\20.0.2+3\amd64\vcruntime140.dll
Event: 0.461 Loaded shared library C:\Users\HP\.openjfx\cache\20.0.2+3\amd64\vcruntime140_1.dll
Event: 0.470 Loaded shared library C:\Users\HP\.openjfx\cache\20.0.2+3\amd64\msvcp140.dll
Event: 0.473 Loaded shared library C:\Users\HP\.openjfx\cache\20.0.2+3\amd64\msvcp140_1.dll
Event: 0.478 Loaded shared library C:\Users\HP\.openjfx\cache\20.0.2+3\amd64\msvcp140_2.dll
Event: 0.524 Loaded shared library C:\Users\HP\.openjfx\cache\20.0.2+3\amd64\prism_d3d.dll
Event: 0.582 Loaded shared library C:\Users\HP\.openjfx\cache\20.0.2+3\amd64\glass.dll
Event: 0.712 Loaded shared library C:\Users\HP\.jdks\openjdk-23\bin\jimage.dll
Event: 1.058 Loaded shared library C:\Users\HP\.openjfx\cache\20.0.2+3\amd64\javafx_font.dll
Event: 1.385 Loaded shared library C:\Users\HP\.jdks\openjdk-23\bin\extnet.dll

Deoptimization events (20 events):
Event: 1.718 Thread 0x000002470cc70730 DEOPT PACKING pc=0x00000246b2318734 sp=0x000000d3806fd530
Event: 1.718 Thread 0x000002470cc70730 DEOPT UNPACKING pc=0x00000246b1b74402 sp=0x000000d3806fd4b8 mode 2
Event: 1.719 Thread 0x000002470cc70730 Uncommon trap: trap_request=0xffffffde fr.pc=0x00000246b2273f20 relative=0x00000000000001a0
Event: 1.719 Thread 0x000002470cc70730 Uncommon trap: reason=class_check action=maybe_recompile pc=0x00000246b2273f20 method=java.lang.String.equals(Ljava/lang/Object;)Z @ 8 c2
Event: 1.719 Thread 0x000002470cc70730 DEOPT PACKING pc=0x00000246b2273f20 sp=0x000000d3806fdab0
Event: 1.719 Thread 0x000002470cc70730 DEOPT UNPACKING pc=0x00000246b1b74402 sp=0x000000d3806fda48 mode 2
Event: 1.768 Thread 0x000002470cc70730 Uncommon trap: trap_request=0xffffffc6 fr.pc=0x00000246b22e24c8 relative=0x00000000000004c8
Event: 1.768 Thread 0x000002470cc70730 Uncommon trap: reason=bimorphic_or_optimized_type_check action=maybe_recompile pc=0x00000246b22e24c8 method=java.util.HashMap.getNode(Ljava/lang/Object;)Ljava/util/HashMap$Node; @ 128 c2
Event: 1.768 Thread 0x000002470cc70730 DEOPT PACKING pc=0x00000246b22e24c8 sp=0x000000d3806fd5d0
Event: 1.768 Thread 0x000002470cc70730 DEOPT UNPACKING pc=0x00000246b1b74402 sp=0x000000d3806fd4d8 mode 2
Event: 1.769 Thread 0x000002470cc70730 Uncommon trap: trap_request=0xffffffc6 fr.pc=0x00000246b22e15d8 relative=0x00000000000004d8
Event: 1.769 Thread 0x000002470cc70730 Uncommon trap: reason=bimorphic_or_optimized_type_check action=maybe_recompile pc=0x00000246b22e15d8 method=java.util.HashMap.getNode(Ljava/lang/Object;)Ljava/util/HashMap$Node; @ 128 c2
Event: 1.769 Thread 0x000002470cc70730 DEOPT PACKING pc=0x00000246b22e15d8 sp=0x000000d3806fd6c0
Event: 1.769 Thread 0x000002470cc70730 DEOPT UNPACKING pc=0x00000246b1b74402 sp=0x000000d3806fd638 mode 2
Event: 1.801 Thread 0x000002470cc70730 DEOPT PACKING pc=0x00000246aa81396d sp=0x000000d3806fcff0
Event: 1.801 Thread 0x000002470cc70730 DEOPT UNPACKING pc=0x00000246b1b74b22 sp=0x000000d3806fc4e8 mode 0
Event: 1.986 Thread 0x000002470cc70730 Uncommon trap: trap_request=0xffffff45 fr.pc=0x00000246b22de484 relative=0x00000000000001e4
Event: 1.986 Thread 0x000002470cc70730 Uncommon trap: reason=unstable_if action=reinterpret pc=0x00000246b22de484 method=java.io.ByteArrayInputStream.read()I @ 8 c2
Event: 1.986 Thread 0x000002470cc70730 DEOPT PACKING pc=0x00000246b22de484 sp=0x000000d3806fc400
Event: 1.986 Thread 0x000002470cc70730 DEOPT UNPACKING pc=0x00000246b1b74402 sp=0x000000d3806fc3a8 mode 2

Classes loaded (20 events):
Event: 1.986 Loading class jdk/internal/icu/impl/ICUBinary$1
Event: 1.986 Loading class jdk/internal/icu/impl/ICUBinary$1 done
Event: 1.986 Loading class jdk/internal/icu/impl/UBiDiProps$IsAcceptable
Event: 1.986 Loading class jdk/internal/icu/impl/ICUBinary$Authenticate
Event: 1.986 Loading class jdk/internal/icu/impl/ICUBinary$Authenticate done
Event: 1.986 Loading class jdk/internal/icu/impl/UBiDiProps$IsAcceptable done
Event: 1.986 Loading class jdk/internal/icu/impl/Trie2_16
Event: 1.986 Loading class jdk/internal/icu/impl/Trie2
Event: 1.986 Loading class jdk/internal/icu/impl/Trie2 done
Event: 1.986 Loading class jdk/internal/icu/impl/Trie2_16 done
Event: 1.986 Loading class jdk/internal/icu/impl/Trie2$1
Event: 1.987 Loading class jdk/internal/icu/impl/Trie2$ValueMapper
Event: 1.987 Loading class jdk/internal/icu/impl/Trie2$ValueMapper done
Event: 1.987 Loading class jdk/internal/icu/impl/Trie2$1 done
Event: 1.987 Loading class jdk/internal/icu/impl/Trie2$UTrie2Header
Event: 1.987 Loading class jdk/internal/icu/impl/Trie2$UTrie2Header done
Event: 1.989 Loading class jdk/internal/icu/text/UTF16
Event: 1.989 Loading class jdk/internal/icu/text/UTF16 done
Event: 1.990 Loading class jdk/internal/icu/text/BidiLine
Event: 1.990 Loading class jdk/internal/icu/text/BidiLine done

Classes unloaded (0 events):
No events

Classes redefined (0 events):
No events

Internal exceptions (20 events):
Event: 0.963 Thread 0x000002470cc70730 Exception <a 'java/lang/NoSuchMethodError'{0x00000006288cdd28}: 'void java.lang.invoke.DelegatingMethodHandle$Holder.reinvoke_L(java.lang.Object, java.lang.Object, int)'> (0x00000006288cdd28) 
thrown [s\open\src\hotspot\share\interpreter\linkResolver.cpp, line 796]
Event: 0.963 Thread 0x000002470cc70730 Exception <a 'java/lang/NoSuchMethodError'{0x00000006288d4b38}: 'int java.lang.invoke.DirectMethodHandle$Holder.invokeSpecial(java.lang.Object, java.lang.Object, java.lang.Object)'> (0x00000006288d4b38) 
thrown [s\open\src\hotspot\share\interpreter\linkResolver.cpp, line 796]
Event: 0.988 Thread 0x000002470cc70730 Exception <a 'java/lang/NoSuchMethodError'{0x0000000628933600}: 'void java.lang.invoke.DirectMethodHandle$Holder.invokeStatic(java.lang.Object, int, java.lang.Object)'> (0x0000000628933600) 
thrown [s\open\src\hotspot\share\interpreter\linkResolver.cpp, line 796]
Event: 1.033 Thread 0x000002470cc70730 Exception <a 'java/lang/ClassNotFoundException'{0x0000000628a688a0}: com/sun/glass/ui/win/themes> (0x0000000628a688a0) 
thrown [s\open\src\hotspot\share\prims\jni.cpp, line 539]
Event: 1.034 Thread 0x000002470cc70730 Exception <a 'java/lang/ClassNotFoundException'{0x0000000628a70920}: com/sun/glass/ui/win/themes_fr> (0x0000000628a70920) 
thrown [s\open\src\hotspot\share\prims\jni.cpp, line 539]
Event: 1.034 Thread 0x000002470cc70730 Exception <a 'java/lang/ClassNotFoundException'{0x0000000628a787c8}: com/sun/glass/ui/win/themes_fr_FR> (0x0000000628a787c8) 
thrown [s\open\src\hotspot\share\prims\jni.cpp, line 539]
Event: 1.123 Thread 0x000002470cc70730 Exception <a 'java/lang/NoSuchMethodError'{0x0000000628070c28}: 'void java.lang.invoke.DirectMethodHandle$Holder.invokeStaticInit(java.lang.Object, java.lang.Object)'> (0x0000000628070c28) 
thrown [s\open\src\hotspot\share\interpreter\linkResolver.cpp, line 796]
Event: 1.155 Thread 0x000002470cc70730 Exception <a 'java/lang/NoSuchMethodError'{0x00000006282454e8}: 'void java.lang.invoke.Invokers$Holder.invokeExact_MT(java.lang.Object, java.lang.Object, java.lang.Object, java.lang.Object)'> (0x00000006282454e8) 
thrown [s\open\src\hotspot\share\interpreter\linkResolver.cpp, line 796]
Event: 1.285 Thread 0x000002470cc70730 Exception <a 'java/lang/NoSuchMethodError'{0x00000006297ce8b8}: 'java.lang.Object java.lang.invoke.DirectMethodHandle$Holder.invokeVirtual(java.lang.Object, java.lang.Object, java.lang.Object)'> (0x00000006297ce8b8) 
thrown [s\open\src\hotspot\share\interpreter\linkResolver.cpp, line 796]
Event: 1.591 Thread 0x000002470cc70730 Exception <a 'java/io/FileNotFoundException'{0x0000000628aa9cd0}> (0x0000000628aa9cd0) 
thrown [s\open\src\hotspot\share\prims\jni.cpp, line 520]
Event: 1.637 Thread 0x000002470cc70730 Exception <a 'java/lang/ClassNotFoundException'{0x000000062858b658}: com/sun/javafx/scene/control/skin/resources/controls-nt> (0x000000062858b658) 
thrown [s\open\src\hotspot\share\prims\jni.cpp, line 539]
Event: 1.637 Thread 0x000002470cc70730 Exception <a 'java/lang/ClassNotFoundException'{0x00000006285939e8}: com/sun/javafx/scene/control/skin/resources/controls-nt_fr> (0x00000006285939e8) 
thrown [s\open\src\hotspot\share\prims\jni.cpp, line 539]
Event: 1.637 Thread 0x000002470cc70730 Exception <a 'java/lang/ClassNotFoundException'{0x0000000628594ca0}: com/sun/javafx/scene/control/skin/resources/controls-nt_fr_FR> (0x0000000628594ca0) 
thrown [s\open\src\hotspot\share\prims\jni.cpp, line 539]
Event: 1.752 Thread 0x000002470cc70730 Exception <a 'java/lang/NoSuchMethodError'{0x0000000628386bc0}: 'java.lang.Object java.lang.invoke.DirectMethodHandle$Holder.invokeInterface(java.lang.Object, java.lang.Object, java.lang.Object)'> (0x0000000628386bc0) 
thrown [s\open\src\hotspot\share\interpreter\linkResolver.cpp, line 796]
Event: 1.752 Thread 0x000002470cc70730 Exception <a 'java/lang/IncompatibleClassChangeError'{0x0000000628389fd0}: Found class java.lang.Object, but interface was expected> (0x0000000628389fd0) 
thrown [s\open\src\hotspot\share\interpreter\linkResolver.cpp, line 863]
Event: 1.800 Thread 0x000002470cc70730 Exception <a 'java/lang/ClassNotFoundException'{0x0000000627e95848}: com/sun/javafx/scene/control/skin/resources/controls> (0x0000000627e95848) 
thrown [s\open\src\hotspot\share\prims\jni.cpp, line 539]
Event: 1.801 Thread 0x000002470cc70730 Exception <a 'java/lang/ClassNotFoundException'{0x0000000627ea35b8}: com/sun/javafx/scene/control/skin/resources/controls_fr> (0x0000000627ea35b8) 
thrown [s\open\src\hotspot\share\prims\jni.cpp, line 539]
Event: 1.802 Thread 0x000002470cc70730 Exception <a 'java/lang/ClassNotFoundException'{0x0000000627eb10b8}: com/sun/javafx/scene/control/skin/resources/controls_fr_FR> (0x0000000627eb10b8) 
thrown [s\open\src\hotspot\share\prims\jni.cpp, line 539]
Event: 1.836 Thread 0x000002470cc70730 Exception <a 'java/lang/NoSuchMethodError'{0x00000006274bbf30}: 'void java.lang.invoke.DirectMethodHandle$Holder.invokeSpecial(java.lang.Object, java.lang.Object, java.lang.Object, java.lang.Object, java.lang.Object, java.lang.Object)'> (0x00000006274bbf30) 
thrown [s\open\src\hotspot\share\interpreter\linkResolver.cpp, line 796]
Event: 1.990 Thread 0x000002470cc70730 Exception <a 'java/lang/NoSuchMethodError'{0x0000000627356c08}: 'int java.lang.invoke.DirectMethodHandle$Holder.invokeSpecial(java.lang.Object, java.lang.Object, int)'> (0x0000000627356c08) 
thrown [s\open\src\hotspot\share\interpreter\linkResolver.cpp, line 796]

VM Operations (20 events):
Event: 0.692 Executing VM operation: G1CollectForAllocation (G1 Evacuation Pause)
Event: 0.696 Executing VM operation: G1CollectForAllocation (G1 Evacuation Pause) done
Event: 0.764 Executing VM operation: HandshakeAllThreads (Deoptimize)
Event: 0.764 Executing VM operation: HandshakeAllThreads (Deoptimize) done
Event: 0.887 Executing VM operation: HandshakeAllThreads (Deoptimize)
Event: 0.887 Executing VM operation: HandshakeAllThreads (Deoptimize) done
Event: 1.063 Executing VM operation: HandshakeAllThreads (Deoptimize)
Event: 1.063 Executing VM operation: HandshakeAllThreads (Deoptimize) done
Event: 1.180 Executing VM operation: G1CollectForAllocation (G1 Evacuation Pause)
Event: 1.185 Executing VM operation: G1CollectForAllocation (G1 Evacuation Pause) done
Event: 1.246 Executing VM operation: HandshakeAllThreads (Deoptimize)
Event: 1.246 Executing VM operation: HandshakeAllThreads (Deoptimize) done
Event: 1.246 Executing VM operation: HandshakeAllThreads (Deoptimize)
Event: 1.246 Executing VM operation: HandshakeAllThreads (Deoptimize) done
Event: 1.268 Executing VM operation: HandshakeAllThreads (Deoptimize)
Event: 1.268 Executing VM operation: HandshakeAllThreads (Deoptimize) done
Event: 1.281 Executing VM operation: HandshakeAllThreads (Deoptimize)
Event: 1.281 Executing VM operation: HandshakeAllThreads (Deoptimize) done
Event: 1.527 Executing VM operation: HandshakeAllThreads (Deoptimize)
Event: 1.527 Executing VM operation: HandshakeAllThreads (Deoptimize) done

Memory protections (0 events):
No events

Nmethod flushes (0 events):
No events

Events (20 events):
Event: 0.046 Thread 0x000002470c026340 Thread added: 0x000002470c0875e0
Event: 0.073 Thread 0x000002469fc41ce0 Thread added: 0x000002470c17fed0
Event: 0.113 Thread 0x000002470c021860 Thread added: 0x000002470c1dddd0
Event: 0.113 Thread 0x000002470c021860 Thread added: 0x000002470c1df4a0
Event: 0.135 Thread 0x000002470c021860 Thread added: 0x000002470c2cd170
Event: 0.135 Thread 0x000002470c021860 Thread added: 0x000002470c2cd830
Event: 0.135 Thread 0x000002470c021860 Thread added: 0x000002470c2bde00
Event: 0.185 Thread 0x000002469fc41ce0 Thread added: 0x000002470c9da880
Event: 0.463 Thread 0x000002470c2bde00 Thread exited: 0x000002470c2bde00
Event: 0.511 Thread 0x000002470c2cd830 Thread exited: 0x000002470c2cd830
Event: 0.515 Thread 0x000002469fc41ce0 Thread added: 0x000002470c2cd830
Event: 0.566 Thread 0x000002470c2cd170 Thread exited: 0x000002470c2cd170
Event: 0.584 Thread 0x000002469fc41ce0 Thread added: 0x000002470cc91730
Event: 0.588 Thread 0x000002469fc41ce0 Thread added: 0x000002470cc70730
Event: 0.672 Thread 0x000002469fc41ce0 Thread added: 0x000002470ce7ede0
Event: 0.682 Thread 0x000002470ce80d70 Thread added: 0x000002470ce80d70
Event: 0.719 Thread 0x000002470c021860 Thread added: 0x000002470ce6dbf0
Event: 0.851 Thread 0x000002470c1df4a0 Thread added: 0x000002470ce6c780
Event: 1.242 Thread 0x000002470cc70730 Thread added: 0x000002470d260380
Event: 1.744 Thread 0x000002470cc70730 Thread added: 0x000002470d25f660


Dynamic libraries:
0x00007ff6a3ec0000 - 0x00007ff6a3ed0000 	C:\Users\HP\.jdks\openjdk-23\bin\java.exe
0x00007ffd12350000 - 0x00007ffd12548000 	C:\Windows\SYSTEM32\ntdll.dll
0x00007ffd11b10000 - 0x00007ffd11bd2000 	C:\Windows\System32\KERNEL32.DLL
0x00007ffd0fb30000 - 0x00007ffd0fe2f000 	C:\Windows\System32\KERNELBASE.dll
0x00007ffd0cfd0000 - 0x00007ffd0d064000 	C:\Windows\SYSTEM32\apphelp.dll
0x00007ffd0ff50000 - 0x00007ffd10050000 	C:\Windows\System32\ucrtbase.dll
0x00007ffcdf7d0000 - 0x00007ffcdf7eb000 	C:\Users\HP\.jdks\openjdk-23\bin\VCRUNTIME140.dll
0x00007ffcdf7f0000 - 0x00007ffcdf807000 	C:\Users\HP\.jdks\openjdk-23\bin\jli.dll
0x00007ffd11de0000 - 0x00007ffd11f7d000 	C:\Windows\System32\USER32.dll
0x00007ffd0fa90000 - 0x00007ffd0fab2000 	C:\Windows\System32\win32u.dll
0x00007ffd11650000 - 0x00007ffd1167b000 	C:\Windows\System32\GDI32.dll
0x00007ffcfb0e0000 - 0x00007ffcfb37a000 	C:\Windows\WinSxS\amd64_microsoft.windows.common-controls_6595b64144ccf1df_6.0.19041.4355_none_60b8b9eb71f62e16\COMCTL32.dll
0x00007ffd0fe30000 - 0x00007ffd0ff4a000 	C:\Windows\System32\gdi32full.dll
0x00007ffd0f9f0000 - 0x00007ffd0fa8d000 	C:\Windows\System32\msvcp_win.dll
0x00007ffd10370000 - 0x00007ffd1040e000 	C:\Windows\System32\msvcrt.dll
0x00007ffd111f0000 - 0x00007ffd1121f000 	C:\Windows\System32\IMM32.DLL
0x00007ffd0cef0000 - 0x00007ffd0cefc000 	C:\Users\HP\.jdks\openjdk-23\bin\vcruntime140_1.dll
0x00007ffcd3ed0000 - 0x00007ffcd3f5e000 	C:\Users\HP\.jdks\openjdk-23\bin\msvcp140.dll
0x00007ffc6e6e0000 - 0x00007ffc6f42f000 	C:\Users\HP\.jdks\openjdk-23\bin\server\jvm.dll
0x00007ffd113d0000 - 0x00007ffd1147f000 	C:\Windows\System32\ADVAPI32.dll
0x00007ffd11cc0000 - 0x00007ffd11d5f000 	C:\Windows\System32\sechost.dll
0x00007ffd107d0000 - 0x00007ffd108f3000 	C:\Windows\System32\RPCRT4.dll
0x00007ffd100e0000 - 0x00007ffd10107000 	C:\Windows\System32\bcrypt.dll
0x00007ffd10a10000 - 0x00007ffd10a7b000 	C:\Windows\System32\WS2_32.dll
0x00007ffd0ef30000 - 0x00007ffd0ef7b000 	C:\Windows\SYSTEM32\POWRPROF.dll
0x00007ffd07810000 - 0x00007ffd0781a000 	C:\Windows\SYSTEM32\VERSION.dll
0x00007ffd05320000 - 0x00007ffd05347000 	C:\Windows\SYSTEM32\WINMM.dll
0x00007ffd0edf0000 - 0x00007ffd0ee02000 	C:\Windows\SYSTEM32\UMPDC.dll
0x00007ffd0d870000 - 0x00007ffd0d882000 	C:\Windows\SYSTEM32\kernel.appcore.dll
0x00007ffce3b00000 - 0x00007ffce3b0a000 	C:\Users\HP\.jdks\openjdk-23\bin\jimage.dll
0x00007ffd01530000 - 0x00007ffd01714000 	C:\Windows\SYSTEM32\DBGHELP.DLL
0x00007ffcf3510000 - 0x00007ffcf3544000 	C:\Windows\SYSTEM32\dbgcore.DLL
0x00007ffd10050000 - 0x00007ffd100d2000 	C:\Windows\System32\bcryptPrimitives.dll
0x00007ffcdc300000 - 0x00007ffcdc31e000 	C:\Users\HP\.jdks\openjdk-23\bin\java.dll
0x00007ffd12060000 - 0x00007ffd1218b000 	C:\Windows\System32\ole32.dll
0x00007ffd10410000 - 0x00007ffd10765000 	C:\Windows\System32\combase.dll
0x00007ffd10a80000 - 0x00007ffd111ed000 	C:\Windows\System32\SHELL32.dll
0x00007ffd0da70000 - 0x00007ffd0e214000 	C:\Windows\SYSTEM32\windows.storage.dll
0x00007ffd0f420000 - 0x00007ffd0f44f000 	C:\Windows\SYSTEM32\Wldp.dll
0x00007ffd12240000 - 0x00007ffd1230d000 	C:\Windows\System32\OLEAUT32.dll
0x00007ffd10900000 - 0x00007ffd109ad000 	C:\Windows\System32\SHCORE.dll
0x00007ffd109b0000 - 0x00007ffd10a05000 	C:\Windows\System32\shlwapi.dll
0x00007ffd0f920000 - 0x00007ffd0f944000 	C:\Windows\SYSTEM32\profapi.dll
0x00007ffcd2440000 - 0x00007ffcd2517000 	C:\Users\HP\.jdks\openjdk-23\bin\jsvml.dll
0x00007ffcdc930000 - 0x00007ffcdc940000 	C:\Users\HP\.jdks\openjdk-23\bin\net.dll
0x00007ffd0f180000 - 0x00007ffd0f1ec000 	C:\Windows\system32\mswsock.dll
0x00007ffcd8160000 - 0x00007ffcd8176000 	C:\Users\HP\.jdks\openjdk-23\bin\nio.dll
0x00007ffcd81a0000 - 0x00007ffcd81b7000 	C:\Users\HP\.jdks\openjdk-23\bin\zip.dll
0x000002469fe30000 - 0x000002469fe33000 	C:\Users\HP\.openjfx\cache\20.0.2+3\amd64\api-ms-win-core-console-l1-1-0.dll
0x000002469fe40000 - 0x000002469fe43000 	C:\Users\HP\.openjfx\cache\20.0.2+3\amd64\api-ms-win-core-console-l1-2-0.dll
0x000002469fe50000 - 0x000002469fe53000 	C:\Users\HP\.openjfx\cache\20.0.2+3\amd64\api-ms-win-core-datetime-l1-1-0.dll
0x000002469fe60000 - 0x000002469fe63000 	C:\Users\HP\.openjfx\cache\20.0.2+3\amd64\api-ms-win-core-debug-l1-1-0.dll
0x000002469fe70000 - 0x000002469fe73000 	C:\Users\HP\.openjfx\cache\20.0.2+3\amd64\api-ms-win-core-errorhandling-l1-1-0.dll
0x00000246c6d90000 - 0x00000246c6d94000 	C:\Users\HP\.openjfx\cache\20.0.2+3\amd64\api-ms-win-core-file-l1-1-0.dll
0x00000246c6da0000 - 0x00000246c6da3000 	C:\Users\HP\.openjfx\cache\20.0.2+3\amd64\api-ms-win-core-file-l1-2-0.dll
0x00000246c6db0000 - 0x00000246c6db3000 	C:\Users\HP\.openjfx\cache\20.0.2+3\amd64\api-ms-win-core-file-l2-1-0.dll
0x00000246c6dc0000 - 0x00000246c6dc3000 	C:\Users\HP\.openjfx\cache\20.0.2+3\amd64\api-ms-win-core-handle-l1-1-0.dll
0x00000246c6dd0000 - 0x00000246c6dd3000 	C:\Users\HP\.openjfx\cache\20.0.2+3\amd64\api-ms-win-core-heap-l1-1-0.dll
0x00000246c6de0000 - 0x00000246c6de3000 	C:\Users\HP\.openjfx\cache\20.0.2+3\amd64\api-ms-win-core-interlocked-l1-1-0.dll
0x00000246c6df0000 - 0x00000246c6df3000 	C:\Users\HP\.openjfx\cache\20.0.2+3\amd64\api-ms-win-core-libraryloader-l1-1-0.dll
0x00000246c6e00000 - 0x00000246c6e03000 	C:\Users\HP\.openjfx\cache\20.0.2+3\amd64\api-ms-win-core-localization-l1-2-0.dll
0x00000246c6e10000 - 0x00000246c6e13000 	C:\Users\HP\.openjfx\cache\20.0.2+3\amd64\api-ms-win-core-memory-l1-1-0.dll
0x00000246c6e20000 - 0x00000246c6e23000 	C:\Users\HP\.openjfx\cache\20.0.2+3\amd64\api-ms-win-core-namedpipe-l1-1-0.dll
0x00000246c6e30000 - 0x00000246c6e33000 	C:\Users\HP\.openjfx\cache\20.0.2+3\amd64\api-ms-win-core-processenvironment-l1-1-0.dll
0x00000246c6e40000 - 0x00000246c6e43000 	C:\Users\HP\.openjfx\cache\20.0.2+3\amd64\api-ms-win-core-processthreads-l1-1-0.dll
0x00000246c6e50000 - 0x00000246c6e53000 	C:\Users\HP\.openjfx\cache\20.0.2+3\amd64\api-ms-win-core-processthreads-l1-1-1.dll
0x00000246c6e60000 - 0x00000246c6e63000 	C:\Users\HP\.openjfx\cache\20.0.2+3\amd64\api-ms-win-core-profile-l1-1-0.dll
0x00000246c6e70000 - 0x00000246c6e73000 	C:\Users\HP\.openjfx\cache\20.0.2+3\amd64\api-ms-win-core-rtlsupport-l1-1-0.dll
0x00000246c6e80000 - 0x00000246c6e83000 	C:\Users\HP\.openjfx\cache\20.0.2+3\amd64\api-ms-win-core-string-l1-1-0.dll
0x00000246c6e90000 - 0x00000246c6e93000 	C:\Users\HP\.openjfx\cache\20.0.2+3\amd64\api-ms-win-core-synch-l1-1-0.dll
0x00000246c6ea0000 - 0x00000246c6ea3000 	C:\Users\HP\.openjfx\cache\20.0.2+3\amd64\api-ms-win-core-synch-l1-2-0.dll
0x00000246c6eb0000 - 0x00000246c6eb3000 	C:\Users\HP\.openjfx\cache\20.0.2+3\amd64\api-ms-win-core-sysinfo-l1-1-0.dll
0x00000246c6ec0000 - 0x00000246c6ec3000 	C:\Users\HP\.openjfx\cache\20.0.2+3\amd64\api-ms-win-core-timezone-l1-1-0.dll
0x00000246c6ed0000 - 0x00000246c6ed3000 	C:\Users\HP\.openjfx\cache\20.0.2+3\amd64\api-ms-win-core-util-l1-1-0.dll
0x00000246c6ee0000 - 0x00000246c6ee3000 	C:\Users\HP\.openjfx\cache\20.0.2+3\amd64\api-ms-win-crt-conio-l1-1-0.dll
0x00000246c6ef0000 - 0x00000246c6ef4000 	C:\Users\HP\.openjfx\cache\20.0.2+3\amd64\api-ms-win-crt-convert-l1-1-0.dll
0x00000246c6f00000 - 0x00000246c6f03000 	C:\Users\HP\.openjfx\cache\20.0.2+3\amd64\api-ms-win-crt-environment-l1-1-0.dll
0x00000246c6f10000 - 0x00000246c6f13000 	C:\Users\HP\.openjfx\cache\20.0.2+3\amd64\api-ms-win-crt-filesystem-l1-1-0.dll
0x00000246c6f20000 - 0x00000246c6f23000 	C:\Users\HP\.openjfx\cache\20.0.2+3\amd64\api-ms-win-crt-heap-l1-1-0.dll
0x00000246c6f30000 - 0x00000246c6f33000 	C:\Users\HP\.openjfx\cache\20.0.2+3\amd64\api-ms-win-crt-locale-l1-1-0.dll
0x00000246c6f40000 - 0x00000246c6f45000 	C:\Users\HP\.openjfx\cache\20.0.2+3\amd64\api-ms-win-crt-math-l1-1-0.dll
0x00000246c6f50000 - 0x00000246c6f55000 	C:\Users\HP\.openjfx\cache\20.0.2+3\amd64\api-ms-win-crt-multibyte-l1-1-0.dll
0x00000246c6f60000 - 0x00000246c6f70000 	C:\Users\HP\.openjfx\cache\20.0.2+3\amd64\api-ms-win-crt-private-l1-1-0.dll
0x00000246c6f70000 - 0x00000246c6f73000 	C:\Users\HP\.openjfx\cache\20.0.2+3\amd64\api-ms-win-crt-process-l1-1-0.dll
0x00000246c6f80000 - 0x00000246c6f84000 	C:\Users\HP\.openjfx\cache\20.0.2+3\amd64\api-ms-win-crt-runtime-l1-1-0.dll
0x00000246c6f90000 - 0x00000246c6f94000 	C:\Users\HP\.openjfx\cache\20.0.2+3\amd64\api-ms-win-crt-stdio-l1-1-0.dll
0x00000246c6fa0000 - 0x00000246c6fa4000 	C:\Users\HP\.openjfx\cache\20.0.2+3\amd64\api-ms-win-crt-string-l1-1-0.dll
0x00000246c6fb0000 - 0x00000246c6fb3000 	C:\Users\HP\.openjfx\cache\20.0.2+3\amd64\api-ms-win-crt-time-l1-1-0.dll
0x00000246c6fc0000 - 0x00000246c6fc3000 	C:\Users\HP\.openjfx\cache\20.0.2+3\amd64\api-ms-win-crt-utility-l1-1-0.dll
0x00007ffcd43e0000 - 0x00007ffcd44dc000 	C:\Users\HP\.openjfx\cache\20.0.2+3\amd64\ucrtbase.dll
0x00007ffd0c3a0000 - 0x00007ffd0c3bb000 	C:\Users\HP\.openjfx\cache\20.0.2+3\amd64\vcruntime140.dll
0x00007ffcf55d0000 - 0x00007ffcf55dc000 	C:\Users\HP\.openjfx\cache\20.0.2+3\amd64\vcruntime140_1.dll
0x00007ffcd4350000 - 0x00007ffcd43de000 	C:\Users\HP\.openjfx\cache\20.0.2+3\amd64\msvcp140.dll
0x00007ffcf5380000 - 0x00007ffcf5389000 	C:\Users\HP\.openjfx\cache\20.0.2+3\amd64\msvcp140_1.dll
0x00007ffcf5350000 - 0x00007ffcf5380000 	C:\Users\HP\.openjfx\cache\20.0.2+3\amd64\msvcp140_2.dll
0x00007ffcda5f0000 - 0x00007ffcda61f000 	C:\Users\HP\.openjfx\cache\20.0.2+3\amd64\prism_d3d.dll
0x00007ffccfeb0000 - 0x00007ffcd0081000 	C:\Windows\system32\d3d9.dll
0x00007ffd0d690000 - 0x00007ffd0d6bf000 	C:\Windows\SYSTEM32\dwmapi.dll
0x00007ffd0d380000 - 0x00007ffd0d41e000 	C:\Windows\system32\uxtheme.dll
0x00007ffd05350000 - 0x00007ffd0552b000 	C:\Windows\System32\DriverStore\FileRepository\u0366719.inf_amd64_de6b06f3cfe1e6ce\B366682\aticfx64.dll
0x00007ffcdc3d0000 - 0x00007ffcdc403000 	C:\Windows\System32\DriverStore\FileRepository\u0366719.inf_amd64_de6b06f3cfe1e6ce\B366682\atiu9p64.dll
0x00007ffc6fb00000 - 0x00007ffc70821000 	C:\Windows\System32\DriverStore\FileRepository\u0366719.inf_amd64_de6b06f3cfe1e6ce\B366682\atiumd64.dll
0x0000000075040000 - 0x0000000075f02000 	C:\Windows\System32\DriverStore\FileRepository\u0366719.inf_amd64_de6b06f3cfe1e6ce\B366682\atiumd6a.dll
0x00007ffd029c0000 - 0x00007ffd029f0000 	C:\Windows\SYSTEM32\amdihk64.dll
0x00007ffcd38a0000 - 0x00007ffcd38e2000 	C:\Users\HP\.openjfx\cache\20.0.2+3\amd64\glass.dll
0x00007ffd11f80000 - 0x00007ffd1205a000 	C:\Windows\System32\COMDLG32.dll
0x00007ffd11480000 - 0x00007ffd11595000 	C:\Windows\System32\MSCTF.dll
0x00007ffd060b0000 - 0x00007ffd060eb000 	C:\Windows\SYSTEM32\dxcore.dll
0x00007ffd10320000 - 0x00007ffd1036e000 	C:\Windows\System32\cfgmgr32.dll
0x00007ffcd78d0000 - 0x00007ffcd78e4000 	C:\Users\HP\.openjfx\cache\20.0.2+3\amd64\javafx_font.dll
0x00007ffd0ee50000 - 0x00007ffd0ef1a000 	C:\Windows\SYSTEM32\DNSAPI.dll
0x00007ffd0ee10000 - 0x00007ffd0ee4b000 	C:\Windows\SYSTEM32\IPHLPAPI.DLL
0x00007ffd11ca0000 - 0x00007ffd11ca8000 	C:\Windows\System32\NSI.dll
0x00000000775a0000 - 0x00000000775c6000 	C:\Program Files\Bonjour\mdnsNSP.dll
0x00007ffd088d0000 - 0x00007ffd088da000 	C:\Windows\System32\rasadhlp.dll
0x00007ffd05d70000 - 0x00007ffd05df0000 	C:\Windows\System32\fwpuclnt.dll
0x00007ffcdc2f0000 - 0x00007ffcdc2f9000 	C:\Users\HP\.jdks\openjdk-23\bin\extnet.dll
0x00007ffcf80c0000 - 0x00007ffcf833f000 	C:\Windows\SYSTEM32\dwrite.dll
0x00007ffd115a0000 - 0x00007ffd11649000 	C:\Windows\System32\clbcatq.dll
0x00007ffd0d1c0000 - 0x00007ffd0d374000 	C:\Windows\SYSTEM32\WindowsCodecs.dll
0x00007ffce1570000 - 0x00007ffce15ae000 	C:\Windows\system32\dataexchange.dll
0x00007ffd0b710000 - 0x00007ffd0b973000 	C:\Windows\system32\d3d11.dll
0x00007ffd0c3f0000 - 0x00007ffd0c5d4000 	C:\Windows\system32\dcomp.dll
0x00007ffd0e280000 - 0x00007ffd0e376000 	C:\Windows\system32\dxgi.dll
0x00007ffd08b40000 - 0x00007ffd08d43000 	C:\Windows\system32\twinapi.appcore.dll
0x00007ffcefc30000 - 0x00007ffcefc64000 	C:\Program Files\Common Files\Microsoft Shared\Ink\rtscom.dll
0x00007ffcfc870000 - 0x00007ffcfc969000 	C:\Windows\SYSTEM32\textinputframework.dll
0x00007ffd0ccc0000 - 0x00007ffd0cdb2000 	C:\Windows\System32\CoreMessaging.dll

dbghelp: loaded successfully - version: 4.0.5 - missing functions: none
symbol engine: initialized successfully - sym options: 0x614 - pdb path: .;C:\Users\HP\.jdks\openjdk-23\bin;C:\Windows\SYSTEM32;C:\Windows\WinSxS\amd64_microsoft.windows.common-controls_6595b64144ccf1df_6.0.19041.4355_none_60b8b9eb71f62e16;C:\Users\HP\.jdks\openjdk-23\bin\server;C:\Users\HP\.openjfx\cache\20.0.2+3\amd64;C:\Windows\System32\DriverStore\FileRepository\u0366719.inf_amd64_de6b06f3cfe1e6ce\B366682;C:\Program Files\Bonjour;C:\Program Files\Common Files\Microsoft Shared\Ink

VM Arguments:
jvm_args: --module-path=C:\Users\HP\.m2\repository\org\openjfx\javafx-base\20.0.2\javafx-base-20.0.2-win.jar;C:\Users\HP\.m2\repository\org\openjfx\javafx-base\20.0.2\javafx-base-20.0.2.jar;C:\Users\HP\.m2\repository\org\openjfx\javafx-controls\20.0.2\javafx-controls-20.0.2-win.jar;C:\Users\HP\.m2\repository\org\openjfx\javafx-controls\20.0.2\javafx-controls-20.0.2.jar;C:\Users\HP\.m2\repository\org\openjfx\javafx-fxml\20.0.2\javafx-fxml-20.0.2-win.jar;C:\Users\HP\.m2\repository\org\openjfx\javafx-fxml\20.0.2\javafx-fxml-20.0.2.jar;C:\Users\HP\.m2\repository\org\openjfx\javafx-graphics\20.0.2\javafx-graphics-20.0.2-win.jar;C:\Users\HP\.m2\repository\org\openjfx\javafx-graphics\20.0.2\javafx-graphics-20.0.2.jar --add-modules=javafx.base,javafx.controls,javafx.fxml,javafx.graphics 
java_command: tests.tn.esprit.MainProgGui
java_class_path (initial): D:\telechargement\event\event\target\classes;C:\Users\HP\.m2\repository\com\google\protobuf\protobuf-java\3.21.9\protobuf-java-3.21.9.jar;C:\Users\HP\.m2\repository\com\mysql\mysql-connector-j\8.0.33\mysql-connector-j-8.0.33.jar;C:\Users\HP\.m2\repository\de\jensd\fontawesomefx\8.2\fontawesomefx-8.2.jar
Launcher Type: SUN_STANDARD

[Global flags]
     intx CICompilerCount                          = 12                                        {product} {ergonomic}
     uint ConcGCThreads                            = 3                                         {product} {ergonomic}
     uint G1ConcRefinementThreads                  = 13                                        {product} {ergonomic}
   size_t G1HeapRegionSize                         = 4194304                                   {product} {ergonomic}
   size_t InitialHeapSize                          = 528482304                                 {product} {ergonomic}
   size_t MarkStackSize                            = 4194304                                   {product} {ergonomic}
   size_t MarkStackSizeMax                         = 536870912                                 {product} {ergonomic}
   size_t MaxHeapSize                              = 8422162432                                {product} {ergonomic}
   size_t MaxNewSize                               = 5049942016                                {product} {ergonomic}
   size_t MinHeapDeltaBytes                        = 4194304                                   {product} {ergonomic}
   size_t MinHeapSize                              = 8388608                                   {product} {ergonomic}
    uintx NonNMethodCodeHeapSize                   = 7602176                                {pd product} {ergonomic}
    uintx NonProfiledCodeHeapSize                  = 122093568                              {pd product} {ergonomic}
    uintx ProfiledCodeHeapSize                     = 121962496                              {pd product} {ergonomic}
    uintx ReservedCodeCacheSize                    = 251658240                              {pd product} {ergonomic}
     bool SegmentedCodeCache                       = true                                      {product} {ergonomic}
   size_t SoftMaxHeapSize                          = 8422162432                             {manageable} {ergonomic}
     bool UseCompressedOops                        = true                           {product lp64_product} {ergonomic}
     bool UseG1GC                                  = true                                      {product} {ergonomic}
     bool UseLargePagesIndividualAllocation        = false                                  {pd product} {ergonomic}

Logging:
Log output configuration:
 #0: stdout all=warning uptime,level,tags foldmultilines=false
 #1: stderr all=off uptime,level,tags foldmultilines=false

Environment Variables:
JAVA_HOME=C:\Program Files\Java\jdk-22
PATH=C:\Program Files (x86)\VMware\VMware Player\bin\;C:\Python312\Scripts\;C:\Python312\;C:\oraclexe\app\oracle\product\11.2.0\server\bin;C:\oraclexe\app\oracle\product\11.2.0\server\bin;C:\Program Files (x86)\Common Files\Intel\Shared Libraries\redist\intel64\compiler;C:\Windows\system32;C:\Windows;C:\Windows\System32\Wbem;C:\Windows\System32\WindowsPowerShell\v1.0\;C:\Windows\System32\OpenSSH\;C:\Program Files\NVIDIA Corporation\NVIDIA NvDLISR;C:\Program Files\Git\cmd;C:\instantclient12_2;C:\oraclexe\app\oracle\admin\XE;C:\oraclexe;D:\xampp\php;C:\Program Files\nodejs\;C:\ProgramData\chocolatey\bin;C:\Users\HP\scoop\shims;C:\Users\HP\AppData\Local\Microsoft\WindowsApps;C:\Users\HP\AppData\Local\Programs\Microsoft VS Code\bin;C:\Users\HP\AppData\Local\GitHubDesktop\bin;C:\Users\HP\AppData\Roaming\npm;C:\xampp\php;C:\Users\HP\AppData\Local\ComposerSetup\bin;C:\Users\HP\AppData\Roaming\Composer\vendor\bin;C:\Program Files\JetBrains\IntelliJ IDEA 2024.2.3\bin
USERNAME=HP
OS=Windows_NT
PROCESSOR_IDENTIFIER=AMD64 Family 23 Model 96 Stepping 1, AuthenticAMD
TMP=C:\Users\HP\AppData\Local\Temp
TEMP=C:\Users\HP\AppData\Local\Temp




Periodic native trim disabled

---------------  S Y S T E M  ---------------

OS:
 Windows 10 , 64 bit Build 19041 (10.0.19041.5438)
OS uptime: 3 days 2:50 hours

CPU: total 16 (initial active 16) (16 cores per cpu, 2 threads per core) family 23 model 96 stepping 1 microcode 0x0, cx8, cmov, fxsr, ht, mmx, 3dnowpref, sse, sse2, sse3, ssse3, sse4a, sse4.1, sse4.2, popcnt, lzcnt, tsc, tscinvbit, avx, avx2, aes, clmul, bmi1, bmi2, adx, sha, fma, vzeroupper, clflush, clflushopt, rdtscp, rdpid, f16c
Processor Information for the first 16 processors :
  Max Mhz: 2900, Current Mhz: 2900, Mhz Limit: 2900

Memory: 4k page, system-wide physical 32115M (16111M free)
TotalPageFile size 47298M (AvailPageFile size 4M)
current process WorkingSet (physical memory assigned to process): 173M, peak: 173M
current process commit charge ("private bytes"): 697M, peak: 703M

vm_info: Java HotSpot(TM) 64-Bit Server VM (23+37-2369) for windows-amd64 JRE (23+37-2369), built on 2024-08-20T16:01:23Z with MS VC++ 17.6 (VS2022)

END.
