#
# There is insufficient memory for the Java Runtime Environment to continue.
# Native memory allocation (malloc) failed to allocate 32744 bytes. Error detail: Chunk::new
# Possible reasons:
#   The system is out of physical RAM or swap space
#   This process is running with CompressedOops enabled, and the Java Heap may be blocking the growth of the native heap
# Possible solutions:
#   Reduce memory load on the system
#   Increase physical memory or swap space
#   Check if swap backing store is full
#   Decrease Java heap size (-Xmx/-Xms)
#   Decrease number of Java threads
#   Decrease Java thread stack sizes (-Xss)
#   Set larger code cache with -XX:ReservedCodeCacheSize=
#   JVM is running with Zero Based Compressed Oops mode in which the Java heap is
#     placed in the first 32GB address space. The Java Heap base address is the
#     maximum limit for the native heap growth. Please use -XX:HeapBaseMinAddress
#     to set the Java Heap base and to place the Java Heap above 32GB virtual address.
# This output file may be truncated or incomplete.
#
#  Out of Memory Error (arena.cpp:149), pid=16200, tid=25760
#
# JRE version: Java(TM) SE Runtime Environment (23.0+37) (build 23+37-2369)
# Java VM: Java HotSpot(TM) 64-Bit Server VM (23+37-2369, mixed mode, sharing, tiered, compressed oops, compressed class ptrs, g1 gc, windows-amd64)
# No core dump will be written. Minidumps are not enabled by default on client versions of Windows
#

---------------  S U M M A R Y ------------

Command Line: -Dmaven.multiModuleProjectDirectory=D:\telechargement\event\event -Djansi.passthrough=true -Dmaven.home=C:\Users\HP\JetBrains\IntelliJ IDEA 2024.2.1\plugins\maven\lib\maven3 -Dclassworlds.conf=C:\Users\HP\JetBrains\IntelliJ IDEA 2024.2.1\plugins\maven\lib\maven3\bin\m2.conf -Dmaven.ext.class.path=C:\Users\HP\JetBrains\IntelliJ IDEA 2024.2.1\plugins\maven\lib\maven-event-listener.jar -javaagent:C:\Users\HP\JetBrains\IntelliJ IDEA 2024.2.1\lib\idea_rt.jar=58036:C:\Users\HP\JetBrains\IntelliJ IDEA 2024.2.1\bin -Dfile.encoding=UTF-8 -Dsun.stdout.encoding=UTF-8 -Dsun.stderr.encoding=UTF-8 org.codehaus.classworlds.Launcher -Didea.version=2024.2.1 org.openjfx:javafx-maven-plugin:0.0.8:run

Host: AMD Ryzen 7 4800H with Radeon Graphics         , 16 cores, 31G,  Windows 10 , 64 bit Build 19041 (10.0.19041.5438)
Time: Tue Feb 18 11:52:16 2025 Maroc (heure d64 bit Build 19041 (10.0.19041.5438) elapsed time: 0.336030 seconds (0d 0h 0m 0s)

---------------  T H R E A D  ---------------

Current thread (0x000002444d01cfd0):  JavaThread "C1 CompilerThread0" daemon [_thread_in_native, id=25760, stack(0x00000083a6900000,0x00000083a6a00000) (1024K)]


Current CompileTask:
C1:336  961       3       java.net.URLStreamHandler::parseURL (1124 bytes)

Stack: [0x00000083a6900000,0x00000083a6a00000]
Native frames: (J=compiled Java code, j=interpreted, Vv=VM code, C=native code)
V  [jvm.dll+0x6e08a9]  (no source info available)
V  [jvm.dll+0x87da63]  (no source info available)
V  [jvm.dll+0x87feee]  (no source info available)
V  [jvm.dll+0x8805c3]  (no source info available)
V  [jvm.dll+0x27aee6]  (no source info available)
V  [jvm.dll+0xbc06f]  (no source info available)
V  [jvm.dll+0xbc2cb]  (no source info available)
V  [jvm.dll+0x15e140]  (no source info available)
V  [jvm.dll+0x160d5a]  (no source info available)
V  [jvm.dll+0x153f4c]  (no source info available)
V  [jvm.dll+0x1602f6]  (no source info available)
V  [jvm.dll+0x1635e6]  (no source info available)
V  [jvm.dll+0x162fc1]  (no source info available)
V  [jvm.dll+0x15a852]  (no source info available)
V  [jvm.dll+0x15caca]  (no source info available)
V  [jvm.dll+0x15affc]  (no source info available)
V  [jvm.dll+0x163af1]  (no source info available)
V  [jvm.dll+0x162fc1]  (no source info available)
V  [jvm.dll+0x15a852]  (no source info available)
V  [jvm.dll+0x15caca]  (no source info available)
V  [jvm.dll+0x15affc]  (no source info available)
V  [jvm.dll+0x163af1]  (no source info available)
V  [jvm.dll+0x162fc1]  (no source info available)
V  [jvm.dll+0x15a852]  (no source info available)
V  [jvm.dll+0x15caca]  (no source info available)
V  [jvm.dll+0x15b0f5]  (no source info available)
V  [jvm.dll+0x15463f]  (no source info available)
V  [jvm.dll+0x164c46]  (no source info available)
V  [jvm.dll+0x14fd7b]  (no source info available)
V  [jvm.dll+0x150173]  (no source info available)
V  [jvm.dll+0x1504db]  (no source info available)
V  [jvm.dll+0x14f8a8]  (no source info available)
V  [jvm.dll+0x1516ed]  (no source info available)
V  [jvm.dll+0x253cf1]  (no source info available)
V  [jvm.dll+0x251faa]  (no source info available)
V  [jvm.dll+0x3ee036]  (no source info available)
V  [jvm.dll+0x824f1b]  (no source info available)
V  [jvm.dll+0x6df055]  (no source info available)
C  [ucrtbase.dll+0x21bb2]  (no source info available)
C  [KERNEL32.DLL+0x17374]  (no source info available)
C  [ntdll.dll+0x4cc91]  (no source info available)

Lock stack of current Java thread (top to bottom):


---------------  P R O C E S S  ---------------

Threads class SMR info:
_java_thread_list=0x000002444d7c7b20, length=16, elements={
0x000002445de76f50, 0x000002444d0052b0, 0x000002444d006280, 0x000002444d00b470,
0x000002444d00dee0, 0x000002444d00eca0, 0x000002444d010640, 0x000002444d0179b0,
0x000002444d01cfd0, 0x000002444d11abd0, 0x000002444d14bf40, 0x000002444d1578d0,
0x000002444d16e670, 0x000002444d290f20, 0x000002444d292b70, 0x000002444d72d560
}

Java Threads: ( => current thread )
  0x000002445de76f50 JavaThread "main"                              [_thread_in_vm, id=28448, stack(0x00000083a5a00000,0x00000083a5b00000) (1024K)]
  0x000002444d0052b0 JavaThread "Reference Handler"          daemon [_thread_blocked, id=28428, stack(0x00000083a6200000,0x00000083a6300000) (1024K)]
  0x000002444d006280 JavaThread "Finalizer"                  daemon [_thread_blocked, id=5160, stack(0x00000083a6300000,0x00000083a6400000) (1024K)]
  0x000002444d00b470 JavaThread "Signal Dispatcher"          daemon [_thread_blocked, id=34152, stack(0x00000083a6400000,0x00000083a6500000) (1024K)]
  0x000002444d00dee0 JavaThread "Attach Listener"            daemon [_thread_blocked, id=27304, stack(0x00000083a6500000,0x00000083a6600000) (1024K)]
  0x000002444d00eca0 JavaThread "Service Thread"             daemon [_thread_blocked, id=7340, stack(0x00000083a6600000,0x00000083a6700000) (1024K)]
  0x000002444d010640 JavaThread "Monitor Deflation Thread"   daemon [_thread_blocked, id=9688, stack(0x00000083a6700000,0x00000083a6800000) (1024K)]
  0x000002444d0179b0 JavaThread "C2 CompilerThread0"         daemon [_thread_blocked, id=15892, stack(0x00000083a6800000,0x00000083a6900000) (1024K)]
=>0x000002444d01cfd0 JavaThread "C1 CompilerThread0"         daemon [_thread_in_native, id=25760, stack(0x00000083a6900000,0x00000083a6a00000) (1024K)]
  0x000002444d11abd0 JavaThread "Common-Cleaner"             daemon [_thread_blocked, id=20508, stack(0x00000083a6a00000,0x00000083a6b00000) (1024K)]
  0x000002444d14bf40 JavaThread "C1 CompilerThread1"         daemon [_thread_blocked, id=25184, stack(0x00000083a6b00000,0x00000083a6c00000) (1024K)]
  0x000002444d1578d0 JavaThread "C1 CompilerThread2"         daemon [_thread_blocked, id=15500, stack(0x00000083a6c00000,0x00000083a6d00000) (1024K)]
  0x000002444d16e670 JavaThread "C2 CompilerThread1"         daemon [_thread_blocked, id=18352, stack(0x00000083a6d00000,0x00000083a6e00000) (1024K)]
  0x000002444d290f20 JavaThread "Monitor Ctrl-Break"         daemon [_thread_in_native, id=16120, stack(0x00000083a6e00000,0x00000083a6f00000) (1024K)]
  0x000002444d292b70 JavaThread "Notification Thread"        daemon [_thread_blocked, id=27396, stack(0x00000083a6f00000,0x00000083a7000000) (1024K)]
  0x000002444d72d560 JavaThread "C1 CompilerThread3"         daemon [_thread_blocked, id=16564, stack(0x00000083a7000000,0x00000083a7100000) (1024K)]
Total: 16

Other Threads:
  0x000002447c4e8ff0 VMThread "VM Thread"                           [id=33760, stack(0x00000083a6100000,0x00000083a6200000) (1024K)]
  0x000002447c4d8600 WatcherThread "VM Periodic Task Thread"        [id=31500, stack(0x00000083a6000000,0x00000083a6100000) (1024K)]
  0x0000024460193170 WorkerThread "GC Thread#0"                     [id=11120, stack(0x00000083a5b00000,0x00000083a5c00000) (1024K)]
  0x00000244601a7b80 ConcurrentGCThread "G1 Main Marker"            [id=28556, stack(0x00000083a5c00000,0x00000083a5d00000) (1024K)]
  0x00000244601aa260 WorkerThread "G1 Conc#0"                       [id=24528, stack(0x00000083a5d00000,0x00000083a5e00000) (1024K)]
  0x000002447c3ae080 ConcurrentGCThread "G1 Refine#0"               [id=29856, stack(0x00000083a5e00000,0x00000083a5f00000) (1024K)]
  0x000002447c3aeb10 ConcurrentGCThread "G1 Service"                [id=3516, stack(0x00000083a5f00000,0x00000083a6000000) (1024K)]
Total: 7

Threads with active compile tasks:
C1 CompilerThread0  401  961       3       java.net.URLStreamHandler::parseURL (1124 bytes)
Total: 1

VM state: not at safepoint (normal execution)

VM Mutex/Monitor currently owned by a thread:  ([mutex/lock_event])
[0x00007ffc6f351890] Metaspace_lock - owner thread: 0x000002445de76f50

Heap address: 0x000000060a000000, size: 8032 MB, Compressed Oops mode: Zero based, Oop shift amount: 3

CDS archive(s) mapped at: [0x0000024408000000-0x0000024408d70000-0x0000024408d70000), size 14090240, SharedBaseAddress: 0x0000024408000000, ArchiveRelocationMode: 1.
Compressed class space mapped at: 0x0000024409000000-0x0000024449000000, reserved size: 1073741824
Narrow klass base: 0x0000024408000000, Narrow klass shift: 0, Narrow klass range: 0x41000000

GC Precious Log:
 CardTable entry size: 512
 Card Set container configuration: InlinePtr #cards 4 size 8 Array Of Cards #cards 32 size 80 Howl #buckets 8 coarsen threshold 7372 Howl Bitmap #cards 1024 size 144 coarsen threshold 921 Card regions per heap region 1 cards per card region 8192
 CPUs: 16 total, 16 available
 Memory: 32115M
 Large Page Support: Disabled
 NUMA Support: Disabled
 Compressed Oops: Enabled (Zero based)
 Heap Region Size: 4M
 Heap Min Capacity: 8M
 Heap Initial Capacity: 504M
 Heap Max Capacity: 8032M
 Pre-touch: Disabled
 Parallel Workers: 13
 Concurrent Workers: 3
 Concurrent Refinement Workers: 13
 Periodic GC: Disabled

Heap:
 garbage-first heap   total reserved 8224768K, committed 516096K, used 12288K [0x000000060a000000, 0x0000000800000000)
  region size 4096K, 4 young (16384K), 0 survivors (0K)
 Metaspace       used 3479K, committed 3648K, reserved 1114112K
  class space    used 354K, committed 448K, reserved 1048576K

Heap Regions: E=young(eden), S=young(survivor), O=old, HS=humongous(starts), HC=humongous(continues), CS=collection set, F=free, TAMS=top-at-mark-start, PB=parsable bottom
|   0|0x000000060a000000, 0x000000060a000000, 0x000000060a400000|  0%| F|  |TAMS 0x000000060a000000| PB 0x000000060a000000| Untracked |  0
|   1|0x000000060a400000, 0x000000060a400000, 0x000000060a800000|  0%| F|  |TAMS 0x000000060a400000| PB 0x000000060a400000| Untracked |  0
|   2|0x000000060a800000, 0x000000060a800000, 0x000000060ac00000|  0%| F|  |TAMS 0x000000060a800000| PB 0x000000060a800000| Untracked |  0
|   3|0x000000060ac00000, 0x000000060ac00000, 0x000000060b000000|  0%| F|  |TAMS 0x000000060ac00000| PB 0x000000060ac00000| Untracked |  0
|   4|0x000000060b000000, 0x000000060b000000, 0x000000060b400000|  0%| F|  |TAMS 0x000000060b000000| PB 0x000000060b000000| Untracked |  0
|   5|0x000000060b400000, 0x000000060b400000, 0x000000060b800000|  0%| F|  |TAMS 0x000000060b400000| PB 0x000000060b400000| Untracked |  0
|   6|0x000000060b800000, 0x000000060b800000, 0x000000060bc00000|  0%| F|  |TAMS 0x000000060b800000| PB 0x000000060b800000| Untracked |  0
|   7|0x000000060bc00000, 0x000000060bc00000, 0x000000060c000000|  0%| F|  |TAMS 0x000000060bc00000| PB 0x000000060bc00000| Untracked |  0
|   8|0x000000060c000000, 0x000000060c000000, 0x000000060c400000|  0%| F|  |TAMS 0x000000060c000000| PB 0x000000060c000000| Untracked |  0
|   9|0x000000060c400000, 0x000000060c400000, 0x000000060c800000|  0%| F|  |TAMS 0x000000060c400000| PB 0x000000060c400000| Untracked |  0
|  10|0x000000060c800000, 0x000000060c800000, 0x000000060cc00000|  0%| F|  |TAMS 0x000000060c800000| PB 0x000000060c800000| Untracked |  0
|  11|0x000000060cc00000, 0x000000060cc00000, 0x000000060d000000|  0%| F|  |TAMS 0x000000060cc00000| PB 0x000000060cc00000| Untracked |  0
|  12|0x000000060d000000, 0x000000060d000000, 0x000000060d400000|  0%| F|  |TAMS 0x000000060d000000| PB 0x000000060d000000| Untracked |  0
|  13|0x000000060d400000, 0x000000060d400000, 0x000000060d800000|  0%| F|  |TAMS 0x000000060d400000| PB 0x000000060d400000| Untracked |  0
|  14|0x000000060d800000, 0x000000060d800000, 0x000000060dc00000|  0%| F|  |TAMS 0x000000060d800000| PB 0x000000060d800000| Untracked |  0
|  15|0x000000060dc00000, 0x000000060dc00000, 0x000000060e000000|  0%| F|  |TAMS 0x000000060dc00000| PB 0x000000060dc00000| Untracked |  0
|  16|0x000000060e000000, 0x000000060e000000, 0x000000060e400000|  0%| F|  |TAMS 0x000000060e000000| PB 0x000000060e000000| Untracked |  0
|  17|0x000000060e400000, 0x000000060e400000, 0x000000060e800000|  0%| F|  |TAMS 0x000000060e400000| PB 0x000000060e400000| Untracked |  0
|  18|0x000000060e800000, 0x000000060e800000, 0x000000060ec00000|  0%| F|  |TAMS 0x000000060e800000| PB 0x000000060e800000| Untracked |  0
|  19|0x000000060ec00000, 0x000000060ec00000, 0x000000060f000000|  0%| F|  |TAMS 0x000000060ec00000| PB 0x000000060ec00000| Untracked |  0
|  20|0x000000060f000000, 0x000000060f000000, 0x000000060f400000|  0%| F|  |TAMS 0x000000060f000000| PB 0x000000060f000000| Untracked |  0
|  21|0x000000060f400000, 0x000000060f400000, 0x000000060f800000|  0%| F|  |TAMS 0x000000060f400000| PB 0x000000060f400000| Untracked |  0
|  22|0x000000060f800000, 0x000000060f800000, 0x000000060fc00000|  0%| F|  |TAMS 0x000000060f800000| PB 0x000000060f800000| Untracked |  0
|  23|0x000000060fc00000, 0x000000060fc00000, 0x0000000610000000|  0%| F|  |TAMS 0x000000060fc00000| PB 0x000000060fc00000| Untracked |  0
|  24|0x0000000610000000, 0x0000000610000000, 0x0000000610400000|  0%| F|  |TAMS 0x0000000610000000| PB 0x0000000610000000| Untracked |  0
|  25|0x0000000610400000, 0x0000000610400000, 0x0000000610800000|  0%| F|  |TAMS 0x0000000610400000| PB 0x0000000610400000| Untracked |  0
|  26|0x0000000610800000, 0x0000000610800000, 0x0000000610c00000|  0%| F|  |TAMS 0x0000000610800000| PB 0x0000000610800000| Untracked |  0
|  27|0x0000000610c00000, 0x0000000610c00000, 0x0000000611000000|  0%| F|  |TAMS 0x0000000610c00000| PB 0x0000000610c00000| Untracked |  0
|  28|0x0000000611000000, 0x0000000611000000, 0x0000000611400000|  0%| F|  |TAMS 0x0000000611000000| PB 0x0000000611000000| Untracked |  0
|  29|0x0000000611400000, 0x0000000611400000, 0x0000000611800000|  0%| F|  |TAMS 0x0000000611400000| PB 0x0000000611400000| Untracked |  0
|  30|0x0000000611800000, 0x0000000611800000, 0x0000000611c00000|  0%| F|  |TAMS 0x0000000611800000| PB 0x0000000611800000| Untracked |  0
|  31|0x0000000611c00000, 0x0000000611c00000, 0x0000000612000000|  0%| F|  |TAMS 0x0000000611c00000| PB 0x0000000611c00000| Untracked |  0
|  32|0x0000000612000000, 0x0000000612000000, 0x0000000612400000|  0%| F|  |TAMS 0x0000000612000000| PB 0x0000000612000000| Untracked |  0
|  33|0x0000000612400000, 0x0000000612400000, 0x0000000612800000|  0%| F|  |TAMS 0x0000000612400000| PB 0x0000000612400000| Untracked |  0
|  34|0x0000000612800000, 0x0000000612800000, 0x0000000612c00000|  0%| F|  |TAMS 0x0000000612800000| PB 0x0000000612800000| Untracked |  0
|  35|0x0000000612c00000, 0x0000000612c00000, 0x0000000613000000|  0%| F|  |TAMS 0x0000000612c00000| PB 0x0000000612c00000| Untracked |  0
|  36|0x0000000613000000, 0x0000000613000000, 0x0000000613400000|  0%| F|  |TAMS 0x0000000613000000| PB 0x0000000613000000| Untracked |  0
|  37|0x0000000613400000, 0x0000000613400000, 0x0000000613800000|  0%| F|  |TAMS 0x0000000613400000| PB 0x0000000613400000| Untracked |  0
|  38|0x0000000613800000, 0x0000000613800000, 0x0000000613c00000|  0%| F|  |TAMS 0x0000000613800000| PB 0x0000000613800000| Untracked |  0
|  39|0x0000000613c00000, 0x0000000613c00000, 0x0000000614000000|  0%| F|  |TAMS 0x0000000613c00000| PB 0x0000000613c00000| Untracked |  0
|  40|0x0000000614000000, 0x0000000614000000, 0x0000000614400000|  0%| F|  |TAMS 0x0000000614000000| PB 0x0000000614000000| Untracked |  0
|  41|0x0000000614400000, 0x0000000614400000, 0x0000000614800000|  0%| F|  |TAMS 0x0000000614400000| PB 0x0000000614400000| Untracked |  0
|  42|0x0000000614800000, 0x0000000614800000, 0x0000000614c00000|  0%| F|  |TAMS 0x0000000614800000| PB 0x0000000614800000| Untracked |  0
|  43|0x0000000614c00000, 0x0000000614c00000, 0x0000000615000000|  0%| F|  |TAMS 0x0000000614c00000| PB 0x0000000614c00000| Untracked |  0
|  44|0x0000000615000000, 0x0000000615000000, 0x0000000615400000|  0%| F|  |TAMS 0x0000000615000000| PB 0x0000000615000000| Untracked |  0
|  45|0x0000000615400000, 0x0000000615400000, 0x0000000615800000|  0%| F|  |TAMS 0x0000000615400000| PB 0x0000000615400000| Untracked |  0
|  46|0x0000000615800000, 0x0000000615800000, 0x0000000615c00000|  0%| F|  |TAMS 0x0000000615800000| PB 0x0000000615800000| Untracked |  0
|  47|0x0000000615c00000, 0x0000000615c00000, 0x0000000616000000|  0%| F|  |TAMS 0x0000000615c00000| PB 0x0000000615c00000| Untracked |  0
|  48|0x0000000616000000, 0x0000000616000000, 0x0000000616400000|  0%| F|  |TAMS 0x0000000616000000| PB 0x0000000616000000| Untracked |  0
|  49|0x0000000616400000, 0x0000000616400000, 0x0000000616800000|  0%| F|  |TAMS 0x0000000616400000| PB 0x0000000616400000| Untracked |  0
|  50|0x0000000616800000, 0x0000000616800000, 0x0000000616c00000|  0%| F|  |TAMS 0x0000000616800000| PB 0x0000000616800000| Untracked |  0
|  51|0x0000000616c00000, 0x0000000616c00000, 0x0000000617000000|  0%| F|  |TAMS 0x0000000616c00000| PB 0x0000000616c00000| Untracked |  0
|  52|0x0000000617000000, 0x0000000617000000, 0x0000000617400000|  0%| F|  |TAMS 0x0000000617000000| PB 0x0000000617000000| Untracked |  0
|  53|0x0000000617400000, 0x0000000617400000, 0x0000000617800000|  0%| F|  |TAMS 0x0000000617400000| PB 0x0000000617400000| Untracked |  0
|  54|0x0000000617800000, 0x0000000617800000, 0x0000000617c00000|  0%| F|  |TAMS 0x0000000617800000| PB 0x0000000617800000| Untracked |  0
|  55|0x0000000617c00000, 0x0000000617c00000, 0x0000000618000000|  0%| F|  |TAMS 0x0000000617c00000| PB 0x0000000617c00000| Untracked |  0
|  56|0x0000000618000000, 0x0000000618000000, 0x0000000618400000|  0%| F|  |TAMS 0x0000000618000000| PB 0x0000000618000000| Untracked |  0
|  57|0x0000000618400000, 0x0000000618400000, 0x0000000618800000|  0%| F|  |TAMS 0x0000000618400000| PB 0x0000000618400000| Untracked |  0
|  58|0x0000000618800000, 0x0000000618800000, 0x0000000618c00000|  0%| F|  |TAMS 0x0000000618800000| PB 0x0000000618800000| Untracked |  0
|  59|0x0000000618c00000, 0x0000000618c00000, 0x0000000619000000|  0%| F|  |TAMS 0x0000000618c00000| PB 0x0000000618c00000| Untracked |  0
|  60|0x0000000619000000, 0x0000000619000000, 0x0000000619400000|  0%| F|  |TAMS 0x0000000619000000| PB 0x0000000619000000| Untracked |  0
|  61|0x0000000619400000, 0x0000000619400000, 0x0000000619800000|  0%| F|  |TAMS 0x0000000619400000| PB 0x0000000619400000| Untracked |  0
|  62|0x0000000619800000, 0x0000000619800000, 0x0000000619c00000|  0%| F|  |TAMS 0x0000000619800000| PB 0x0000000619800000| Untracked |  0
|  63|0x0000000619c00000, 0x0000000619c00000, 0x000000061a000000|  0%| F|  |TAMS 0x0000000619c00000| PB 0x0000000619c00000| Untracked |  0
|  64|0x000000061a000000, 0x000000061a000000, 0x000000061a400000|  0%| F|  |TAMS 0x000000061a000000| PB 0x000000061a000000| Untracked |  0
|  65|0x000000061a400000, 0x000000061a400000, 0x000000061a800000|  0%| F|  |TAMS 0x000000061a400000| PB 0x000000061a400000| Untracked |  0
|  66|0x000000061a800000, 0x000000061a800000, 0x000000061ac00000|  0%| F|  |TAMS 0x000000061a800000| PB 0x000000061a800000| Untracked |  0
|  67|0x000000061ac00000, 0x000000061ac00000, 0x000000061b000000|  0%| F|  |TAMS 0x000000061ac00000| PB 0x000000061ac00000| Untracked |  0
|  68|0x000000061b000000, 0x000000061b000000, 0x000000061b400000|  0%| F|  |TAMS 0x000000061b000000| PB 0x000000061b000000| Untracked |  0
|  69|0x000000061b400000, 0x000000061b400000, 0x000000061b800000|  0%| F|  |TAMS 0x000000061b400000| PB 0x000000061b400000| Untracked |  0
|  70|0x000000061b800000, 0x000000061b800000, 0x000000061bc00000|  0%| F|  |TAMS 0x000000061b800000| PB 0x000000061b800000| Untracked |  0
|  71|0x000000061bc00000, 0x000000061bc00000, 0x000000061c000000|  0%| F|  |TAMS 0x000000061bc00000| PB 0x000000061bc00000| Untracked |  0
|  72|0x000000061c000000, 0x000000061c000000, 0x000000061c400000|  0%| F|  |TAMS 0x000000061c000000| PB 0x000000061c000000| Untracked |  0
|  73|0x000000061c400000, 0x000000061c400000, 0x000000061c800000|  0%| F|  |TAMS 0x000000061c400000| PB 0x000000061c400000| Untracked |  0
|  74|0x000000061c800000, 0x000000061c800000, 0x000000061cc00000|  0%| F|  |TAMS 0x000000061c800000| PB 0x000000061c800000| Untracked |  0
|  75|0x000000061cc00000, 0x000000061cc00000, 0x000000061d000000|  0%| F|  |TAMS 0x000000061cc00000| PB 0x000000061cc00000| Untracked |  0
|  76|0x000000061d000000, 0x000000061d000000, 0x000000061d400000|  0%| F|  |TAMS 0x000000061d000000| PB 0x000000061d000000| Untracked |  0
|  77|0x000000061d400000, 0x000000061d400000, 0x000000061d800000|  0%| F|  |TAMS 0x000000061d400000| PB 0x000000061d400000| Untracked |  0
|  78|0x000000061d800000, 0x000000061d800000, 0x000000061dc00000|  0%| F|  |TAMS 0x000000061d800000| PB 0x000000061d800000| Untracked |  0
|  79|0x000000061dc00000, 0x000000061dc00000, 0x000000061e000000|  0%| F|  |TAMS 0x000000061dc00000| PB 0x000000061dc00000| Untracked |  0
|  80|0x000000061e000000, 0x000000061e000000, 0x000000061e400000|  0%| F|  |TAMS 0x000000061e000000| PB 0x000000061e000000| Untracked |  0
|  81|0x000000061e400000, 0x000000061e400000, 0x000000061e800000|  0%| F|  |TAMS 0x000000061e400000| PB 0x000000061e400000| Untracked |  0
|  82|0x000000061e800000, 0x000000061e800000, 0x000000061ec00000|  0%| F|  |TAMS 0x000000061e800000| PB 0x000000061e800000| Untracked |  0
|  83|0x000000061ec00000, 0x000000061ec00000, 0x000000061f000000|  0%| F|  |TAMS 0x000000061ec00000| PB 0x000000061ec00000| Untracked |  0
|  84|0x000000061f000000, 0x000000061f000000, 0x000000061f400000|  0%| F|  |TAMS 0x000000061f000000| PB 0x000000061f000000| Untracked |  0
|  85|0x000000061f400000, 0x000000061f400000, 0x000000061f800000|  0%| F|  |TAMS 0x000000061f400000| PB 0x000000061f400000| Untracked |  0
|  86|0x000000061f800000, 0x000000061f800000, 0x000000061fc00000|  0%| F|  |TAMS 0x000000061f800000| PB 0x000000061f800000| Untracked |  0
|  87|0x000000061fc00000, 0x000000061fc00000, 0x0000000620000000|  0%| F|  |TAMS 0x000000061fc00000| PB 0x000000061fc00000| Untracked |  0
|  88|0x0000000620000000, 0x0000000620000000, 0x0000000620400000|  0%| F|  |TAMS 0x0000000620000000| PB 0x0000000620000000| Untracked |  0
|  89|0x0000000620400000, 0x0000000620400000, 0x0000000620800000|  0%| F|  |TAMS 0x0000000620400000| PB 0x0000000620400000| Untracked |  0
|  90|0x0000000620800000, 0x0000000620800000, 0x0000000620c00000|  0%| F|  |TAMS 0x0000000620800000| PB 0x0000000620800000| Untracked |  0
|  91|0x0000000620c00000, 0x0000000620c00000, 0x0000000621000000|  0%| F|  |TAMS 0x0000000620c00000| PB 0x0000000620c00000| Untracked |  0
|  92|0x0000000621000000, 0x0000000621000000, 0x0000000621400000|  0%| F|  |TAMS 0x0000000621000000| PB 0x0000000621000000| Untracked |  0
|  93|0x0000000621400000, 0x0000000621400000, 0x0000000621800000|  0%| F|  |TAMS 0x0000000621400000| PB 0x0000000621400000| Untracked |  0
|  94|0x0000000621800000, 0x0000000621800000, 0x0000000621c00000|  0%| F|  |TAMS 0x0000000621800000| PB 0x0000000621800000| Untracked |  0
|  95|0x0000000621c00000, 0x0000000621c00000, 0x0000000622000000|  0%| F|  |TAMS 0x0000000621c00000| PB 0x0000000621c00000| Untracked |  0
|  96|0x0000000622000000, 0x0000000622000000, 0x0000000622400000|  0%| F|  |TAMS 0x0000000622000000| PB 0x0000000622000000| Untracked |  0
|  97|0x0000000622400000, 0x0000000622400000, 0x0000000622800000|  0%| F|  |TAMS 0x0000000622400000| PB 0x0000000622400000| Untracked |  0
|  98|0x0000000622800000, 0x0000000622800000, 0x0000000622c00000|  0%| F|  |TAMS 0x0000000622800000| PB 0x0000000622800000| Untracked |  0
|  99|0x0000000622c00000, 0x0000000622c00000, 0x0000000623000000|  0%| F|  |TAMS 0x0000000622c00000| PB 0x0000000622c00000| Untracked |  0
| 100|0x0000000623000000, 0x0000000623000000, 0x0000000623400000|  0%| F|  |TAMS 0x0000000623000000| PB 0x0000000623000000| Untracked |  0
| 101|0x0000000623400000, 0x0000000623400000, 0x0000000623800000|  0%| F|  |TAMS 0x0000000623400000| PB 0x0000000623400000| Untracked |  0
| 102|0x0000000623800000, 0x0000000623800000, 0x0000000623c00000|  0%| F|  |TAMS 0x0000000623800000| PB 0x0000000623800000| Untracked |  0
| 103|0x0000000623c00000, 0x0000000623c00000, 0x0000000624000000|  0%| F|  |TAMS 0x0000000623c00000| PB 0x0000000623c00000| Untracked |  0
| 104|0x0000000624000000, 0x0000000624000000, 0x0000000624400000|  0%| F|  |TAMS 0x0000000624000000| PB 0x0000000624000000| Untracked |  0
| 105|0x0000000624400000, 0x0000000624400000, 0x0000000624800000|  0%| F|  |TAMS 0x0000000624400000| PB 0x0000000624400000| Untracked |  0
| 106|0x0000000624800000, 0x0000000624800000, 0x0000000624c00000|  0%| F|  |TAMS 0x0000000624800000| PB 0x0000000624800000| Untracked |  0
| 107|0x0000000624c00000, 0x0000000624c00000, 0x0000000625000000|  0%| F|  |TAMS 0x0000000624c00000| PB 0x0000000624c00000| Untracked |  0
| 108|0x0000000625000000, 0x0000000625000000, 0x0000000625400000|  0%| F|  |TAMS 0x0000000625000000| PB 0x0000000625000000| Untracked |  0
| 109|0x0000000625400000, 0x0000000625400000, 0x0000000625800000|  0%| F|  |TAMS 0x0000000625400000| PB 0x0000000625400000| Untracked |  0
| 110|0x0000000625800000, 0x0000000625800000, 0x0000000625c00000|  0%| F|  |TAMS 0x0000000625800000| PB 0x0000000625800000| Untracked |  0
| 111|0x0000000625c00000, 0x0000000625c00000, 0x0000000626000000|  0%| F|  |TAMS 0x0000000625c00000| PB 0x0000000625c00000| Untracked |  0
| 112|0x0000000626000000, 0x0000000626000000, 0x0000000626400000|  0%| F|  |TAMS 0x0000000626000000| PB 0x0000000626000000| Untracked |  0
| 113|0x0000000626400000, 0x0000000626400000, 0x0000000626800000|  0%| F|  |TAMS 0x0000000626400000| PB 0x0000000626400000| Untracked |  0
| 114|0x0000000626800000, 0x0000000626800000, 0x0000000626c00000|  0%| F|  |TAMS 0x0000000626800000| PB 0x0000000626800000| Untracked |  0
| 115|0x0000000626c00000, 0x0000000626c00000, 0x0000000627000000|  0%| F|  |TAMS 0x0000000626c00000| PB 0x0000000626c00000| Untracked |  0
| 116|0x0000000627000000, 0x0000000627000000, 0x0000000627400000|  0%| F|  |TAMS 0x0000000627000000| PB 0x0000000627000000| Untracked |  0
| 117|0x0000000627400000, 0x0000000627400000, 0x0000000627800000|  0%| F|  |TAMS 0x0000000627400000| PB 0x0000000627400000| Untracked |  0
| 118|0x0000000627800000, 0x0000000627800000, 0x0000000627c00000|  0%| F|  |TAMS 0x0000000627800000| PB 0x0000000627800000| Untracked |  0
| 119|0x0000000627c00000, 0x0000000627c00000, 0x0000000628000000|  0%| F|  |TAMS 0x0000000627c00000| PB 0x0000000627c00000| Untracked |  0
| 120|0x0000000628000000, 0x0000000628000000, 0x0000000628400000|  0%| F|  |TAMS 0x0000000628000000| PB 0x0000000628000000| Untracked |  0
| 121|0x0000000628400000, 0x0000000628400000, 0x0000000628800000|  0%| F|  |TAMS 0x0000000628400000| PB 0x0000000628400000| Untracked |  0
| 122|0x0000000628800000, 0x00000006289eba70, 0x0000000628c00000| 48%| E|  |TAMS 0x0000000628800000| PB 0x0000000628800000| Complete |  0
| 123|0x0000000628c00000, 0x0000000629000000, 0x0000000629000000|100%| E|CS|TAMS 0x0000000628c00000| PB 0x0000000628c00000| Complete |  0
| 124|0x0000000629000000, 0x0000000629400000, 0x0000000629400000|100%| E|CS|TAMS 0x0000000629000000| PB 0x0000000629000000| Complete |  0
| 125|0x0000000629400000, 0x0000000629800000, 0x0000000629800000|100%| E|CS|TAMS 0x0000000629400000| PB 0x0000000629400000| Complete |  0

Card table byte_map: [0x0000024479170000,0x000002447a120000] _byte_map_base: 0x0000024476120000

Marking Bits: (CMBitMap*) 0x0000024460193880
 Bits: [0x0000024400000000, 0x0000024407d80000)

Polling page: 0x000002445e0e0000

Metaspace:

Usage:
  Non-class:      3.05 MB used.
      Class:    354.30 KB used.
       Both:      3.40 MB used.

Virtual space:
  Non-class space:       64.00 MB reserved,       3.12 MB (  5%) committed,  1 nodes.
      Class space:        1.00 GB reserved,     448.00 KB ( <1%) committed,  1 nodes.
             Both:        1.06 GB reserved,       3.56 MB ( <1%) committed. 

Chunk freelists:
   Non-Class:  10.80 MB
       Class:  15.55 MB
        Both:  26.34 MB

MaxMetaspaceSize: unlimited
CompressedClassSpaceSize: 1.00 GB
Initial GC threshold: 21.00 MB
Current GC threshold: 21.00 MB
CDS: on
 - commit_granule_bytes: 65536.
 - commit_granule_words: 8192.
 - virtual_space_node_default_size: 8388608.
 - enlarge_chunks_in_place: 1.
 - use_allocation_guard: 0.


Internal statistics:

num_allocs_failed_limit: 0.
num_arena_births: 44.
num_arena_deaths: 0.
num_vsnodes_births: 2.
num_vsnodes_deaths: 0.
num_space_committed: 57.
num_space_uncommitted: 0.
num_chunks_returned_to_freelist: 0.
num_chunks_taken_from_freelist: 113.
num_chunk_merges: 0.
num_chunk_splits: 76.
num_chunks_enlarged: 55.
num_inconsistent_stats: 0.

CodeHeap 'non-profiled nmethods': size=119232Kb used=283Kb max_used=283Kb free=118948Kb
 bounds [0x00000244703b0000, 0x0000024470620000, 0x0000024477820000]
CodeHeap 'profiled nmethods': size=119104Kb used=1391Kb max_used=1391Kb free=117712Kb
 bounds [0x0000024468820000, 0x0000024468a90000, 0x000002446fc70000]
CodeHeap 'non-nmethods': size=7424Kb used=3047Kb max_used=3063Kb free=4376Kb
 bounds [0x000002446fc70000, 0x000002446ff80000, 0x00000244703b0000]
CodeCache: size=245760Kb, used=4721Kb, max_used=4737Kb, free=241036Kb
 total_blobs=1501, nmethods=1029, adapters=375, full_count=0
Compilation: enabled, stopped_count=0, restarted_count=0

Compilation events (20 events):
Event: 0.326 Thread 0x000002444d72d560 nmethod 945 0x000002446895a988 code [0x000002446895abe0, 0x000002446895bcb8]
Event: 0.326 Thread 0x000002444d01cfd0 nmethod 952 0x000002446895bd88 code [0x000002446895bea0, 0x000002446895c010]
Event: 0.326 Thread 0x000002444d14bf40 nmethod 951 0x000002446895c088 code [0x000002446895c1a0, 0x000002446895c3e8]
Event: 0.327 Thread 0x000002444d16e670 nmethod 939 0x00000244703ee808 code [0x00000244703ee940, 0x00000244703ef008]
Event: 0.327 Thread 0x000002444d16e670  942       4       sun.util.locale.BaseLocale::hashCode (169 bytes)
Event: 0.327 Thread 0x000002444d14bf40  953       3       java.lang.invoke.MethodTypeForm::canonicalizeAll (63 bytes)
Event: 0.327 Thread 0x000002444d14bf40 nmethod 953 0x000002446895c408 code [0x000002446895c560, 0x000002446895cb48]
Event: 0.327 Thread 0x000002444d14bf40  954       1       java.lang.invoke.DirectMethodHandle::internalMemberName (5 bytes)
Event: 0.327 Thread 0x000002444d14bf40 nmethod 954 0x00000244703ef088 code [0x00000244703ef1a0, 0x00000244703ef270]
Event: 0.329 Thread 0x000002444d72d560  956       1       java.lang.invoke.MethodType::rtype (5 bytes)
Event: 0.329 Thread 0x000002444d72d560 nmethod 956 0x00000244703ef388 code [0x00000244703ef4a0, 0x00000244703ef570]
Event: 0.331 Thread 0x000002444d16e670 nmethod 942 0x00000244703ef688 code [0x00000244703ef800, 0x00000244703efd68]
Event: 0.331 Thread 0x000002444d16e670  943       4       sun.util.locale.LocaleUtils::toLowerString (95 bytes)
Event: 0.332 Thread 0x000002444d72d560  959       3       java.lang.AbstractStringBuilder::append (77 bytes)
Event: 0.332 Thread 0x000002444d14bf40  960       3       sun.net.www.protocol.file.Handler::parseURL (18 bytes)
Event: 0.332 Thread 0x000002444d01cfd0  961       3       java.net.URLStreamHandler::parseURL (1124 bytes)
Event: 0.333 Thread 0x000002444d72d560 nmethod 959 0x000002446895cb88 code [0x000002446895cd20, 0x000002446895d3b8]
Event: 0.333 Thread 0x000002444d14bf40 nmethod 960 0x000002446895d488 code [0x000002446895d5c0, 0x000002446895d780]
Event: 0.334 Thread 0x000002444d14bf40  962       3       java.lang.Record::<init> (5 bytes)
Event: 0.334 Thread 0x000002444d0179b0 nmethod 940 0x00000244703efe08 code [0x00000244703eff80, 0x00000244703f0be0]

GC Heap History (0 events):
No events

Dll operation events (12 events):
Event: 0.008 Loaded shared library C:\Users\HP\.jdks\openjdk-23\bin\java.dll
Event: 0.033 Loaded shared library C:\Users\HP\.jdks\openjdk-23\bin\jsvml.dll
Event: 0.064 Loaded shared library C:\Users\HP\.jdks\openjdk-23\bin\zip.dll
Event: 0.067 Loaded shared library C:\Users\HP\.jdks\openjdk-23\bin\instrument.dll
Event: 0.071 Loaded shared library C:\Users\HP\.jdks\openjdk-23\bin\net.dll
Event: 0.072 Loaded shared library C:\Users\HP\.jdks\openjdk-23\bin\nio.dll
Event: 0.075 Loaded shared library C:\Users\HP\.jdks\openjdk-23\bin\zip.dll
Event: 0.085 Loaded shared library C:\Users\HP\JetBrains\IntelliJ IDEA 2024.2.1\bin\breakgen64.dll
Event: 0.091 Loaded shared library C:\Users\HP\.jdks\openjdk-23\bin\extnet.dll
Event: 0.161 Loaded shared library C:\Users\HP\.jdks\openjdk-23\bin\jimage.dll
Event: 0.200 Loaded shared library C:\Users\HP\AppData\Local\Temp\jansi-2.4.1-e17024e685a906c6-jansi.dll
Event: 0.209 Loaded shared library C:\Users\HP\.jdks\openjdk-23\bin\verify.dll

Deoptimization events (20 events):
Event: 0.246 Thread 0x000002445de76f50 DEOPT PACKING pc=0x00000244703dbb90 sp=0x00000083a5afeca0
Event: 0.246 Thread 0x000002445de76f50 DEOPT UNPACKING pc=0x000002446fcc4402 sp=0x00000083a5afec40 mode 2
Event: 0.261 Thread 0x000002445de76f50 DEOPT PACKING pc=0x000002446888ec41 sp=0x00000083a5afe970
Event: 0.261 Thread 0x000002445de76f50 DEOPT UNPACKING pc=0x000002446fcc4b22 sp=0x00000083a5afdde0 mode 0
Event: 0.269 Thread 0x000002445de76f50 DEOPT PACKING pc=0x000002446888ec41 sp=0x00000083a5afe3e0
Event: 0.269 Thread 0x000002445de76f50 DEOPT UNPACKING pc=0x000002446fcc4b22 sp=0x00000083a5afd868 mode 0
Event: 0.280 Thread 0x000002445de76f50 DEOPT PACKING pc=0x0000024468857de8 sp=0x00000083a5afdd80
Event: 0.280 Thread 0x000002445de76f50 DEOPT UNPACKING pc=0x000002446fcc4b22 sp=0x00000083a5afd240 mode 0
Event: 0.287 Thread 0x000002445de76f50 DEOPT PACKING pc=0x000002446888ec41 sp=0x00000083a5afa360
Event: 0.287 Thread 0x000002445de76f50 DEOPT UNPACKING pc=0x000002446fcc4b22 sp=0x00000083a5af97d0 mode 0
Event: 0.292 Thread 0x000002445de76f50 DEOPT PACKING pc=0x000002446888b88d sp=0x00000083a5afdcf0
Event: 0.292 Thread 0x000002445de76f50 DEOPT UNPACKING pc=0x000002446fcc4b22 sp=0x00000083a5afd140 mode 0
Event: 0.330 Thread 0x000002445de76f50 Uncommon trap: trap_request=0xffffff45 fr.pc=0x00000244703c9490 relative=0x00000000000004d0
Event: 0.330 Thread 0x000002445de76f50 Uncommon trap: reason=unstable_if action=reinterpret pc=0x00000244703c9490 method=java.lang.StringLatin1.canEncode(C)Z @ 4 c2
Event: 0.330 Thread 0x000002445de76f50 DEOPT PACKING pc=0x00000244703c9490 sp=0x00000083a5afe4d0
Event: 0.330 Thread 0x000002445de76f50 DEOPT UNPACKING pc=0x000002446fcc4402 sp=0x00000083a5afe400 mode 2
Event: 0.330 Thread 0x000002445de76f50 Uncommon trap: trap_request=0xffffff45 fr.pc=0x00000244703ca860 relative=0x00000000000004a0
Event: 0.330 Thread 0x000002445de76f50 Uncommon trap: reason=unstable_if action=reinterpret pc=0x00000244703ca860 method=java.lang.AbstractStringBuilder.isLatin1()Z @ 10 c2
Event: 0.330 Thread 0x000002445de76f50 DEOPT PACKING pc=0x00000244703ca860 sp=0x00000083a5afe4f0
Event: 0.330 Thread 0x000002445de76f50 DEOPT UNPACKING pc=0x000002446fcc4402 sp=0x00000083a5afe480 mode 2

Classes loaded (20 events):
Event: 0.301 Loading class java/util/concurrent/locks/ReentrantReadWriteLock$Sync done
Event: 0.301 Loading class java/util/concurrent/locks/ReentrantReadWriteLock$NonfairSync done
Event: 0.301 Loading class java/util/concurrent/locks/ReentrantReadWriteLock$Sync$ThreadLocalHoldCounter
Event: 0.301 Loading class java/util/concurrent/locks/ReentrantReadWriteLock$Sync$ThreadLocalHoldCounter done
Event: 0.301 Loading class java/util/concurrent/locks/ReentrantReadWriteLock$ReadLock
Event: 0.301 Loading class java/util/concurrent/locks/ReentrantReadWriteLock$ReadLock done
Event: 0.301 Loading class java/util/concurrent/locks/ReentrantReadWriteLock$WriteLock
Event: 0.301 Loading class java/util/concurrent/locks/ReentrantReadWriteLock$WriteLock done
Event: 0.304 Loading class java/text/ParseException
Event: 0.304 Loading class java/text/ParseException done
Event: 0.310 Loading class sun/util/calendar/ZoneInfoFile$Checksum
Event: 0.310 Loading class sun/util/calendar/ZoneInfoFile$Checksum done
Event: 0.311 Loading class jdk/internal/module/ModulePatcher$PatchedModuleReader
Event: 0.312 Loading class jdk/internal/module/ModulePatcher$PatchedModuleReader done
Event: 0.312 Loading class sun/net/www/protocol/jrt/Handler
Event: 0.312 Loading class sun/net/www/protocol/jrt/Handler done
Event: 0.329 Loading class sun/text/resources/cldr/FormatData_en
Event: 0.329 Loading class sun/text/resources/cldr/FormatData_en done
Event: 0.329 Loading class sun/text/resources/cldr/FormatData_en_US
Event: 0.329 Loading class sun/text/resources/cldr/FormatData_en_US done

Classes unloaded (0 events):
No events

Classes redefined (0 events):
No events

Internal exceptions (11 events):
Event: 0.083 Thread 0x000002445de76f50 Exception <a 'java/lang/NoSuchMethodError'{0x00000006296ccef0}: 'java.lang.Object java.lang.invoke.Invokers$Holder.invokeExact_MT(java.lang.Object, java.lang.Object, java.lang.Object, java.lang.Object, java.lang.Object)'> (0x00000006296ccef0) 
thrown [s\open\src\hotspot\share\interpreter\linkResolver.cpp, line 796]
Event: 0.092 Thread 0x000002444d290f20 Exception <a 'java/lang/NoSuchMethodError'{0x00000006297e04a0}: 'void java.lang.invoke.DirectMethodHandle$Holder.invokeStatic(java.lang.Object, java.lang.Object)'> (0x00000006297e04a0) 
thrown [s\open\src\hotspot\share\interpreter\linkResolver.cpp, line 796]
Event: 0.103 Thread 0x000002445de76f50 Exception <a 'java/lang/NoSuchMethodError'{0x0000000629067528}: 'int java.lang.invoke.DirectMethodHandle$Holder.invokeSpecial(java.lang.Object, java.lang.Object, java.lang.Object)'> (0x0000000629067528) 
thrown [s\open\src\hotspot\share\interpreter\linkResolver.cpp, line 796]
Event: 0.158 Thread 0x000002445de76f50 Exception <a 'java/lang/NullPointerException'{0x00000006292e0578}> (0x00000006292e0578) 
thrown [s\open\src\hotspot\share\interpreter\linkResolver.cpp, line 1389]
Event: 0.166 Thread 0x000002445de76f50 Exception <a 'sun/nio/fs/WindowsException'{0x0000000629302878}> (0x0000000629302878) 
thrown [s\open\src\hotspot\share\prims\jni.cpp, line 520]
Event: 0.208 Thread 0x000002445de76f50 Exception <a 'sun/nio/fs/WindowsException'{0x00000006293cc948}> (0x00000006293cc948) 
thrown [s\open\src\hotspot\share\prims\jni.cpp, line 520]
Event: 0.208 Thread 0x000002445de76f50 Exception <a 'sun/nio/fs/WindowsException'{0x00000006293ccfe8}> (0x00000006293ccfe8) 
thrown [s\open\src\hotspot\share\prims\jni.cpp, line 520]
Event: 0.208 Thread 0x000002445de76f50 Exception <a 'sun/nio/fs/WindowsException'{0x00000006293cd550}> (0x00000006293cd550) 
thrown [s\open\src\hotspot\share\prims\jni.cpp, line 520]
Event: 0.208 Thread 0x000002445de76f50 Exception <a 'sun/nio/fs/WindowsException'{0x00000006293cda10}> (0x00000006293cda10) 
thrown [s\open\src\hotspot\share\prims\jni.cpp, line 520]
Event: 0.216 Thread 0x000002445de76f50 Exception <a 'java/lang/NoSuchMethodError'{0x0000000628c1b550}: 'void java.lang.invoke.DirectMethodHandle$Holder.invokeStaticInit(java.lang.Object, java.lang.Object)'> (0x0000000628c1b550) 
thrown [s\open\src\hotspot\share\interpreter\linkResolver.cpp, line 796]
Event: 0.283 Thread 0x000002445de76f50 Exception <a 'java/lang/NoSuchMethodError'{0x0000000628dcdce8}: 'java.lang.Object java.lang.invoke.DirectMethodHandle$Holder.invokeSpecialIFC(java.lang.Object, java.lang.Object, java.lang.Object, java.lang.Object)'> (0x0000000628dcdce8) 
thrown [s\open\src\hotspot\share\interpreter\linkResolver.cpp, line 796]

VM Operations (6 events):
Event: 0.054 Executing VM operation: HandshakeAllThreads (Deoptimize)
Event: 0.054 Executing VM operation: HandshakeAllThreads (Deoptimize) done
Event: 0.157 Executing VM operation: HandshakeAllThreads (Deoptimize)
Event: 0.157 Executing VM operation: HandshakeAllThreads (Deoptimize) done
Event: 0.164 Executing VM operation: HandshakeAllThreads (Deoptimize)
Event: 0.164 Executing VM operation: HandshakeAllThreads (Deoptimize) done

Memory protections (0 events):
No events

Nmethod flushes (0 events):
No events

Events (18 events):
Event: 0.021 Thread 0x000002445de76f50 Thread added: 0x000002445de76f50
Event: 0.031 Thread 0x000002445de76f50 Thread added: 0x000002444d0052b0
Event: 0.031 Thread 0x000002445de76f50 Thread added: 0x000002444d006280
Event: 0.031 Thread 0x000002445de76f50 Thread added: 0x000002444d00b470
Event: 0.031 Thread 0x000002445de76f50 Thread added: 0x000002444d00dee0
Event: 0.031 Thread 0x000002445de76f50 Thread added: 0x000002444d00eca0
Event: 0.031 Thread 0x000002445de76f50 Thread added: 0x000002444d010640
Event: 0.031 Thread 0x000002445de76f50 Thread added: 0x000002444d0179b0
Event: 0.031 Thread 0x000002445de76f50 Thread added: 0x000002444d01cfd0
Event: 0.049 Thread 0x000002445de76f50 Thread added: 0x000002444d11abd0
Event: 0.054 Thread 0x000002444d01cfd0 Thread added: 0x000002444d14bf40
Event: 0.055 Thread 0x000002444d14bf40 Thread added: 0x000002444d1578d0
Event: 0.059 Thread 0x000002444d14bf40 Thread added: 0x000002444d16e670
Event: 0.086 Thread 0x000002445de76f50 Thread added: 0x000002444d290f20
Event: 0.086 Thread 0x000002445de76f50 Thread added: 0x000002444d292b70
Event: 0.160 Thread 0x000002445de76f50 Thread added: 0x000002444d629230
Event: 0.167 Thread 0x000002444d629230 Thread exited: 0x000002444d629230
Event: 0.307 Thread 0x000002444d0179b0 Thread added: 0x000002444d72d560


Dynamic libraries:
0x00007ff6a3ec0000 - 0x00007ff6a3ed0000 	C:\Users\HP\.jdks\openjdk-23\bin\java.exe
0x00007ffd12350000 - 0x00007ffd12548000 	C:\Windows\SYSTEM32\ntdll.dll
0x00007ffd11b10000 - 0x00007ffd11bd2000 	C:\Windows\System32\KERNEL32.DLL
0x00007ffd0fb30000 - 0x00007ffd0fe2f000 	C:\Windows\System32\KERNELBASE.dll
0x00007ffd0cfd0000 - 0x00007ffd0d064000 	C:\Windows\SYSTEM32\apphelp.dll
0x00007ffd0ff50000 - 0x00007ffd10050000 	C:\Windows\System32\ucrtbase.dll
0x00007ffcdf7f0000 - 0x00007ffcdf807000 	C:\Users\HP\.jdks\openjdk-23\bin\jli.dll
0x00007ffcdf7d0000 - 0x00007ffcdf7eb000 	C:\Users\HP\.jdks\openjdk-23\bin\VCRUNTIME140.dll
0x00007ffd11de0000 - 0x00007ffd11f7d000 	C:\Windows\System32\USER32.dll
0x00007ffcfb0e0000 - 0x00007ffcfb37a000 	C:\Windows\WinSxS\amd64_microsoft.windows.common-controls_6595b64144ccf1df_6.0.19041.4355_none_60b8b9eb71f62e16\COMCTL32.dll
0x00007ffd0fa90000 - 0x00007ffd0fab2000 	C:\Windows\System32\win32u.dll
0x00007ffd10370000 - 0x00007ffd1040e000 	C:\Windows\System32\msvcrt.dll
0x00007ffd11650000 - 0x00007ffd1167b000 	C:\Windows\System32\GDI32.dll
0x00007ffd0fe30000 - 0x00007ffd0ff4a000 	C:\Windows\System32\gdi32full.dll
0x00007ffd0f9f0000 - 0x00007ffd0fa8d000 	C:\Windows\System32\msvcp_win.dll
0x00007ffd111f0000 - 0x00007ffd1121f000 	C:\Windows\System32\IMM32.DLL
0x00007ffd0cef0000 - 0x00007ffd0cefc000 	C:\Users\HP\.jdks\openjdk-23\bin\vcruntime140_1.dll
0x00007ffcd3ed0000 - 0x00007ffcd3f5e000 	C:\Users\HP\.jdks\openjdk-23\bin\msvcp140.dll
0x00007ffc6e6e0000 - 0x00007ffc6f42f000 	C:\Users\HP\.jdks\openjdk-23\bin\server\jvm.dll
0x00007ffd113d0000 - 0x00007ffd1147f000 	C:\Windows\System32\ADVAPI32.dll
0x00007ffd11cc0000 - 0x00007ffd11d5f000 	C:\Windows\System32\sechost.dll
0x00007ffd107d0000 - 0x00007ffd108f3000 	C:\Windows\System32\RPCRT4.dll
0x00007ffd100e0000 - 0x00007ffd10107000 	C:\Windows\System32\bcrypt.dll
0x00007ffd10a10000 - 0x00007ffd10a7b000 	C:\Windows\System32\WS2_32.dll
0x00007ffd0ef30000 - 0x00007ffd0ef7b000 	C:\Windows\SYSTEM32\POWRPROF.dll
0x00007ffd05320000 - 0x00007ffd05347000 	C:\Windows\SYSTEM32\WINMM.dll
0x00007ffd07810000 - 0x00007ffd0781a000 	C:\Windows\SYSTEM32\VERSION.dll
0x00007ffd0edf0000 - 0x00007ffd0ee02000 	C:\Windows\SYSTEM32\UMPDC.dll
0x00007ffd0d870000 - 0x00007ffd0d882000 	C:\Windows\SYSTEM32\kernel.appcore.dll
0x00007ffce3b00000 - 0x00007ffce3b0a000 	C:\Users\HP\.jdks\openjdk-23\bin\jimage.dll
0x00007ffd01530000 - 0x00007ffd01714000 	C:\Windows\SYSTEM32\DBGHELP.DLL
0x00007ffcf3510000 - 0x00007ffcf3544000 	C:\Windows\SYSTEM32\dbgcore.DLL
0x00007ffd10050000 - 0x00007ffd100d2000 	C:\Windows\System32\bcryptPrimitives.dll
0x00007ffcdf790000 - 0x00007ffcdf79f000 	C:\Users\HP\.jdks\openjdk-23\bin\instrument.dll
0x00007ffcdc300000 - 0x00007ffcdc31e000 	C:\Users\HP\.jdks\openjdk-23\bin\java.dll
0x00007ffd12060000 - 0x00007ffd1218b000 	C:\Windows\System32\ole32.dll
0x00007ffd10410000 - 0x00007ffd10765000 	C:\Windows\System32\combase.dll
0x00007ffd10a80000 - 0x00007ffd111ed000 	C:\Windows\System32\SHELL32.dll
0x00007ffd0da70000 - 0x00007ffd0e214000 	C:\Windows\SYSTEM32\windows.storage.dll
0x00007ffd0f420000 - 0x00007ffd0f44f000 	C:\Windows\SYSTEM32\Wldp.dll
0x00007ffd12240000 - 0x00007ffd1230d000 	C:\Windows\System32\OLEAUT32.dll
0x00007ffd10900000 - 0x00007ffd109ad000 	C:\Windows\System32\SHCORE.dll
0x00007ffd109b0000 - 0x00007ffd10a05000 	C:\Windows\System32\shlwapi.dll
0x00007ffd0f920000 - 0x00007ffd0f944000 	C:\Windows\SYSTEM32\profapi.dll
0x00007ffcd2440000 - 0x00007ffcd2517000 	C:\Users\HP\.jdks\openjdk-23\bin\jsvml.dll
0x00007ffcd81a0000 - 0x00007ffcd81b7000 	C:\Users\HP\.jdks\openjdk-23\bin\zip.dll
0x00007ffcdc930000 - 0x00007ffcdc940000 	C:\Users\HP\.jdks\openjdk-23\bin\net.dll
0x00007ffd0f180000 - 0x00007ffd0f1ec000 	C:\Windows\system32\mswsock.dll
0x00007ffcd8160000 - 0x00007ffcd8176000 	C:\Users\HP\.jdks\openjdk-23\bin\nio.dll
0x00007ffd0c380000 - 0x00007ffd0c39a000 	C:\Users\HP\JetBrains\IntelliJ IDEA 2024.2.1\bin\breakgen64.dll
0x00007ffcdc2f0000 - 0x00007ffcdc2f9000 	C:\Users\HP\.jdks\openjdk-23\bin\extnet.dll
0x00007ffceff90000 - 0x00007ffceffb4000 	C:\Users\HP\AppData\Local\Temp\jansi-2.4.1-e17024e685a906c6-jansi.dll
0x00007ffcda5d0000 - 0x00007ffcda5e0000 	C:\Users\HP\.jdks\openjdk-23\bin\verify.dll

dbghelp: loaded successfully - version: 4.0.5 - missing functions: none
symbol engine: initialized successfully - sym options: 0x614 - pdb path: .;C:\Users\HP\.jdks\openjdk-23\bin;C:\Windows\SYSTEM32;C:\Windows\WinSxS\amd64_microsoft.windows.common-controls_6595b64144ccf1df_6.0.19041.4355_none_60b8b9eb71f62e16;C:\Users\HP\.jdks\openjdk-23\bin\server;C:\Users\HP\JetBrains\IntelliJ IDEA 2024.2.1\bin;C:\Users\HP\AppData\Local\Temp

VM Arguments:
jvm_args: -Dmaven.multiModuleProjectDirectory=D:\telechargement\event\event -Djansi.passthrough=true -Dmaven.home=C:\Users\HP\JetBrains\IntelliJ IDEA 2024.2.1\plugins\maven\lib\maven3 -Dclassworlds.conf=C:\Users\HP\JetBrains\IntelliJ IDEA 2024.2.1\plugins\maven\lib\maven3\bin\m2.conf -Dmaven.ext.class.path=C:\Users\HP\JetBrains\IntelliJ IDEA 2024.2.1\plugins\maven\lib\maven-event-listener.jar -javaagent:C:\Users\HP\JetBrains\IntelliJ IDEA 2024.2.1\lib\idea_rt.jar=58036:C:\Users\HP\JetBrains\IntelliJ IDEA 2024.2.1\bin -Dfile.encoding=UTF-8 -Dsun.stdout.encoding=UTF-8 -Dsun.stderr.encoding=UTF-8 
java_command: org.codehaus.classworlds.Launcher -Didea.version=2024.2.1 org.openjfx:javafx-maven-plugin:0.0.8:run
java_class_path (initial): C:\Users\HP\JetBrains\IntelliJ IDEA 2024.2.1\plugins\maven\lib\maven3\boot\plexus-classworlds-2.8.0.jar;C:\Users\HP\JetBrains\IntelliJ IDEA 2024.2.1\plugins\maven\lib\maven3\boot\plexus-classworlds.license
Launcher Type: SUN_STANDARD

[Global flags]
     intx CICompilerCount                          = 12                                        {product} {ergonomic}
     uint ConcGCThreads                            = 3                                         {product} {ergonomic}
     uint G1ConcRefinementThreads                  = 13                                        {product} {ergonomic}
   size_t G1HeapRegionSize                         = 4194304                                   {product} {ergonomic}
   size_t InitialHeapSize                          = 528482304                                 {product} {ergonomic}
   size_t MarkStackSize                            = 4194304                                   {product} {ergonomic}
   size_t MarkStackSizeMax                         = 536870912                                 {product} {ergonomic}
   size_t MaxHeapSize                              = 8422162432                                {product} {ergonomic}
   size_t MaxNewSize                               = 5049942016                                {product} {ergonomic}
   size_t MinHeapDeltaBytes                        = 4194304                                   {product} {ergonomic}
   size_t MinHeapSize                              = 8388608                                   {product} {ergonomic}
    uintx NonNMethodCodeHeapSize                   = 7602176                                {pd product} {ergonomic}
    uintx NonProfiledCodeHeapSize                  = 122093568                              {pd product} {ergonomic}
    uintx ProfiledCodeHeapSize                     = 121962496                              {pd product} {ergonomic}
    uintx ReservedCodeCacheSize                    = 251658240                              {pd product} {ergonomic}
     bool SegmentedCodeCache                       = true                                      {product} {ergonomic}
   size_t SoftMaxHeapSize                          = 8422162432                             {manageable} {ergonomic}
     bool UseCompressedOops                        = true                           {product lp64_product} {ergonomic}
     bool UseG1GC                                  = true                                      {product} {ergonomic}
     bool UseLargePagesIndividualAllocation        = false                                  {pd product} {ergonomic}

Logging:
Log output configuration:
 #0: stdout all=warning uptime,level,tags foldmultilines=false
 #1: stderr all=off uptime,level,tags foldmultilines=false

Environment Variables:
JAVA_HOME=C:\Program Files\Java\jdk-22
PATH=C:\Program Files (x86)\VMware\VMware Player\bin\;C:\Python312\Scripts\;C:\Python312\;C:\oraclexe\app\oracle\product\11.2.0\server\bin;C:\oraclexe\app\oracle\product\11.2.0\server\bin;C:\Program Files (x86)\Common Files\Intel\Shared Libraries\redist\intel64\compiler;C:\Windows\system32;C:\Windows;C:\Windows\System32\Wbem;C:\Windows\System32\WindowsPowerShell\v1.0\;C:\Windows\System32\OpenSSH\;C:\Program Files\NVIDIA Corporation\NVIDIA NvDLISR;C:\Program Files\Git\cmd;C:\instantclient12_2;C:\oraclexe\app\oracle\admin\XE;C:\oraclexe;D:\xampp\php;C:\Program Files\nodejs\;C:\ProgramData\chocolatey\bin;C:\Users\HP\scoop\shims;C:\Users\HP\AppData\Local\Microsoft\WindowsApps;C:\Users\HP\AppData\Local\Programs\Microsoft VS Code\bin;C:\Users\HP\AppData\Local\GitHubDesktop\bin;C:\Users\HP\AppData\Roaming\npm;C:\xampp\php;C:\Users\HP\AppData\Local\ComposerSetup\bin;C:\Users\HP\AppData\Roaming\Composer\vendor\bin;C:\Program Files\JetBrains\IntelliJ IDEA 2024.2.3\bin
USERNAME=HP
OS=Windows_NT
PROCESSOR_IDENTIFIER=AMD64 Family 23 Model 96 Stepping 1, AuthenticAMD
TMP=C:\Users\HP\AppData\Local\Temp
TEMP=C:\Users\HP\AppData\Local\Temp




Periodic native trim disabled

---------------  S Y S T E M  ---------------

OS:
 Windows 10 , 64 bit Build 19041 (10.0.19041.5438)
OS uptime: 2 days 22:41 hours

CPU: total 16 (initial active 16) (16 cores per cpu, 2 threads per core) family 23 model 96 stepping 1 microcode 0x0, cx8, cmov, fxsr, ht, mmx, 3dnowpref, sse, sse2, sse3, ssse3, sse4a, sse4.1, sse4.2, popcnt, lzcnt, tsc, tscinvbit, avx, avx2, aes, clmul, bmi1, bmi2, adx, sha, fma, vzeroupper, clflush, clflushopt, rdtscp, rdpid, f16c
Processor Information for processor 0
  Max Mhz: 2900, Current Mhz: 2900, Mhz Limit: 2900
Processor Information for processor 1
  Max Mhz: 2900, Current Mhz: 2900, Mhz Limit: 2900
Processor Information for processor 2
  Max Mhz: 2900, Current Mhz: 2900, Mhz Limit: 2900
Processor Information for processor 3
  Max Mhz: 2900, Current Mhz: 2900, Mhz Limit: 2900
Processor Information for processor 4
  Max Mhz: 2900, Current Mhz: 2900, Mhz Limit: 2900
Processor Information for processor 5
  Max Mhz: 2900, Current Mhz: 2900, Mhz Limit: 2900
Processor Information for processor 6
  Max Mhz: 2900, Current Mhz: 2900, Mhz Limit: 2900
Processor Information for processor 7
  Max Mhz: 2900, Current Mhz: 2900, Mhz Limit: 2900
Processor Information for processor 8
  Max Mhz: 2900, Current Mhz: 1400, Mhz Limit: 2900
Processor Information for processor 9
  Max Mhz: 2900, Current Mhz: 1400, Mhz Limit: 2900
Processor Information for processor 10
  Max Mhz: 2900, Current Mhz: 1400, Mhz Limit: 2900
Processor Information for processor 11
  Max Mhz: 2900, Current Mhz: 1400, Mhz Limit: 2900
Processor Information for processor 12
  Max Mhz: 2900, Current Mhz: 1400, Mhz Limit: 2900
Processor Information for processor 13
  Max Mhz: 2900, Current Mhz: 1400, Mhz Limit: 2900
Processor Information for processor 14
  Max Mhz: 2900, Current Mhz: 1400, Mhz Limit: 2900
Processor Information for processor 15
  Max Mhz: 2900, Current Mhz: 1400, Mhz Limit: 2900

Memory: 4k page, system-wide physical 32115M (15083M free)
TotalPageFile size 47298M (AvailPageFile size 4M)
current process WorkingSet (physical memory assigned to process): 63M, peak: 63M
current process commit charge ("private bytes"): 617M, peak: 617M

vm_info: Java HotSpot(TM) 64-Bit Server VM (23+37-2369) for windows-amd64 JRE (23+37-2369), built on 2024-08-20T16:01:23Z with MS VC++ 17.6 (VS2022)

END.
